<?xml version="1.0" encoding="utf-8"?>
<coverage line-rate="0.9447" branch-rate="0.9134" version="1.9" timestamp="1750667353" lines-covered="171" lines-valid="181" branches-covered="95" branches-valid="104">
  <sources>
    <source>/home/runner/work/DKNet/DKNet/Services/DKNet.Svc.Transformation/</source>
  </sources>
  <packages>
    <package name="DKNet.Svc.Transformation" line-rate="0.9447" branch-rate="0.9134" complexity="141">
      <classes>
        <class name="Microsoft.Extensions.DependencyInjection.TransformSetup" filename="TransformSetup.cs" line-rate="1" branch-rate="0.5" complexity="2">
          <methods>
            <method name="AddTransformerService" signature="(Microsoft.Extensions.DependencyInjection.IServiceCollection,System.Action`1&lt;DKNet.Svc.Transformation.TransformOptions&gt;)" line-rate="1" branch-rate="0.5" complexity="2">
              <lines>
                <line number="11" hits="1" branch="False" />
                <line number="12" hits="1" branch="False" />
                <line number="13" hits="1" branch="False" />
                <line number="14" hits="1" branch="True" condition-coverage="50% (1/2)">
                  <conditions>
                    <condition number="14" type="jump" coverage="50%" />
                  </conditions>
                </line>
                <line number="15" hits="1" branch="False" />
                <line number="16" hits="1" branch="False" />
                <line number="17" hits="2" branch="False" />
              </lines>
            </method>
          </methods>
          <lines>
            <line number="11" hits="1" branch="False" />
            <line number="12" hits="1" branch="False" />
            <line number="13" hits="1" branch="False" />
            <line number="14" hits="1" branch="True" condition-coverage="50% (1/2)">
              <conditions>
                <condition number="14" type="jump" coverage="50%" />
              </conditions>
            </line>
            <line number="15" hits="1" branch="False" />
            <line number="16" hits="1" branch="False" />
            <line number="17" hits="2" branch="False" />
          </lines>
        </class>
        <class name="DKNet.Svc.Transformation.TransformerService" filename="TransformerService.cs" line-rate="0.9333" branch-rate="0.875" complexity="10">
          <methods>
            <method name="TryGetAndCacheValue" signature="(DKNet.Svc.Transformation.TokenExtractors.IToken,System.Object[])" line-rate="1" branch-rate="0.5" complexity="2">
              <lines>
                <line number="57" hits="14964" branch="True" condition-coverage="50% (1/2)">
                  <conditions>
                    <condition number="38" type="jump" coverage="50%" />
                  </conditions>
                </line>
                <line number="58" hits="14964" branch="False" />
                <line number="59" hits="14964" branch="False" />
                <line number="60" hits="14964" branch="False" />
              </lines>
            </method>
            <method name="TryGetValue" signature="(DKNet.Svc.Transformation.TokenExtractors.IToken,System.Object[])" line-rate="1" branch-rate="1" complexity="6">
              <lines>
                <line number="85" hits="14964" branch="False" />
                <line number="86" hits="14964" branch="False" />
                <line number="88" hits="14964" branch="True" condition-coverage="100% (2/2)">
                  <conditions>
                    <condition number="10" type="jump" coverage="100%" />
                  </conditions>
                </line>
                <line number="89" hits="14963" branch="False" />
                <line number="91" hits="14964" branch="True" condition-coverage="100% (4/4)">
                  <conditions>
                    <condition number="32" type="jump" coverage="100%" />
                    <condition number="56" type="jump" coverage="100%" />
                  </conditions>
                </line>
                <line number="92" hits="2" branch="False" />
                <line number="94" hits="14964" branch="False" />
                <line number="95" hits="14964" branch="False" />
              </lines>
            </method>
            <method name="ClearCache" signature="()" line-rate="0" branch-rate="1" complexity="1">
              <lines>
                <line number="97" hits="0" branch="False" />
              </lines>
            </method>
            <method name=".ctor" signature="(DKNet.Svc.Transformation.TransformOptions)" line-rate="1" branch-rate="1" complexity="1">
              <lines>
                <line number="8" hits="7" branch="False" />
                <line number="10" hits="7" branch="False" />
              </lines>
            </method>
          </methods>
          <lines>
            <line number="57" hits="14964" branch="True" condition-coverage="50% (1/2)">
              <conditions>
                <condition number="38" type="jump" coverage="50%" />
              </conditions>
            </line>
            <line number="58" hits="14964" branch="False" />
            <line number="59" hits="14964" branch="False" />
            <line number="60" hits="14964" branch="False" />
            <line number="85" hits="14964" branch="False" />
            <line number="86" hits="14964" branch="False" />
            <line number="88" hits="14964" branch="True" condition-coverage="100% (2/2)">
              <conditions>
                <condition number="10" type="jump" coverage="100%" />
              </conditions>
            </line>
            <line number="89" hits="14963" branch="False" />
            <line number="91" hits="14964" branch="True" condition-coverage="100% (4/4)">
              <conditions>
                <condition number="32" type="jump" coverage="100%" />
                <condition number="56" type="jump" coverage="100%" />
              </conditions>
            </line>
            <line number="92" hits="2" branch="False" />
            <line number="94" hits="14964" branch="False" />
            <line number="95" hits="14964" branch="False" />
            <line number="97" hits="0" branch="False" />
            <line number="8" hits="7" branch="False" />
            <line number="10" hits="7" branch="False" />
          </lines>
        </class>
        <class name="DKNet.Svc.Transformation.TransformerService/&lt;&gt;c" filename="TransformerService.cs" line-rate="1" branch-rate="1" complexity="3">
          <methods>
            <method name="&lt;TransformAsync&gt;b__3_1" signature="(System.Collections.Generic.IEnumerable`1&lt;DKNet.Svc.Transformation.TokenExtractors.IToken&gt;)" line-rate="1" branch-rate="1" complexity="1">
              <lines>
                <line number="16" hits="24" branch="False" />
              </lines>
            </method>
            <method name="&lt;TransformAsync&gt;b__4_1" signature="(System.Collections.Generic.IEnumerable`1&lt;DKNet.Svc.Transformation.TokenExtractors.IToken&gt;)" line-rate="1" branch-rate="1" complexity="1">
              <lines>
                <line number="24" hits="4" branch="False" />
              </lines>
            </method>
            <method name="&lt;InternalTransformAsync&gt;b__5_0" signature="(DKNet.Svc.Transformation.TokenExtractors.IToken)" line-rate="1" branch-rate="1" complexity="1">
              <lines>
                <line number="35" hits="67352" branch="False" />
              </lines>
            </method>
          </methods>
          <lines>
            <line number="16" hits="24" branch="False" />
            <line number="24" hits="4" branch="False" />
            <line number="35" hits="67352" branch="False" />
          </lines>
        </class>
        <class name="DKNet.Svc.Transformation.TransformerService/&lt;&gt;c__DisplayClass3_0" filename="TransformerService.cs" line-rate="1" branch-rate="1" complexity="1">
          <methods>
            <method name="&lt;TransformAsync&gt;b__0" signature="(DKNet.Svc.Transformation.TokenExtractors.ITokenExtractor)" line-rate="1" branch-rate="1" complexity="1">
              <lines>
                <line number="14" hits="24" branch="False" />
              </lines>
            </method>
          </methods>
          <lines>
            <line number="14" hits="24" branch="False" />
          </lines>
        </class>
        <class name="DKNet.Svc.Transformation.TransformerService/&lt;&gt;c__DisplayClass4_0" filename="TransformerService.cs" line-rate="1" branch-rate="1" complexity="1">
          <methods>
            <method name="&lt;TransformAsync&gt;b__0" signature="(DKNet.Svc.Transformation.TokenExtractors.ITokenExtractor)" line-rate="1" branch-rate="1" complexity="1">
              <lines>
                <line number="22" hits="4" branch="False" />
              </lines>
            </method>
          </methods>
          <lines>
            <line number="22" hits="4" branch="False" />
          </lines>
        </class>
        <class name="DKNet.Svc.Transformation.TransformerService/&lt;&gt;c__DisplayClass7_0" filename="TransformerService.cs" line-rate="1" branch-rate="1" complexity="1">
          <methods>
            <method name="&lt;TryGetAndCacheValueAsync&gt;b__0" signature="(System.String)" line-rate="1" branch-rate="1" complexity="1">
              <lines>
                <line number="75" hits="7480" branch="False" />
              </lines>
            </method>
          </methods>
          <lines>
            <line number="75" hits="7480" branch="False" />
          </lines>
        </class>
        <class name="DKNet.Svc.Transformation.TransformerService/&lt;InternalTransformAsync&gt;d__5" filename="TransformerService.cs" line-rate="1" branch-rate="1" complexity="6">
          <methods>
            <method name="MoveNext" signature="()" line-rate="1" branch-rate="1" complexity="6">
              <lines>
                <line number="31" hits="7" branch="False" />
                <line number="32" hits="7" branch="False" />
                <line number="33" hits="7" branch="False" />
                <line number="36" hits="22444" branch="False" />
                <line number="37" hits="22444" branch="True" condition-coverage="100% (4/4)">
                  <conditions>
                    <condition number="250" type="jump" coverage="100%" />
                    <condition number="277" type="jump" coverage="100%" />
                  </conditions>
                </line>
                <line number="38" hits="22444" branch="False" />
                <line number="39" hits="22444" branch="False" />
                <line number="41" hits="22443" branch="False" />
                <line number="43" hits="22443" branch="False" />
                <line number="44" hits="22443" branch="False" />
                <line number="45" hits="22443" branch="False" />
                <line number="47" hits="6" branch="False" />
                <line number="48" hits="6" branch="False" />
              </lines>
            </method>
          </methods>
          <lines>
            <line number="31" hits="7" branch="False" />
            <line number="32" hits="7" branch="False" />
            <line number="33" hits="7" branch="False" />
            <line number="36" hits="22444" branch="False" />
            <line number="37" hits="22444" branch="True" condition-coverage="100% (4/4)">
              <conditions>
                <condition number="250" type="jump" coverage="100%" />
                <condition number="277" type="jump" coverage="100%" />
              </conditions>
            </line>
            <line number="38" hits="22444" branch="False" />
            <line number="39" hits="22444" branch="False" />
            <line number="41" hits="22443" branch="False" />
            <line number="43" hits="22443" branch="False" />
            <line number="44" hits="22443" branch="False" />
            <line number="45" hits="22443" branch="False" />
            <line number="47" hits="6" branch="False" />
            <line number="48" hits="6" branch="False" />
          </lines>
        </class>
        <class name="DKNet.Svc.Transformation.TransformerService/&lt;TransformAsync&gt;d__3" filename="TransformerService.cs" line-rate="1" branch-rate="1" complexity="1">
          <methods>
            <method name="MoveNext" signature="()" line-rate="1" branch-rate="1" complexity="1">
              <lines>
                <line number="13" hits="6" branch="False" />
                <line number="15" hits="6" branch="False" />
                <line number="17" hits="6" branch="False" />
                <line number="18" hits="5" branch="False" />
              </lines>
            </method>
          </methods>
          <lines>
            <line number="13" hits="6" branch="False" />
            <line number="15" hits="6" branch="False" />
            <line number="17" hits="6" branch="False" />
            <line number="18" hits="5" branch="False" />
          </lines>
        </class>
        <class name="DKNet.Svc.Transformation.TransformerService/&lt;TransformAsync&gt;d__4" filename="TransformerService.cs" line-rate="1" branch-rate="1" complexity="1">
          <methods>
            <method name="MoveNext" signature="()" line-rate="1" branch-rate="1" complexity="1">
              <lines>
                <line number="21" hits="1" branch="False" />
                <line number="23" hits="1" branch="False" />
                <line number="25" hits="1" branch="False" />
                <line number="26" hits="1" branch="False" />
              </lines>
            </method>
          </methods>
          <lines>
            <line number="21" hits="1" branch="False" />
            <line number="23" hits="1" branch="False" />
            <line number="25" hits="1" branch="False" />
            <line number="26" hits="1" branch="False" />
          </lines>
        </class>
        <class name="DKNet.Svc.Transformation.TransformerService/&lt;TryGetAndCacheValueAsync&gt;d__7" filename="TransformerService.cs" line-rate="1" branch-rate="0.75" complexity="4">
          <methods>
            <method name="MoveNext" signature="()" line-rate="1" branch-rate="0.75" complexity="4">
              <lines>
                <line number="70" hits="22444" branch="False" />
                <line number="71" hits="37408" branch="True" condition-coverage="100% (2/2)">
                  <conditions>
                    <condition number="37" type="jump" coverage="100%" />
                  </conditions>
                </line>
                <line number="72" hits="7480" branch="False" />
                <line number="73" hits="7480" branch="True" condition-coverage="50% (1/2)">
                  <conditions>
                    <condition number="209" type="jump" coverage="50%" />
                  </conditions>
                </line>
                <line number="74" hits="7480" branch="False" />
                <line number="76" hits="22444" branch="False" />
              </lines>
            </method>
          </methods>
          <lines>
            <line number="70" hits="22444" branch="False" />
            <line number="71" hits="37408" branch="True" condition-coverage="100% (2/2)">
              <conditions>
                <condition number="37" type="jump" coverage="100%" />
              </conditions>
            </line>
            <line number="72" hits="7480" branch="False" />
            <line number="73" hits="7480" branch="True" condition-coverage="50% (1/2)">
              <conditions>
                <condition number="209" type="jump" coverage="50%" />
              </conditions>
            </line>
            <line number="74" hits="7480" branch="False" />
            <line number="76" hits="22444" branch="False" />
          </lines>
        </class>
        <class name="DKNet.Svc.Transformation.TransformOptions" filename="TransformOptions.cs" line-rate="1" branch-rate="1" complexity="5">
          <methods>
            <method name="get_DisabledLocalCache" signature="()" line-rate="1" branch-rate="1" complexity="1">
              <lines>
                <line number="12" hits="22452" branch="False" />
              </lines>
            </method>
            <method name="get_Formatter" signature="()" line-rate="1" branch-rate="1" complexity="1">
              <lines>
                <line number="17" hits="22450" branch="False" />
              </lines>
            </method>
            <method name="get_TokenExtractors" signature="()" line-rate="1" branch-rate="1" complexity="1">
              <lines>
                <line number="22" hits="14" branch="False" />
              </lines>
            </method>
            <method name="get_TokenResolver" signature="()" line-rate="1" branch-rate="1" complexity="1">
              <lines>
                <line number="27" hits="14972" branch="False" />
              </lines>
            </method>
            <method name="get_GlobalParameters" signature="()" line-rate="1" branch-rate="1" complexity="1">
              <lines>
                <line number="33" hits="12" branch="False" />
              </lines>
            </method>
          </methods>
          <lines>
            <line number="12" hits="22452" branch="False" />
            <line number="17" hits="22450" branch="False" />
            <line number="22" hits="14" branch="False" />
            <line number="27" hits="14972" branch="False" />
            <line number="33" hits="12" branch="False" />
          </lines>
        </class>
        <class name="DKNet.Svc.Transformation.TokenResolvers.TokenResolver" filename="TokenResolvers/TokenResolver.cs" line-rate="0.8125" branch-rate="0.875" complexity="33">
          <methods>
            <method name="Resolve" signature="(DKNet.Svc.Transformation.TokenExtractors.IToken,System.Object[])" line-rate="0.9354" branch-rate="0.8665999999999999" complexity="30">
              <lines>
                <line number="19" hits="14970" branch="False" />
                <line number="20" hits="14970" branch="False" />
                <line number="22" hits="14969" branch="True" condition-coverage="50% (2/4)">
                  <conditions>
                    <condition number="20" type="jump" coverage="50%" />
                    <condition number="36" type="jump" coverage="50%" />
                  </conditions>
                </line>
                <line number="23" hits="0" branch="False" />
                <line number="25" hits="14969" branch="False" />
                <line number="27" hits="59888" branch="True" condition-coverage="100% (2/2)">
                  <conditions>
                    <condition number="407" type="jump" coverage="100%" />
                  </conditions>
                </line>
                <line number="28" hits="14974" branch="False" />
                <line number="29" hits="14976" branch="True" condition-coverage="100% (2/2)">
                  <conditions>
                    <condition number="84" type="jump" coverage="100%" />
                  </conditions>
                </line>
                <line number="31" hits="14972" branch="False" />
                <line number="33" hits="14972" branch="True" condition-coverage="100% (4/4)">
                  <conditions>
                    <condition number="109" type="jump" coverage="100%" />
                    <condition number="122" type="jump" coverage="100%" />
                  </conditions>
                </line>
                <line number="36" hits="3" branch="False" />
                <line number="37" hits="3" branch="True" condition-coverage="100% (2/2)">
                  <conditions>
                    <condition number="151" type="jump" coverage="100%" />
                  </conditions>
                </line>
                <line number="38" hits="1" branch="False" />
                <line number="39" hits="1" branch="False" />
                <line number="41" hits="4" branch="True" condition-coverage="100% (2/2)">
                  <conditions>
                    <condition number="183" type="jump" coverage="100%" />
                  </conditions>
                </line>
                <line number="42" hits="2" branch="True" condition-coverage="100% (2/2)">
                  <conditions>
                    <condition number="218" type="jump" coverage="100%" />
                  </conditions>
                </line>
                <line number="43" hits="2" branch="False" />
                <line number="46" hits="2" branch="False" />
                <line number="47" hits="7" branch="True" condition-coverage="100% (2/2)">
                  <conditions>
                    <condition number="328" type="jump" coverage="100%" />
                  </conditions>
                </line>
                <line number="48" hits="1" branch="False" />
                <line number="49" hits="1" branch="True" condition-coverage="100% (2/2)">
                  <conditions>
                    <condition number="273" type="jump" coverage="100%" />
                  </conditions>
                </line>
                <line number="50" hits="1" branch="True" condition-coverage="50% (1/2)">
                  <conditions>
                    <condition number="292" type="jump" coverage="50%" />
                  </conditions>
                </line>
                <line number="51" hits="2" branch="True" condition-coverage="50% (1/2)">
                  <conditions>
                    <condition number="316" type="jump" coverage="50%" />
                  </conditions>
                </line>
                <line number="52" hits="0" branch="False" />
                <line number="54" hits="2" branch="False" />
                <line number="57" hits="14967" branch="True" condition-coverage="100% (2/2)">
                  <conditions>
                    <condition number="362" type="jump" coverage="100%" />
                  </conditions>
                </line>
                <line number="58" hits="14967" branch="False" />
                <line number="61" hits="29937" branch="True" condition-coverage="100% (2/2)">
                  <conditions>
                    <condition number="388" type="jump" coverage="100%" />
                  </conditions>
                </line>
                <line number="62" hits="5" branch="False" />
                <line number="64" hits="2" branch="False" />
                <line number="65" hits="14968" branch="False" />
              </lines>
            </method>
            <method name="ResolveAsync" signature="(DKNet.Svc.Transformation.TokenExtractors.IToken,System.Object[])" line-rate="1" branch-rate="1" complexity="1">
              <lines>
                <line number="67" hits="6" branch="False" />
              </lines>
            </method>
            <method name="GetProperty" signature="(System.Object,System.String)" line-rate="0.5625" branch-rate="1" complexity="2">
              <lines>
                <line number="70" hits="14968" branch="False" />
                <line number="72" hits="14968" branch="False" />
                <line number="73" hits="14968" branch="True" condition-coverage="100% (2/2)">
                  <conditions>
                    <condition number="17" type="jump" coverage="100%" />
                  </conditions>
                </line>
                <line number="74" hits="14968" branch="False" />
                <line number="75" hits="14968" branch="False" />
                <line number="76" hits="14968" branch="False" />
                <line number="77" hits="14968" branch="False" />
                <line number="78" hits="14968" branch="False" />
                <line number="80" hits="0" branch="False" />
                <line number="81" hits="0" branch="False" />
                <line number="82" hits="0" branch="False" />
                <line number="83" hits="0" branch="False" />
                <line number="84" hits="0" branch="False" />
                <line number="85" hits="0" branch="False" />
                <line number="86" hits="0" branch="False" />
                <line number="88" hits="14968" branch="False" />
              </lines>
            </method>
          </methods>
          <lines>
            <line number="19" hits="14970" branch="False" />
            <line number="20" hits="14970" branch="False" />
            <line number="22" hits="14969" branch="True" condition-coverage="50% (2/4)">
              <conditions>
                <condition number="20" type="jump" coverage="50%" />
                <condition number="36" type="jump" coverage="50%" />
              </conditions>
            </line>
            <line number="23" hits="0" branch="False" />
            <line number="25" hits="14969" branch="False" />
            <line number="27" hits="59888" branch="True" condition-coverage="100% (2/2)">
              <conditions>
                <condition number="407" type="jump" coverage="100%" />
              </conditions>
            </line>
            <line number="28" hits="14974" branch="False" />
            <line number="29" hits="14976" branch="True" condition-coverage="100% (2/2)">
              <conditions>
                <condition number="84" type="jump" coverage="100%" />
              </conditions>
            </line>
            <line number="31" hits="14972" branch="False" />
            <line number="33" hits="14972" branch="True" condition-coverage="100% (4/4)">
              <conditions>
                <condition number="109" type="jump" coverage="100%" />
                <condition number="122" type="jump" coverage="100%" />
              </conditions>
            </line>
            <line number="36" hits="3" branch="False" />
            <line number="37" hits="3" branch="True" condition-coverage="100% (2/2)">
              <conditions>
                <condition number="151" type="jump" coverage="100%" />
              </conditions>
            </line>
            <line number="38" hits="1" branch="False" />
            <line number="39" hits="1" branch="False" />
            <line number="41" hits="4" branch="True" condition-coverage="100% (2/2)">
              <conditions>
                <condition number="183" type="jump" coverage="100%" />
              </conditions>
            </line>
            <line number="42" hits="2" branch="True" condition-coverage="100% (2/2)">
              <conditions>
                <condition number="218" type="jump" coverage="100%" />
              </conditions>
            </line>
            <line number="43" hits="2" branch="False" />
            <line number="46" hits="2" branch="False" />
            <line number="47" hits="7" branch="True" condition-coverage="100% (2/2)">
              <conditions>
                <condition number="328" type="jump" coverage="100%" />
              </conditions>
            </line>
            <line number="48" hits="1" branch="False" />
            <line number="49" hits="1" branch="True" condition-coverage="100% (2/2)">
              <conditions>
                <condition number="273" type="jump" coverage="100%" />
              </conditions>
            </line>
            <line number="50" hits="1" branch="True" condition-coverage="50% (1/2)">
              <conditions>
                <condition number="292" type="jump" coverage="50%" />
              </conditions>
            </line>
            <line number="51" hits="2" branch="True" condition-coverage="50% (1/2)">
              <conditions>
                <condition number="316" type="jump" coverage="50%" />
              </conditions>
            </line>
            <line number="52" hits="0" branch="False" />
            <line number="54" hits="2" branch="False" />
            <line number="57" hits="14967" branch="True" condition-coverage="100% (2/2)">
              <conditions>
                <condition number="362" type="jump" coverage="100%" />
              </conditions>
            </line>
            <line number="58" hits="14967" branch="False" />
            <line number="61" hits="29937" branch="True" condition-coverage="100% (2/2)">
              <conditions>
                <condition number="388" type="jump" coverage="100%" />
              </conditions>
            </line>
            <line number="62" hits="5" branch="False" />
            <line number="64" hits="2" branch="False" />
            <line number="65" hits="14968" branch="False" />
            <line number="67" hits="6" branch="False" />
            <line number="70" hits="14968" branch="False" />
            <line number="72" hits="14968" branch="False" />
            <line number="73" hits="14968" branch="True" condition-coverage="100% (2/2)">
              <conditions>
                <condition number="17" type="jump" coverage="100%" />
              </conditions>
            </line>
            <line number="74" hits="14968" branch="False" />
            <line number="75" hits="14968" branch="False" />
            <line number="76" hits="14968" branch="False" />
            <line number="77" hits="14968" branch="False" />
            <line number="78" hits="14968" branch="False" />
            <line number="80" hits="0" branch="False" />
            <line number="81" hits="0" branch="False" />
            <line number="82" hits="0" branch="False" />
            <line number="83" hits="0" branch="False" />
            <line number="84" hits="0" branch="False" />
            <line number="85" hits="0" branch="False" />
            <line number="86" hits="0" branch="False" />
            <line number="88" hits="14968" branch="False" />
          </lines>
        </class>
        <class name="DKNet.Svc.Transformation.TokenExtractors.AngledBracketTokenExtractor" filename="TokenExtractors/TokenExtractor.cs" line-rate="1" branch-rate="1" complexity="1">
          <methods>
            <method name=".ctor" signature="()" line-rate="1" branch-rate="1" complexity="1">
              <lines>
                <line number="10" hits="7" branch="False" />
              </lines>
            </method>
          </methods>
          <lines>
            <line number="10" hits="7" branch="False" />
          </lines>
        </class>
        <class name="DKNet.Svc.Transformation.TokenExtractors.CurlyBracketExtractor" filename="TokenExtractors/TokenExtractor.cs" line-rate="1" branch-rate="1" complexity="1">
          <methods>
            <method name=".ctor" signature="()" line-rate="1" branch-rate="1" complexity="1">
              <lines>
                <line number="15" hits="7" branch="False" />
              </lines>
            </method>
          </methods>
          <lines>
            <line number="15" hits="7" branch="False" />
          </lines>
        </class>
        <class name="DKNet.Svc.Transformation.TokenExtractors.SquareBracketExtractor" filename="TokenExtractors/TokenExtractor.cs" line-rate="1" branch-rate="1" complexity="1">
          <methods>
            <method name=".ctor" signature="()" line-rate="1" branch-rate="1" complexity="1">
              <lines>
                <line number="20" hits="7" branch="False" />
              </lines>
            </method>
          </methods>
          <lines>
            <line number="20" hits="7" branch="False" />
          </lines>
        </class>
        <class name="DKNet.Svc.Transformation.TokenExtractors.TokenExtractor" filename="TokenExtractors/TokenExtractor.cs" line-rate="1" branch-rate="1" complexity="5">
          <methods>
            <method name="get_Definition" signature="()" line-rate="1" branch-rate="1" complexity="1">
              <lines>
                <line number="24" hits="157370" branch="False" />
              </lines>
            </method>
            <method name="Extract" signature="(System.String)" line-rate="1" branch-rate="1" complexity="1">
              <lines>
                <line number="26" hits="13" branch="False" />
              </lines>
            </method>
            <method name="ExtractAsync" signature="(System.String)" line-rate="1" branch-rate="1" complexity="1">
              <lines>
                <line number="28" hits="44" branch="False" />
              </lines>
            </method>
            <method name=".ctor" signature="(DKNet.Svc.Transformation.TokenDefinitions.ITokenDefinition)" line-rate="1" branch-rate="1" complexity="2">
              <lines>
                <line number="22" hits="26" branch="False" />
              </lines>
            </method>
          </methods>
          <lines>
            <line number="24" hits="157370" branch="False" />
            <line number="26" hits="13" branch="False" />
            <line number="28" hits="44" branch="False" />
            <line number="22" hits="26" branch="False" />
          </lines>
        </class>
        <class name="DKNet.Svc.Transformation.TokenExtractors.TokenExtractor/&lt;ExtractCore&gt;d__6" filename="TokenExtractors/TokenExtractor.cs" line-rate="1" branch-rate="0.9166" complexity="12">
          <methods>
            <method name="MoveNext" signature="()" line-rate="1" branch-rate="0.9166" complexity="12">
              <lines>
                <line number="31" hits="35" branch="False" />
                <line number="32" hits="39" branch="True" condition-coverage="100% (2/2)">
                  <conditions>
                    <condition number="48" type="jump" coverage="100%" />
                  </conditions>
                </line>
                <line number="34" hits="31" branch="False" />
                <line number="35" hits="31" branch="False" />
                <line number="37" hits="22505" branch="True" condition-coverage="100% (4/4)">
                  <conditions>
                    <condition number="493" type="jump" coverage="100%" />
                    <condition number="470" type="jump" coverage="100%" />
                  </conditions>
                </line>
                <line number="38" hits="22474" branch="False" />
                <line number="40" hits="22474" branch="True" condition-coverage="75% (3/4)">
                  <conditions>
                    <condition number="123" type="jump" coverage="50%" />
                    <condition number="212" type="jump" coverage="100%" />
                  </conditions>
                </line>
                <line number="41" hits="2" branch="False" />
                <line number="42" hits="2" branch="False" />
                <line number="43" hits="2" branch="False" />
                <line number="46" hits="22472" branch="False" />
                <line number="47" hits="22472" branch="True" condition-coverage="100% (2/2)">
                  <conditions>
                    <condition number="313" type="jump" coverage="100%" />
                  </conditions>
                </line>
                <line number="49" hits="22472" branch="False" />
                <line number="50" hits="22472" branch="False" />
                <line number="51" hits="22472" branch="False" />
                <line number="52" hits="31" branch="False" />
              </lines>
            </method>
          </methods>
          <lines>
            <line number="31" hits="35" branch="False" />
            <line number="32" hits="39" branch="True" condition-coverage="100% (2/2)">
              <conditions>
                <condition number="48" type="jump" coverage="100%" />
              </conditions>
            </line>
            <line number="34" hits="31" branch="False" />
            <line number="35" hits="31" branch="False" />
            <line number="37" hits="22505" branch="True" condition-coverage="100% (4/4)">
              <conditions>
                <condition number="493" type="jump" coverage="100%" />
                <condition number="470" type="jump" coverage="100%" />
              </conditions>
            </line>
            <line number="38" hits="22474" branch="False" />
            <line number="40" hits="22474" branch="True" condition-coverage="75% (3/4)">
              <conditions>
                <condition number="123" type="jump" coverage="50%" />
                <condition number="212" type="jump" coverage="100%" />
              </conditions>
            </line>
            <line number="41" hits="2" branch="False" />
            <line number="42" hits="2" branch="False" />
            <line number="43" hits="2" branch="False" />
            <line number="46" hits="22472" branch="False" />
            <line number="47" hits="22472" branch="True" condition-coverage="100% (2/2)">
              <conditions>
                <condition number="313" type="jump" coverage="100%" />
              </conditions>
            </line>
            <line number="49" hits="22472" branch="False" />
            <line number="50" hits="22472" branch="False" />
            <line number="51" hits="22472" branch="False" />
            <line number="52" hits="31" branch="False" />
          </lines>
        </class>
        <class name="DKNet.Svc.Transformation.TokenExtractors.TokenResult" filename="TokenExtractors/TokenResult.cs" line-rate="1" branch-rate="1" complexity="18">
          <methods>
            <method name="get_Definition" signature="()" line-rate="1" branch-rate="1" complexity="1">
              <lines>
                <line number="36" hits="52427" branch="False" />
              </lines>
            </method>
            <method name="get_Index" signature="()" line-rate="1" branch-rate="1" complexity="1">
              <lines>
                <line number="38" hits="44889" branch="False" />
              </lines>
            </method>
            <method name="get_Key" signature="()" line-rate="1" branch-rate="1" complexity="2">
              <lines>
                <line number="43" hits="14975" branch="False" />
                <line number="44" hits="14978" branch="True" condition-coverage="100% (2/2)">
                  <conditions>
                    <condition number="17" type="jump" coverage="100%" />
                  </conditions>
                </line>
                <line number="45" hits="14972" branch="False" />
                <line number="46" hits="14972" branch="False" />
                <line number="47" hits="14975" branch="False" />
              </lines>
            </method>
            <method name="get_OriginalString" signature="()" line-rate="1" branch-rate="1" complexity="1">
              <lines>
                <line number="50" hits="2" branch="False" />
              </lines>
            </method>
            <method name="get_Token" signature="()" line-rate="1" branch-rate="1" complexity="1">
              <lines>
                <line number="52" hits="104786" branch="False" />
              </lines>
            </method>
            <method name=".ctor" signature="(DKNet.Svc.Transformation.TokenDefinitions.ITokenDefinition,System.String,System.String,System.Int32)" line-rate="1" branch-rate="1" complexity="12">
              <lines>
                <line number="22" hits="22484" branch="False" />
                <line number="23" hits="22484" branch="False" />
                <line number="24" hits="22484" branch="False" />
                <line number="25" hits="22484" branch="True" condition-coverage="100% (2/2)">
                  <conditions>
                    <condition number="19" type="jump" coverage="100%" />
                  </conditions>
                </line>
                <line number="26" hits="22483" branch="True" condition-coverage="100% (2/2)">
                  <conditions>
                    <condition number="41" type="jump" coverage="100%" />
                  </conditions>
                </line>
                <line number="27" hits="22482" branch="True" condition-coverage="100% (2/2)">
                  <conditions>
                    <condition number="63" type="jump" coverage="100%" />
                  </conditions>
                </line>
                <line number="29" hits="22481" branch="True" condition-coverage="100% (2/2)">
                  <conditions>
                    <condition number="104" type="jump" coverage="100%" />
                  </conditions>
                </line>
                <line number="30" hits="1" branch="False" />
                <line number="32" hits="22480" branch="True" condition-coverage="100% (4/4)">
                  <conditions>
                    <condition number="117" type="jump" coverage="100%" />
                    <condition number="134" type="jump" coverage="100%" />
                  </conditions>
                </line>
                <line number="33" hits="2" branch="False" />
                <line number="34" hits="22478" branch="False" />
              </lines>
            </method>
          </methods>
          <lines>
            <line number="36" hits="52427" branch="False" />
            <line number="38" hits="44889" branch="False" />
            <line number="43" hits="14975" branch="False" />
            <line number="44" hits="14978" branch="True" condition-coverage="100% (2/2)">
              <conditions>
                <condition number="17" type="jump" coverage="100%" />
              </conditions>
            </line>
            <line number="45" hits="14972" branch="False" />
            <line number="46" hits="14972" branch="False" />
            <line number="47" hits="14975" branch="False" />
            <line number="50" hits="2" branch="False" />
            <line number="52" hits="104786" branch="False" />
            <line number="22" hits="22484" branch="False" />
            <line number="23" hits="22484" branch="False" />
            <line number="24" hits="22484" branch="False" />
            <line number="25" hits="22484" branch="True" condition-coverage="100% (2/2)">
              <conditions>
                <condition number="19" type="jump" coverage="100%" />
              </conditions>
            </line>
            <line number="26" hits="22483" branch="True" condition-coverage="100% (2/2)">
              <conditions>
                <condition number="41" type="jump" coverage="100%" />
              </conditions>
            </line>
            <line number="27" hits="22482" branch="True" condition-coverage="100% (2/2)">
              <conditions>
                <condition number="63" type="jump" coverage="100%" />
              </conditions>
            </line>
            <line number="29" hits="22481" branch="True" condition-coverage="100% (2/2)">
              <conditions>
                <condition number="104" type="jump" coverage="100%" />
              </conditions>
            </line>
            <line number="30" hits="1" branch="False" />
            <line number="32" hits="22480" branch="True" condition-coverage="100% (4/4)">
              <conditions>
                <condition number="117" type="jump" coverage="100%" />
                <condition number="134" type="jump" coverage="100%" />
              </conditions>
            </line>
            <line number="33" hits="2" branch="False" />
            <line number="34" hits="22478" branch="False" />
          </lines>
        </class>
        <class name="DKNet.Svc.Transformation.TokenDefinitions.AngledBracketDefinition" filename="TokenDefinitions/AngledBracketDefinition.cs" line-rate="1" branch-rate="1" complexity="1">
          <methods>
            <method name=".ctor" signature="()" line-rate="1" branch-rate="1" complexity="1">
              <lines>
                <line number="3" hits="9" branch="False" />
              </lines>
            </method>
          </methods>
          <lines>
            <line number="3" hits="9" branch="False" />
          </lines>
        </class>
        <class name="DKNet.Svc.Transformation.TokenDefinitions.CurlyBracketDefinition" filename="TokenDefinitions/CurlyBracketDefinition.cs" line-rate="1" branch-rate="1" complexity="1">
          <methods>
            <method name=".ctor" signature="()" line-rate="1" branch-rate="1" complexity="1">
              <lines>
                <line number="6" hits="20" branch="False" />
              </lines>
            </method>
          </methods>
          <lines>
            <line number="6" hits="20" branch="False" />
          </lines>
        </class>
        <class name="DKNet.Svc.Transformation.TokenDefinitions.SquareBracketDefinition" filename="TokenDefinitions/SquareBracketDefinition.cs" line-rate="1" branch-rate="1" complexity="1">
          <methods>
            <method name=".ctor" signature="()" line-rate="1" branch-rate="1" complexity="1">
              <lines>
                <line number="6" hits="10" branch="False" />
              </lines>
            </method>
          </methods>
          <lines>
            <line number="6" hits="10" branch="False" />
          </lines>
        </class>
        <class name="DKNet.Svc.Transformation.TokenDefinitions.TokenDefinition" filename="TokenDefinitions/TokenDefinition.cs" line-rate="1" branch-rate="1" complexity="7">
          <methods>
            <method name="get_BeginTag" signature="()" line-rate="1" branch-rate="1" complexity="1">
              <lines>
                <line number="5" hits="149904" branch="False" />
              </lines>
            </method>
            <method name="get_EndTag" signature="()" line-rate="1" branch-rate="1" complexity="1">
              <lines>
                <line number="6" hits="59969" branch="False" />
              </lines>
            </method>
            <method name="IsToken" signature="(System.String)" line-rate="1" branch-rate="1" complexity="4">
              <lines>
                <line number="9" hits="22493" branch="True" condition-coverage="100% (4/4)">
                  <conditions>
                    <condition number="6" type="jump" coverage="100%" />
                    <condition number="21" type="jump" coverage="100%" />
                  </conditions>
                </line>
                <line number="10" hits="22493" branch="False" />
                <line number="11" hits="22493" branch="False" />
              </lines>
            </method>
            <method name=".ctor" signature="(System.String,System.String)" line-rate="1" branch-rate="1" complexity="1">
              <lines>
                <line number="3" hits="40" branch="False" />
              </lines>
            </method>
          </methods>
          <lines>
            <line number="5" hits="149904" branch="False" />
            <line number="6" hits="59969" branch="False" />
            <line number="9" hits="22493" branch="True" condition-coverage="100% (4/4)">
              <conditions>
                <condition number="6" type="jump" coverage="100%" />
                <condition number="21" type="jump" coverage="100%" />
              </conditions>
            </line>
            <line number="10" hits="22493" branch="False" />
            <line number="11" hits="22493" branch="False" />
            <line number="3" hits="40" branch="False" />
          </lines>
        </class>
        <class name="DKNet.Svc.Transformation.Exceptions.InvalidTokenException" filename="Exceptions/InvalidTokenException.cs" line-rate="1" branch-rate="1" complexity="1">
          <methods>
            <method name=".ctor" signature="(System.String,System.Exception)" line-rate="1" branch-rate="1" complexity="1">
              <lines>
                <line number="3" hits="1" branch="False" />
              </lines>
            </method>
          </methods>
          <lines>
            <line number="3" hits="1" branch="False" />
          </lines>
        </class>
        <class name="DKNet.Svc.Transformation.Exceptions.UnResolvedTokenException" filename="Exceptions/UnResolvedTokenException.cs" line-rate="1" branch-rate="1" complexity="1">
          <methods>
            <method name=".ctor" signature="(System.String,System.Exception)" line-rate="1" branch-rate="1" complexity="1">
              <lines>
                <line number="3" hits="1" branch="False" />
              </lines>
            </method>
          </methods>
          <lines>
            <line number="3" hits="1" branch="False" />
          </lines>
        </class>
        <class name="DKNet.Svc.Transformation.Convertors.ValueFormatter" filename="Convertors/ValueFormatter.cs" line-rate="1" branch-rate="0.95" complexity="23">
          <methods>
            <method name="get_DateFormat" signature="()" line-rate="1" branch-rate="1" complexity="1">
              <lines>
                <line number="11" hits="10" branch="False" />
              </lines>
            </method>
            <method name="get_IntegerFormat" signature="()" line-rate="1" branch-rate="1" complexity="1">
              <lines>
                <line number="13" hits="10" branch="False" />
              </lines>
            </method>
            <method name="get_NumberFormat" signature="()" line-rate="1" branch-rate="1" complexity="1">
              <lines>
                <line number="15" hits="11" branch="False" />
              </lines>
            </method>
            <method name="Convert" signature="(DKNet.Svc.Transformation.TokenExtractors.IToken,System.Object)" line-rate="1" branch-rate="0.95" complexity="20">
              <lines>
                <line number="18" hits="22452" branch="False" />
                <line number="19" hits="22452" branch="True" condition-coverage="100% (2/2)">
                  <conditions>
                    <condition number="2" type="jump" coverage="100%" />
                  </conditions>
                </line>
                <line number="20" hits="22452" branch="False" />
                <line number="21" hits="22452" branch="True" condition-coverage="100% (16/16)">
                  <conditions>
                    <condition number="25" type="jump" coverage="100%" />
                    <condition number="45" type="jump" coverage="100%" />
                    <condition number="65" type="jump" coverage="100%" />
                    <condition number="85" type="jump" coverage="100%" />
                    <condition number="106" type="jump" coverage="100%" />
                    <condition number="127" type="jump" coverage="100%" />
                    <condition number="148" type="jump" coverage="100%" />
                    <condition number="169" type="jump" coverage="100%" />
                  </conditions>
                </line>
                <line number="22" hits="22452" branch="False" />
                <line number="23" hits="1" branch="True" condition-coverage="50% (1/2)">
                  <conditions>
                    <condition number="190" type="jump" coverage="50%" />
                  </conditions>
                </line>
                <line number="24" hits="1" branch="False" />
                <line number="25" hits="1" branch="False" />
                <line number="26" hits="1" branch="False" />
                <line number="27" hits="1" branch="False" />
                <line number="28" hits="1" branch="False" />
                <line number="29" hits="1" branch="False" />
                <line number="30" hits="1" branch="False" />
                <line number="31" hits="22443" branch="False" />
                <line number="32" hits="22452" branch="False" />
                <line number="33" hits="22452" branch="False" />
              </lines>
            </method>
          </methods>
          <lines>
            <line number="11" hits="10" branch="False" />
            <line number="13" hits="10" branch="False" />
            <line number="15" hits="11" branch="False" />
            <line number="18" hits="22452" branch="False" />
            <line number="19" hits="22452" branch="True" condition-coverage="100% (2/2)">
              <conditions>
                <condition number="2" type="jump" coverage="100%" />
              </conditions>
            </line>
            <line number="20" hits="22452" branch="False" />
            <line number="21" hits="22452" branch="True" condition-coverage="100% (16/16)">
              <conditions>
                <condition number="25" type="jump" coverage="100%" />
                <condition number="45" type="jump" coverage="100%" />
                <condition number="65" type="jump" coverage="100%" />
                <condition number="85" type="jump" coverage="100%" />
                <condition number="106" type="jump" coverage="100%" />
                <condition number="127" type="jump" coverage="100%" />
                <condition number="148" type="jump" coverage="100%" />
                <condition number="169" type="jump" coverage="100%" />
              </conditions>
            </line>
            <line number="22" hits="22452" branch="False" />
            <line number="23" hits="1" branch="True" condition-coverage="50% (1/2)">
              <conditions>
                <condition number="190" type="jump" coverage="50%" />
              </conditions>
            </line>
            <line number="24" hits="1" branch="False" />
            <line number="25" hits="1" branch="False" />
            <line number="26" hits="1" branch="False" />
            <line number="27" hits="1" branch="False" />
            <line number="28" hits="1" branch="False" />
            <line number="29" hits="1" branch="False" />
            <line number="30" hits="1" branch="False" />
            <line number="31" hits="22443" branch="False" />
            <line number="32" hits="22452" branch="False" />
            <line number="33" hits="22452" branch="False" />
          </lines>
        </class>
      </classes>
    </package>
  </packages>
</coverage>