<?xml version="1.0" encoding="utf-8"?>
<!DOCTYPE coverage SYSTEM "http://cobertura.sourceforge.net/xml/coverage-04.dtd">
<coverage line-rate="0.8814655172413793" branch-rate="0.6973039215686274" lines-covered="1636" lines-valid="1856" branches-covered="569" branches-valid="816" complexity="1049" version="0" timestamp="1750673161">
  <sources>
    <source>/home/runner/work/DKNet/DKNet/</source>
    <source>/home/runner/work/DKNet/DKNet/Services/DKNet.Svc.Transformation/</source>
    <source>/</source>
    <source>/home/runner/work/DKNet/DKNet/Core/DKNet.Fw.Extensions/</source>
  </sources>
  <packages>
    <package name="DKNet.EfCore.Abstractions" line-rate="0.7763157894736842" branch-rate="0.5" complexity="47">
      <classes>
        <class name="DKNet.EfCore.Abstractions.Attributes.SequenceAttribute" filename="/home/runner/work/DKNet/DKNet/EfCore/DKNet.EfCore.Abstractions/Attributes/SequenceAttribute.cs" line-rate="0.95" branch-rate="0.75" complexity="12">
          <methods>
            <method name="get_Cyclic" signature="()" line-rate="1" branch-rate="1" complexity="1">
              <lines>
                <line number="40" hits="267" branch="false" />
              </lines>
            </method>
            <method name="get_FormatString" signature="()" line-rate="1" branch-rate="1" complexity="1">
              <lines>
                <line number="46" hits="137" branch="false" />
              </lines>
            </method>
            <method name="get_IncrementsBy" signature="()" line-rate="1" branch-rate="1" complexity="1">
              <lines>
                <line number="53" hits="302" branch="false" />
              </lines>
            </method>
            <method name="get_Max" signature="()" line-rate="1" branch-rate="1" complexity="1">
              <lines>
                <line number="60" hits="422" branch="false" />
              </lines>
            </method>
            <method name="get_Min" signature="()" line-rate="1" branch-rate="1" complexity="1">
              <lines>
                <line number="68" hits="267" branch="false" />
              </lines>
            </method>
            <method name="get_StartAt" signature="()" line-rate="1" branch-rate="1" complexity="1">
              <lines>
                <line number="76" hits="267" branch="false" />
              </lines>
            </method>
            <method name="get_Type" signature="()" line-rate="1" branch-rate="1" complexity="1">
              <lines>
                <line number="83" hits="267" branch="false" />
              </lines>
            </method>
            <method name=".ctor" signature="(System.Type)" line-rate="0.8333333333333334" branch-rate="0.75" complexity="4">
              <lines>
                <line number="29" hits="147" branch="false" />
                <line number="30" hits="147" branch="false" />
                <line number="31" hits="147" branch="true" condition-coverage="100% (2/2)" />
                <line number="32" hits="147" branch="true" condition-coverage="50% (1/2)" />
                <line number="33" hits="0" branch="false" />
                <line number="34" hits="147" branch="false" />
              </lines>
            </method>
            <method name=".cctor" signature="()" line-rate="1" branch-rate="1" complexity="1">
              <lines>
                <line number="16" hits="11" branch="false" />
                <line number="17" hits="11" branch="false" />
                <line number="18" hits="11" branch="false" />
                <line number="19" hits="11" branch="false" />
                <line number="20" hits="11" branch="false" />
                <line number="21" hits="11" branch="false" />
                <line number="22" hits="11" branch="false" />
              </lines>
            </method>
          </methods>
          <lines>
            <line number="16" hits="11" branch="false" />
            <line number="17" hits="11" branch="false" />
            <line number="18" hits="11" branch="false" />
            <line number="19" hits="11" branch="false" />
            <line number="20" hits="11" branch="false" />
            <line number="21" hits="11" branch="false" />
            <line number="22" hits="11" branch="false" />
            <line number="29" hits="147" branch="false" />
            <line number="30" hits="147" branch="false" />
            <line number="31" hits="147" branch="true" condition-coverage="100% (2/2)" />
            <line number="32" hits="147" branch="true" condition-coverage="50% (1/2)" />
            <line number="33" hits="0" branch="false" />
            <line number="34" hits="147" branch="false" />
            <line number="40" hits="267" branch="false" />
            <line number="46" hits="137" branch="false" />
            <line number="53" hits="302" branch="false" />
            <line number="60" hits="422" branch="false" />
            <line number="68" hits="267" branch="false" />
            <line number="76" hits="267" branch="false" />
            <line number="83" hits="267" branch="false" />
          </lines>
        </class>
        <class name="DKNet.EfCore.Abstractions.Attributes.SqlSequenceAttribute" filename="/home/runner/work/DKNet/DKNet/EfCore/DKNet.EfCore.Abstractions/Attributes/SqlSequenceAttribute.cs" line-rate="1" branch-rate="1" complexity="2">
          <methods>
            <method name="get_Schema" signature="()" line-rate="1" branch-rate="1" complexity="1">
              <lines>
                <line number="15" hits="298" branch="false" />
              </lines>
            </method>
            <method name=".ctor" signature="(System.String)" line-rate="1" branch-rate="1" complexity="1">
              <lines>
                <line number="9" hits="145" branch="false" />
              </lines>
            </method>
          </methods>
          <lines>
            <line number="9" hits="145" branch="false" />
            <line number="15" hits="298" branch="false" />
          </lines>
        </class>
        <class name="DKNet.EfCore.Abstractions.Attributes.StaticDataAttribute" filename="/home/runner/work/DKNet/DKNet/EfCore/DKNet.EfCore.Abstractions/Attributes/StaticDataAttribute.cs" line-rate="1" branch-rate="1" complexity="1">
          <methods>
            <method name=".ctor" signature="(System.String)" line-rate="1" branch-rate="1" complexity="1">
              <lines>
                <line number="12" hits="68" branch="false" />
              </lines>
            </method>
          </methods>
          <lines>
            <line number="12" hits="68" branch="false" />
          </lines>
        </class>
        <class name="DKNet.EfCore.Abstractions.Entities.AuditedEntity" filename="/home/runner/work/DKNet/DKNet/EfCore/DKNet.EfCore.Abstractions/Entities/AuditEntity.cs" line-rate="0.3333333333333333" branch-rate="1" complexity="3">
          <methods>
            <method name=".ctor" signature="()" line-rate="0" branch-rate="1" complexity="1">
              <lines>
                <line number="102" hits="0" branch="false" />
                <line number="103" hits="0" branch="false" />
                <line number="104" hits="0" branch="false" />
              </lines>
            </method>
            <method name=".ctor" signature="(System.Guid)" line-rate="0" branch-rate="1" complexity="1">
              <lines>
                <line number="106" hits="0" branch="false" />
                <line number="107" hits="0" branch="false" />
                <line number="108" hits="0" branch="false" />
              </lines>
            </method>
            <method name=".ctor" signature="(System.Guid,System.String,System.Nullable`1&lt;System.DateTimeOffset&gt;)" line-rate="1" branch-rate="1" complexity="1">
              <lines>
                <line number="111" hits="6" branch="false" />
                <line number="112" hits="6" branch="false" />
                <line number="113" hits="6" branch="false" />
              </lines>
            </method>
          </methods>
          <lines>
            <line number="102" hits="0" branch="false" />
            <line number="103" hits="0" branch="false" />
            <line number="104" hits="0" branch="false" />
            <line number="106" hits="0" branch="false" />
            <line number="107" hits="0" branch="false" />
            <line number="108" hits="0" branch="false" />
            <line number="111" hits="6" branch="false" />
            <line number="112" hits="6" branch="false" />
            <line number="113" hits="6" branch="false" />
          </lines>
        </class>
        <class name="DKNet.EfCore.Abstractions.Entities.AuditedEntity`1" filename="/home/runner/work/DKNet/DKNet/EfCore/DKNet.EfCore.Abstractions/Entities/AuditEntity.cs" line-rate="0.7777777777777778" branch-rate="0.42857142857142855" complexity="21">
          <methods>
            <method name="get_CreatedBy" signature="()" line-rate="1" branch-rate="1" complexity="1">
              <lines>
                <line number="40" hits="4746" branch="false" />
              </lines>
            </method>
            <method name="get_CreatedOn" signature="()" line-rate="1" branch-rate="1" complexity="1">
              <lines>
                <line number="47" hits="1965" branch="false" />
              </lines>
            </method>
            <method name="get_UpdatedBy" signature="()" line-rate="1" branch-rate="1" complexity="1">
              <lines>
                <line number="54" hits="1245" branch="false" />
              </lines>
            </method>
            <method name="get_UpdatedOn" signature="()" line-rate="1" branch-rate="1" complexity="1">
              <lines>
                <line number="60" hits="1245" branch="false" />
              </lines>
            </method>
            <method name="get_LastModifiedBy" signature="()" line-rate="0" branch-rate="0" complexity="2">
              <lines>
                <line number="62" hits="0" branch="true" condition-coverage="0% (0/2)" />
              </lines>
            </method>
            <method name="get_LastModifiedOn" signature="()" line-rate="0" branch-rate="0" complexity="2">
              <lines>
                <line number="64" hits="0" branch="true" condition-coverage="0% (0/2)" />
              </lines>
            </method>
            <method name="SetCreatedBy" signature="(System.String,System.Nullable`1&lt;System.DateTimeOffset&gt;)" line-rate="1" branch-rate="0.6666666666666666" complexity="6">
              <lines>
                <line number="73" hits="1389" branch="false" />
                <line number="74" hits="2013" branch="true" condition-coverage="100% (2/2)" />
                <line number="76" hits="765" branch="true" condition-coverage="50% (1/2)" />
                <line number="77" hits="765" branch="true" condition-coverage="50% (1/2)" />
                <line number="78" hits="1389" branch="false" />
              </lines>
            </method>
            <method name="SetUpdatedBy" signature="(System.String,System.Nullable`1&lt;System.DateTimeOffset&gt;)" line-rate="0.8333333333333334" branch-rate="0.5" complexity="4">
              <lines>
                <line number="87" hits="42" branch="false" />
                <line number="88" hits="42" branch="true" condition-coverage="50% (1/2)" />
                <line number="89" hits="0" branch="false" />
                <line number="91" hits="42" branch="false" />
                <line number="92" hits="42" branch="true" condition-coverage="50% (1/2)" />
                <line number="93" hits="42" branch="false" />
              </lines>
            </method>
            <method name=".ctor" signature="()" line-rate="1" branch-rate="1" complexity="1">
              <lines>
                <line number="20" hits="627" branch="false" />
                <line number="21" hits="627" branch="false" />
                <line number="22" hits="627" branch="false" />
              </lines>
            </method>
            <method name=".ctor" signature="(TKey)" line-rate="0" branch-rate="1" complexity="1">
              <lines>
                <line number="24" hits="0" branch="false" />
                <line number="25" hits="0" branch="false" />
                <line number="26" hits="0" branch="false" />
              </lines>
            </method>
            <method name=".ctor" signature="(TKey,System.String,System.Nullable`1&lt;System.DateTimeOffset&gt;)" line-rate="1" branch-rate="1" complexity="1">
              <lines>
                <line number="29" hits="765" branch="false" />
                <line number="30" hits="765" branch="false" />
                <line number="31" hits="765" branch="false" />
                <line number="32" hits="765" branch="false" />
              </lines>
            </method>
          </methods>
          <lines>
            <line number="20" hits="627" branch="false" />
            <line number="21" hits="627" branch="false" />
            <line number="22" hits="627" branch="false" />
            <line number="24" hits="0" branch="false" />
            <line number="25" hits="0" branch="false" />
            <line number="26" hits="0" branch="false" />
            <line number="29" hits="765" branch="false" />
            <line number="30" hits="765" branch="false" />
            <line number="31" hits="765" branch="false" />
            <line number="32" hits="765" branch="false" />
            <line number="40" hits="4746" branch="false" />
            <line number="47" hits="1965" branch="false" />
            <line number="54" hits="1245" branch="false" />
            <line number="60" hits="1245" branch="false" />
            <line number="62" hits="0" branch="true" condition-coverage="0% (0/2)" />
            <line number="64" hits="0" branch="true" condition-coverage="0% (0/2)" />
            <line number="73" hits="1389" branch="false" />
            <line number="74" hits="2013" branch="true" condition-coverage="100% (2/2)" />
            <line number="76" hits="765" branch="true" condition-coverage="50% (1/2)" />
            <line number="77" hits="765" branch="true" condition-coverage="50% (1/2)" />
            <line number="78" hits="1389" branch="false" />
            <line number="87" hits="42" branch="false" />
            <line number="88" hits="42" branch="true" condition-coverage="50% (1/2)" />
            <line number="89" hits="0" branch="false" />
            <line number="91" hits="42" branch="false" />
            <line number="92" hits="42" branch="true" condition-coverage="50% (1/2)" />
            <line number="93" hits="42" branch="false" />
          </lines>
        </class>
        <class name="DKNet.EfCore.Abstractions.Entities.Entity" filename="/home/runner/work/DKNet/DKNet/EfCore/DKNet.EfCore.Abstractions/Entities/Entity.cs" line-rate="0.5" branch-rate="1" complexity="2">
          <methods>
            <method name=".ctor" signature="()" line-rate="1" branch-rate="1" complexity="1">
              <lines>
                <line number="101" hits="6" branch="false" />
                <line number="102" hits="6" branch="false" />
                <line number="103" hits="6" branch="false" />
              </lines>
            </method>
            <method name=".ctor" signature="(System.Guid)" line-rate="0" branch-rate="1" complexity="1">
              <lines>
                <line number="112" hits="0" branch="false" />
                <line number="113" hits="0" branch="false" />
                <line number="114" hits="0" branch="false" />
              </lines>
            </method>
          </methods>
          <lines>
            <line number="101" hits="6" branch="false" />
            <line number="102" hits="6" branch="false" />
            <line number="103" hits="6" branch="false" />
            <line number="112" hits="0" branch="false" />
            <line number="113" hits="0" branch="false" />
            <line number="114" hits="0" branch="false" />
          </lines>
        </class>
        <class name="DKNet.EfCore.Abstractions.Entities.Entity`1" filename="/home/runner/work/DKNet/DKNet/EfCore/DKNet.EfCore.Abstractions/Entities/Entity.cs" line-rate="0.9090909090909091" branch-rate="1" complexity="6">
          <methods>
            <method name="get_Id" signature="()" line-rate="1" branch-rate="1" complexity="1">
              <lines>
                <line number="55" hits="4835" branch="false" />
              </lines>
            </method>
            <method name="get_RowVersion" signature="()" line-rate="1" branch-rate="1" complexity="1">
              <lines>
                <line number="65" hits="627" branch="false" />
              </lines>
            </method>
            <method name="SetRowVersion" signature="(System.Byte[])" line-rate="1" branch-rate="1" complexity="1">
              <lines>
                <line number="75" hits="3" branch="false" />
              </lines>
            </method>
            <method name="ToString" signature="()" line-rate="0" branch-rate="1" complexity="1">
              <lines>
                <line number="81" hits="0" branch="false" />
              </lines>
            </method>
            <method name=".ctor" signature="()" line-rate="1" branch-rate="1" complexity="1">
              <lines>
                <line number="26" hits="633" branch="false" />
                <line number="27" hits="633" branch="false" />
                <line number="28" hits="633" branch="false" />
              </lines>
            </method>
            <method name=".ctor" signature="(TKey)" line-rate="1" branch-rate="1" complexity="1">
              <lines>
                <line number="37" hits="1728" branch="false" />
                <line number="38" hits="1728" branch="false" />
                <line number="39" hits="1728" branch="false" />
                <line number="40" hits="1728" branch="false" />
              </lines>
            </method>
          </methods>
          <lines>
            <line number="26" hits="633" branch="false" />
            <line number="27" hits="633" branch="false" />
            <line number="28" hits="633" branch="false" />
            <line number="37" hits="1728" branch="false" />
            <line number="38" hits="1728" branch="false" />
            <line number="39" hits="1728" branch="false" />
            <line number="40" hits="1728" branch="false" />
            <line number="55" hits="4835" branch="false" />
            <line number="65" hits="627" branch="false" />
            <line number="75" hits="3" branch="false" />
            <line number="81" hits="0" branch="false" />
          </lines>
        </class>
      </classes>
    </package>
    <package name="DKNet.EfCore.DataAuthorization" line-rate="0.8444444444444444" branch-rate="0.75" complexity="14">
      <classes>
        <class name="DKNet.EfCore.DataAuthorization.Internals.DataOwnerAuthQueryRegister" filename="/home/runner/work/DKNet/DKNet/EfCore/DKNet.EfCore.DataAuthorization/Internals/DataOwnerAuthQueryRegister.cs" line-rate="0.72" branch-rate="0.6666666666666666" complexity="8">
          <methods>
            <method name="Apply" signature="(Microsoft.EntityFrameworkCore.ModelBuilder,Microsoft.EntityFrameworkCore.DbContext)" line-rate="0.631578947368421" branch-rate="0.6666666666666666" complexity="6">
              <lines>
                <line number="35" hits="6" branch="false" />
                <line number="36" hits="6" branch="true" condition-coverage="50% (1/2)" />
                <line number="37" hits="0" branch="false" />
                <line number="38" hits="0" branch="false" />
                <line number="39" hits="0" branch="false" />
                <line number="42" hits="6" branch="true" condition-coverage="50% (1/2)" />
                <line number="43" hits="0" branch="false" />
                <line number="44" hits="0" branch="false" />
                <line number="45" hits="0" branch="false" />
                <line number="46" hits="0" branch="false" />
                <line number="49" hits="6" branch="false" />
                <line number="50" hits="30" branch="false" />
                <line number="51" hits="30" branch="false" />
                <line number="53" hits="66" branch="true" condition-coverage="100% (2/2)" />
                <line number="54" hits="24" branch="false" />
                <line number="55" hits="24" branch="false" />
                <line number="56" hits="24" branch="false" />
                <line number="57" hits="24" branch="false" />
                <line number="58" hits="6" branch="false" />
              </lines>
            </method>
            <method name="ApplyQueryFilter" signature="(Microsoft.EntityFrameworkCore.ModelBuilder,DKNet.EfCore.DataAuthorization.IDataOwnerDbContext)" line-rate="1" branch-rate="1" complexity="1">
              <lines>
                <line number="72" hits="24" branch="false" />
                <line number="73" hits="24" branch="false" />
                <line number="74" hits="24" branch="false" />
                <line number="75" hits="24" branch="false" />
              </lines>
            </method>
            <method name=".cctor" signature="()" line-rate="1" branch-rate="1" complexity="1">
              <lines>
                <line number="22" hits="6" branch="false" />
                <line number="23" hits="6" branch="false" />
              </lines>
            </method>
          </methods>
          <lines>
            <line number="22" hits="6" branch="false" />
            <line number="23" hits="6" branch="false" />
            <line number="35" hits="6" branch="false" />
            <line number="36" hits="6" branch="true" condition-coverage="50% (1/2)" />
            <line number="37" hits="0" branch="false" />
            <line number="38" hits="0" branch="false" />
            <line number="39" hits="0" branch="false" />
            <line number="42" hits="6" branch="true" condition-coverage="50% (1/2)" />
            <line number="43" hits="0" branch="false" />
            <line number="44" hits="0" branch="false" />
            <line number="45" hits="0" branch="false" />
            <line number="46" hits="0" branch="false" />
            <line number="49" hits="6" branch="false" />
            <line number="50" hits="30" branch="false" />
            <line number="51" hits="30" branch="false" />
            <line number="53" hits="66" branch="true" condition-coverage="100% (2/2)" />
            <line number="54" hits="24" branch="false" />
            <line number="55" hits="24" branch="false" />
            <line number="56" hits="24" branch="false" />
            <line number="57" hits="24" branch="false" />
            <line number="58" hits="6" branch="false" />
            <line number="72" hits="24" branch="false" />
            <line number="73" hits="24" branch="false" />
            <line number="74" hits="24" branch="false" />
            <line number="75" hits="24" branch="false" />
          </lines>
        </class>
        <class name="DKNet.EfCore.DataAuthorization.Internals.DataOwnerHook" filename="/home/runner/work/DKNet/DKNet/EfCore/DKNet.EfCore.DataAuthorization/Internals/DataOwnerHook.cs" line-rate="1" branch-rate="1" complexity="4">
          <methods>
            <method name="RunBeforeSaveAsync" signature="(DKNet.EfCore.Extensions.Snapshots.SnapshotContext,System.Threading.CancellationToken)" line-rate="1" branch-rate="1" complexity="1">
              <lines>
                <line number="29" hits="12" branch="false" />
                <line number="30" hits="12" branch="false" />
                <line number="31" hits="12" branch="false" />
                <line number="32" hits="12" branch="false" />
              </lines>
            </method>
            <method name="UpdatingOwner" signature="(DKNet.EfCore.Extensions.Snapshots.SnapshotContext)" line-rate="1" branch-rate="1" complexity="2">
              <lines>
                <line number="39" hits="12" branch="false" />
                <line number="40" hits="12" branch="false" />
                <line number="42" hits="12" branch="false" />
                <line number="43" hits="648" branch="false" />
                <line number="44" hits="624" branch="false" />
                <line number="45" hits="12" branch="false" />
                <line number="47" hits="1284" branch="true" condition-coverage="100% (2/2)" />
                <line number="48" hits="624" branch="false" />
                <line number="49" hits="12" branch="false" />
              </lines>
            </method>
            <method name=".ctor" signature="(DKNet.EfCore.DataAuthorization.IDataOwnerProvider)" line-rate="1" branch-rate="1" complexity="1">
              <lines>
                <line number="20" hits="6" branch="false" />
              </lines>
            </method>
          </methods>
          <lines>
            <line number="20" hits="6" branch="false" />
            <line number="29" hits="12" branch="false" />
            <line number="30" hits="12" branch="false" />
            <line number="31" hits="12" branch="false" />
            <line number="32" hits="12" branch="false" />
            <line number="39" hits="12" branch="false" />
            <line number="40" hits="12" branch="false" />
            <line number="42" hits="12" branch="false" />
            <line number="43" hits="648" branch="false" />
            <line number="44" hits="624" branch="false" />
            <line number="45" hits="12" branch="false" />
            <line number="47" hits="1284" branch="true" condition-coverage="100% (2/2)" />
            <line number="48" hits="624" branch="false" />
            <line number="49" hits="12" branch="false" />
          </lines>
        </class>
        <class name="Microsoft.Extensions.DependencyInjection.EfCoreDataAuthSetup" filename="/home/runner/work/DKNet/DKNet/EfCore/DKNet.EfCore.DataAuthorization/EfCoreDataAuthSetup.cs" line-rate="1" branch-rate="1" complexity="2">
          <methods>
            <method name="AddDataKeyProvider" signature="(Microsoft.Extensions.DependencyInjection.IServiceCollection)" line-rate="1" branch-rate="1" complexity="1">
              <lines>
                <line number="33" hits="6" branch="false" />
                <line number="34" hits="6" branch="false" />
                <line number="35" hits="6" branch="false" />
              </lines>
            </method>
            <method name="AddAutoDataKeyProvider" signature="(Microsoft.Extensions.DependencyInjection.IServiceCollection)" line-rate="1" branch-rate="1" complexity="1">
              <lines>
                <line number="53" hits="6" branch="false" />
                <line number="54" hits="6" branch="false" />
                <line number="55" hits="6" branch="false" />
              </lines>
            </method>
          </methods>
          <lines>
            <line number="33" hits="6" branch="false" />
            <line number="34" hits="6" branch="false" />
            <line number="35" hits="6" branch="false" />
            <line number="53" hits="6" branch="false" />
            <line number="54" hits="6" branch="false" />
            <line number="55" hits="6" branch="false" />
          </lines>
        </class>
      </classes>
    </package>
    <package name="DKNet.EfCore.Events" line-rate="0.9821428571428571" branch-rate="0.5" complexity="14">
      <classes>
        <class name="DKNet.EfCore.Events.EntityEventItem" filename="/home/runner/work/DKNet/DKNet/EfCore/DKNet.EfCore.Events/EntityEventItem.cs" line-rate="1" branch-rate="1" complexity="3">
          <methods>
            <method name="get_Entity" signature="()" line-rate="1" branch-rate="1" complexity="1">
              <lines>
                <line number="11" hits="138" branch="false" />
              </lines>
            </method>
            <method name="get_Events" signature="()" line-rate="1" branch-rate="1" complexity="1">
              <lines>
                <line number="16" hits="312" branch="false" />
              </lines>
            </method>
            <method name=".ctor" signature="(DKNet.EfCore.Abstractions.Entities.IEventEntity,System.Object[])" line-rate="1" branch-rate="1" complexity="1">
              <lines>
                <line number="6" hits="138" branch="false" />
              </lines>
            </method>
          </methods>
          <lines>
            <line number="6" hits="138" branch="false" />
            <line number="11" hits="138" branch="false" />
            <line number="16" hits="312" branch="false" />
          </lines>
        </class>
        <class name="DKNet.EfCore.Events.EventException" filename="/home/runner/work/DKNet/DKNet/EfCore/DKNet.EfCore.Events/EventException.cs" line-rate="1" branch-rate="0.5" complexity="5">
          <methods>
            <method name="get_Status" signature="()" line-rate="1" branch-rate="1" complexity="1">
              <lines>
                <line number="12" hits="36" branch="false" />
              </lines>
            </method>
            <method name=".ctor" signature="(FluentResults.IResultBase)" line-rate="1" branch-rate="0.5" complexity="4">
              <lines>
                <line number="10" hits="30" branch="true" condition-coverage="50% (2/4)" />
              </lines>
            </method>
          </methods>
          <lines>
            <line number="10" hits="30" branch="true" condition-coverage="50% (2/4)" />
            <line number="12" hits="36" branch="false" />
          </lines>
        </class>
        <class name="DKNet.EfCore.Events.Handlers.IEventPublisher" filename="/home/runner/work/DKNet/DKNet/EfCore/DKNet.EfCore.Events/Handlers/IEventPublisher.cs" line-rate="1" branch-rate="1" complexity="1">
          <methods>
            <method name="PublishAllAsync" signature="(System.Collections.Generic.IEnumerable`1&lt;System.Object&gt;,System.Threading.CancellationToken)" line-rate="1" branch-rate="1" complexity="1">
              <lines>
                <line number="12" hits="72" branch="false" />
              </lines>
            </method>
          </methods>
          <lines>
            <line number="12" hits="72" branch="false" />
          </lines>
        </class>
        <class name="DKNet.EfCore.Events.Internals.EventHook" filename="/home/runner/work/DKNet/DKNet/EfCore/DKNet.EfCore.Events/Internals/EventHook.cs" line-rate="0.9787234042553191" branch-rate="1" complexity="4">
          <methods>
            <method name="RunBeforeSaveAsync" signature="(DKNet.EfCore.Extensions.Snapshots.SnapshotContext,System.Threading.CancellationToken)" line-rate="1" branch-rate="1" complexity="1">
              <lines>
                <line number="21" hits="54" branch="false" />
                <line number="22" hits="54" branch="false" />
                <line number="23" hits="54" branch="false" />
                <line number="24" hits="54" branch="false" />
              </lines>
            </method>
            <method name="ProcessAndFilterDomainEvents" signature="(DKNet.EfCore.Extensions.Snapshots.SnapshotContext)" line-rate="0.9696969696969697" branch-rate="1" complexity="1">
              <lines>
                <line number="49" hits="54" branch="false" />
                <line number="50" hits="192" branch="false" />
                <line number="51" hits="54" branch="false" />
                <line number="52" hits="138" branch="false" />
                <line number="53" hits="138" branch="false" />
                <line number="54" hits="138" branch="false" />
                <line number="55" hits="138" branch="false" />
                <line number="56" hits="138" branch="false" />
                <line number="57" hits="54" branch="false" />
                <line number="58" hits="138" branch="false" />
                <line number="59" hits="138" branch="false" />
                <line number="60" hits="54" branch="false" />
                <line number="61" hits="138" branch="false" />
                <line number="62" hits="138" branch="false" />
                <line number="63" hits="54" branch="false" />
                <line number="64" hits="138" branch="false" />
                <line number="65" hits="138" branch="false" />
                <line number="66" hits="54" branch="false" />
                <line number="67" hits="138" branch="false" />
                <line number="68" hits="6" branch="false" />
                <line number="69" hits="6" branch="false" />
                <line number="70" hits="0" branch="false" />
                <line number="71" hits="54" branch="false" />
                <line number="72" hits="6" branch="false" />
                <line number="73" hits="12" branch="false" />
                <line number="74" hits="6" branch="false" />
                <line number="75" hits="54" branch="false" />
                <line number="76" hits="174" branch="false" />
                <line number="77" hits="138" branch="false" />
                <line number="78" hits="138" branch="false" />
                <line number="79" hits="54" branch="false" />
                <line number="81" hits="54" branch="false" />
                <line number="82" hits="54" branch="false" />
              </lines>
            </method>
            <method name=".ctor" signature="(System.Collections.Generic.IEnumerable`1&lt;DKNet.EfCore.Events.Handlers.IEventPublisher&gt;,System.Collections.Generic.IEnumerable`1&lt;MapsterMapper.IMapper&gt;)" line-rate="1" branch-rate="1" complexity="1">
              <lines>
                <line number="8" hits="42" branch="false" />
                <line number="11" hits="42" branch="false" />
                <line number="12" hits="42" branch="false" />
              </lines>
            </method>
            <method name="RunAfterSaveAsync" signature="()" line-rate="1" branch-rate="1" complexity="1">
              <lines>
                <line number="32" hits="54" branch="false" />
                <line number="33" hits="54" branch="false" />
                <line number="34" hits="36" branch="false" />
                <line number="35" hits="90" branch="false" />
                <line number="37" hits="54" branch="false" />
                <line number="39" hits="54" branch="false" />
                <line number="40" hits="54" branch="false" />
              </lines>
            </method>
          </methods>
          <lines>
            <line number="8" hits="42" branch="false" />
            <line number="11" hits="42" branch="false" />
            <line number="12" hits="42" branch="false" />
            <line number="21" hits="54" branch="false" />
            <line number="22" hits="54" branch="false" />
            <line number="23" hits="54" branch="false" />
            <line number="24" hits="54" branch="false" />
            <line number="32" hits="54" branch="false" />
            <line number="33" hits="54" branch="false" />
            <line number="34" hits="36" branch="false" />
            <line number="35" hits="90" branch="false" />
            <line number="37" hits="54" branch="false" />
            <line number="39" hits="54" branch="false" />
            <line number="40" hits="54" branch="false" />
            <line number="49" hits="54" branch="false" />
            <line number="50" hits="192" branch="false" />
            <line number="51" hits="54" branch="false" />
            <line number="52" hits="138" branch="false" />
            <line number="53" hits="138" branch="false" />
            <line number="54" hits="138" branch="false" />
            <line number="55" hits="138" branch="false" />
            <line number="56" hits="138" branch="false" />
            <line number="57" hits="54" branch="false" />
            <line number="58" hits="138" branch="false" />
            <line number="59" hits="138" branch="false" />
            <line number="60" hits="54" branch="false" />
            <line number="61" hits="138" branch="false" />
            <line number="62" hits="138" branch="false" />
            <line number="63" hits="54" branch="false" />
            <line number="64" hits="138" branch="false" />
            <line number="65" hits="138" branch="false" />
            <line number="66" hits="54" branch="false" />
            <line number="67" hits="138" branch="false" />
            <line number="68" hits="6" branch="false" />
            <line number="69" hits="6" branch="false" />
            <line number="70" hits="0" branch="false" />
            <line number="71" hits="54" branch="false" />
            <line number="72" hits="6" branch="false" />
            <line number="73" hits="12" branch="false" />
            <line number="74" hits="6" branch="false" />
            <line number="75" hits="54" branch="false" />
            <line number="76" hits="174" branch="false" />
            <line number="77" hits="138" branch="false" />
            <line number="78" hits="138" branch="false" />
            <line number="79" hits="54" branch="false" />
            <line number="81" hits="54" branch="false" />
            <line number="82" hits="54" branch="false" />
          </lines>
        </class>
        <class name="Microsoft.Extensions.DependencyInjection.EventSetup" filename="/home/runner/work/DKNet/DKNet/EfCore/DKNet.EfCore.Events/EventSetup.cs" line-rate="1" branch-rate="1" complexity="1">
          <methods>
            <method name="AddEventPublisher" signature="(Microsoft.Extensions.DependencyInjection.IServiceCollection)" line-rate="1" branch-rate="1" complexity="1">
              <lines>
                <line number="20" hits="12" branch="false" />
                <line number="21" hits="12" branch="false" />
                <line number="22" hits="12" branch="false" />
              </lines>
            </method>
          </methods>
          <lines>
            <line number="20" hits="12" branch="false" />
            <line number="21" hits="12" branch="false" />
            <line number="22" hits="12" branch="false" />
          </lines>
        </class>
      </classes>
    </package>
    <package name="DKNet.EfCore.Extensions" line-rate="0.8982683982683982" branch-rate="0.7755102040816326" complexity="241">
      <classes>
        <class name="DKNet.EfCore.Extensions.Configurations.DefaultEntityTypeConfiguration`1" filename="/home/runner/work/DKNet/DKNet/EfCore/DKNet.EfCore.Extensions/Configurations/DefaultEntityTypeConfiguration.cs" line-rate="1" branch-rate="1" complexity="2">
          <methods>
            <method name="Configure" signature="(Microsoft.EntityFrameworkCore.Metadata.Builders.EntityTypeBuilder`1&lt;TEntity&gt;)" line-rate="1" branch-rate="1" complexity="2">
              <lines>
                <line number="10" hits="480" branch="false" />
                <line number="11" hits="480" branch="true" condition-coverage="100% (2/2)" />
                <line number="12" hits="446" branch="false" />
                <line number="13" hits="480" branch="false" />
              </lines>
            </method>
          </methods>
          <lines>
            <line number="10" hits="480" branch="false" />
            <line number="11" hits="480" branch="true" condition-coverage="100% (2/2)" />
            <line number="12" hits="446" branch="false" />
            <line number="13" hits="480" branch="false" />
          </lines>
        </class>
        <class name="DKNet.EfCore.Extensions.Extensions.EfCorePageAsyncEnumerator`1" filename="/home/runner/work/DKNet/DKNet/EfCore/DKNet.EfCore.Extensions/Extensions/PageAsyncEnumerator.cs" line-rate="1" branch-rate="0.875" complexity="9">
          <methods>
            <method name=".ctor" signature="(System.Linq.IQueryable`1&lt;T&gt;,System.Int32)" line-rate="1" branch-rate="1" complexity="1">
              <lines>
                <line number="5" hits="8" branch="false" />
                <line number="8" hits="8" branch="false" />
              </lines>
            </method>
            <method name="GetAsyncEnumerator" signature="()" line-rate="1" branch-rate="1" complexity="6">
              <lines>
                <line number="26" hits="8" branch="false" />
                <line number="28" hits="17" branch="false" />
                <line number="29" hits="17" branch="false" />
                <line number="30" hits="17" branch="true" condition-coverage="100% (2/2)" />
                <line number="31" hits="2" branch="false" />
                <line number="32" hits="2" branch="false" />
                <line number="33" hits="2" branch="false" />
                <line number="36" hits="556" branch="true" condition-coverage="100% (2/2)" />
                <line number="37" hits="256" branch="false" />
                <line number="38" hits="28" branch="true" condition-coverage="100% (2/2)" />
                <line number="39" hits="8" branch="false" />
              </lines>
            </method>
            <method name="GetNextPageAsync" signature="()" line-rate="1" branch-rate="0.5" complexity="2">
              <lines>
                <line number="11" hits="17" branch="false" />
                <line number="12" hits="17" branch="true" condition-coverage="50% (1/2)" />
                <line number="14" hits="17" branch="false" />
                <line number="15" hits="17" branch="false" />
                <line number="16" hits="17" branch="false" />
                <line number="17" hits="17" branch="false" />
                <line number="19" hits="17" branch="false" />
                <line number="20" hits="17" branch="false" />
                <line number="22" hits="17" branch="false" />
                <line number="23" hits="17" branch="false" />
              </lines>
            </method>
          </methods>
          <lines>
            <line number="5" hits="8" branch="false" />
            <line number="8" hits="8" branch="false" />
            <line number="11" hits="17" branch="false" />
            <line number="12" hits="17" branch="true" condition-coverage="50% (1/2)" />
            <line number="14" hits="17" branch="false" />
            <line number="15" hits="17" branch="false" />
            <line number="16" hits="17" branch="false" />
            <line number="17" hits="17" branch="false" />
            <line number="19" hits="17" branch="false" />
            <line number="20" hits="17" branch="false" />
            <line number="22" hits="17" branch="false" />
            <line number="23" hits="17" branch="false" />
            <line number="26" hits="8" branch="false" />
            <line number="28" hits="17" branch="false" />
            <line number="29" hits="17" branch="false" />
            <line number="30" hits="17" branch="true" condition-coverage="100% (2/2)" />
            <line number="31" hits="2" branch="false" />
            <line number="32" hits="2" branch="false" />
            <line number="33" hits="2" branch="false" />
            <line number="36" hits="556" branch="true" condition-coverage="100% (2/2)" />
            <line number="37" hits="256" branch="false" />
            <line number="38" hits="28" branch="true" condition-coverage="100% (2/2)" />
            <line number="39" hits="8" branch="false" />
          </lines>
        </class>
        <class name="DKNet.EfCore.Extensions.Extensions.PageAsyncEnumeratorExtensions" filename="/home/runner/work/DKNet/DKNet/EfCore/DKNet.EfCore.Extensions/Extensions/PageAsyncEnumerator.cs" line-rate="1" branch-rate="1" complexity="1">
          <methods>
            <method name="ToPageEnumerable" signature="(System.Linq.IQueryable`1&lt;T&gt;,System.Int32)" line-rate="1" branch-rate="1" complexity="1">
              <lines>
                <line number="45" hits="8" branch="false" />
              </lines>
            </method>
          </methods>
          <lines>
            <line number="45" hits="8" branch="false" />
          </lines>
        </class>
        <class name="DKNet.EfCore.Extensions.Internal.AutoMapModelCustomizer" filename="/home/runner/work/DKNet/DKNet/EfCore/DKNet.EfCore.Extensions/Internal/AutoMapModelCustomizer.cs" line-rate="1" branch-rate="0.875" complexity="10">
          <methods>
            <method name="Customize" signature="(Microsoft.EntityFrameworkCore.ModelBuilder,Microsoft.EntityFrameworkCore.DbContext)" line-rate="1" branch-rate="1" complexity="1">
              <lines>
                <line number="10" hits="94" branch="false" />
                <line number="11" hits="94" branch="false" />
                <line number="12" hits="94" branch="false" />
                <line number="13" hits="94" branch="false" />
              </lines>
            </method>
            <method name="ConfigModelCreating" signature="(Microsoft.EntityFrameworkCore.DbContext,Microsoft.EntityFrameworkCore.ModelBuilder)" line-rate="1" branch-rate="0.875" complexity="8">
              <lines>
                <line number="16" hits="94" branch="false" />
                <line number="17" hits="94" branch="false" />
                <line number="18" hits="94" branch="false" />
                <line number="20" hits="94" branch="true" condition-coverage="50% (1/2)" />
                <line number="21" hits="94" branch="true" condition-coverage="100% (2/2)" />
                <line number="23" hits="94" branch="true" condition-coverage="100% (2/2)" />
                <line number="24" hits="25" branch="false" />
                <line number="27" hits="94" branch="false" />
                <line number="30" hits="94" branch="false" />
                <line number="36" hits="94" branch="false" />
                <line number="39" hits="94" branch="true" condition-coverage="100% (2/2)" />
                <line number="40" hits="56" branch="false" />
                <line number="45" hits="94" branch="false" />
              </lines>
            </method>
            <method name=".ctor" signature="(Microsoft.EntityFrameworkCore.Infrastructure.ModelCustomizer)" line-rate="1" branch-rate="1" complexity="1">
              <lines>
                <line number="7" hits="94" branch="false" />
              </lines>
            </method>
          </methods>
          <lines>
            <line number="7" hits="94" branch="false" />
            <line number="10" hits="94" branch="false" />
            <line number="11" hits="94" branch="false" />
            <line number="12" hits="94" branch="false" />
            <line number="13" hits="94" branch="false" />
            <line number="16" hits="94" branch="false" />
            <line number="17" hits="94" branch="false" />
            <line number="18" hits="94" branch="false" />
            <line number="20" hits="94" branch="true" condition-coverage="50% (1/2)" />
            <line number="21" hits="94" branch="true" condition-coverage="100% (2/2)" />
            <line number="23" hits="94" branch="true" condition-coverage="100% (2/2)" />
            <line number="24" hits="25" branch="false" />
            <line number="27" hits="94" branch="false" />
            <line number="30" hits="94" branch="false" />
            <line number="36" hits="94" branch="false" />
            <line number="39" hits="94" branch="true" condition-coverage="100% (2/2)" />
            <line number="40" hits="56" branch="false" />
            <line number="45" hits="94" branch="false" />
          </lines>
        </class>
        <class name="DKNet.EfCore.Extensions.Internal.EntityMappingExtensionInfo" filename="/home/runner/work/DKNet/DKNet/EfCore/DKNet.EfCore.Extensions/Internal/EntityMappingExtensionInfo.cs" line-rate="0.9" branch-rate="1" complexity="7">
          <methods>
            <method name="get_IsDatabaseProvider" signature="()" line-rate="1" branch-rate="1" complexity="1">
              <lines>
                <line number="9" hits="100" branch="false" />
              </lines>
            </method>
            <method name="get_LogFragment" signature="()" line-rate="0" branch-rate="1" complexity="1">
              <lines>
                <line number="11" hits="0" branch="false" />
              </lines>
            </method>
            <method name="GetServiceProviderHashCode" signature="()" line-rate="1" branch-rate="1" complexity="1">
              <lines>
                <line number="13" hits="309" branch="false" />
              </lines>
            </method>
            <method name="ShouldUseSameServiceProvider" signature="(Microsoft.EntityFrameworkCore.Infrastructure.DbContextOptionsExtensionInfo)" line-rate="1" branch-rate="1" complexity="1">
              <lines>
                <line number="14" hits="68" branch="false" />
              </lines>
            </method>
            <method name="PopulateDebugInfo" signature="(System.Collections.Generic.IDictionary`2&lt;System.String,System.String&gt;)" line-rate="1" branch-rate="1" complexity="2">
              <lines>
                <line number="17" hits="100" branch="false" />
                <line number="18" hits="100" branch="true" condition-coverage="100% (2/2)" />
                <line number="19" hits="100" branch="false" />
                <line number="20" hits="100" branch="false" />
                <line number="21" hits="100" branch="false" />
              </lines>
            </method>
            <method name=".ctor" signature="(DKNet.EfCore.Extensions.Registers.EntityAutoMappingRegister)" line-rate="1" branch-rate="1" complexity="1">
              <lines>
                <line number="7" hits="100" branch="false" />
              </lines>
            </method>
          </methods>
          <lines>
            <line number="7" hits="100" branch="false" />
            <line number="9" hits="100" branch="false" />
            <line number="11" hits="0" branch="false" />
            <line number="13" hits="309" branch="false" />
            <line number="14" hits="68" branch="false" />
            <line number="17" hits="100" branch="false" />
            <line number="18" hits="100" branch="true" condition-coverage="100% (2/2)" />
            <line number="19" hits="100" branch="false" />
            <line number="20" hits="100" branch="false" />
            <line number="21" hits="100" branch="false" />
          </lines>
        </class>
        <class name="DKNet.EfCore.Extensions.Internal.EntityMappingRegisterService" filename="/home/runner/work/DKNet/DKNet/EfCore/DKNet.EfCore.Extensions/Internal/EntityMappingRegisterService.cs" line-rate="1" branch-rate="1" complexity="3">
          <methods>
            <method name="get_EntityMapping" signature="()" line-rate="1" branch-rate="1" complexity="1">
              <lines>
                <line number="7" hits="194" branch="false" />
              </lines>
            </method>
            <method name=".ctor" signature="(DKNet.EfCore.Extensions.Registers.EntityAutoMappingRegister)" line-rate="1" branch-rate="1" complexity="2">
              <lines>
                <line number="5" hits="100" branch="false" />
              </lines>
            </method>
          </methods>
          <lines>
            <line number="5" hits="100" branch="false" />
            <line number="7" hits="194" branch="false" />
          </lines>
        </class>
        <class name="DKNet.EfCore.Extensions.Internal.EnumTables`1" filename="/home/runner/work/DKNet/DKNet/EfCore/DKNet.EfCore.Extensions/Internal/EnumTables.cs" line-rate="1" branch-rate="1" complexity="1">
          <methods>
            <method name="get_Id" signature="()" line-rate="1" branch-rate="1" complexity="1">
              <lines>
                <line number="7" hits="3" branch="false" />
              </lines>
            </method>
          </methods>
          <lines>
            <line number="7" hits="3" branch="false" />
          </lines>
        </class>
        <class name="DKNet.EfCore.Extensions.Registers.AutoEntityRegistrationInfo" filename="/home/runner/work/DKNet/DKNet/EfCore/DKNet.EfCore.Extensions/Registers/AutoEntityRegistrationInfo.cs" line-rate="0.7647058823529411" branch-rate="0.6363636363636364" complexity="25">
          <methods>
            <method name="get_DefaultEntityMapperTypes" signature="()" line-rate="1" branch-rate="1" complexity="1">
              <lines>
                <line number="17" hits="399" branch="false" />
              </lines>
            </method>
            <method name="get_EntityAssemblies" signature="()" line-rate="1" branch-rate="1" complexity="1">
              <lines>
                <line number="19" hits="538" branch="false" />
              </lines>
            </method>
            <method name="get_Predicate" signature="()" line-rate="1" branch-rate="1" complexity="1">
              <lines>
                <line number="21" hits="94" branch="false" />
              </lines>
            </method>
            <method name="WithDefaultMappersType" signature="(System.Type[])" line-rate="0.8333333333333334" branch-rate="0.7" complexity="10">
              <lines>
                <line number="30" hits="109" branch="false" />
                <line number="31" hits="109" branch="true" condition-coverage="50% (2/4)" />
                <line number="32" hits="0" branch="false" />
                <line number="34" hits="218" branch="true" condition-coverage="50% (1/2)" />
                <line number="35" hits="0" branch="false" />
                <line number="37" hits="218" branch="true" condition-coverage="100% (2/2)" />
                <line number="38" hits="330" branch="true" condition-coverage="100% (2/2)" />
                <line number="39" hits="3" branch="false" />
                <line number="40" hits="3" branch="false" />
                <line number="42" hits="106" branch="false" />
                <line number="43" hits="106" branch="false" />
                <line number="44" hits="106" branch="false" />
              </lines>
            </method>
            <method name="WithFilter" signature="(System.Linq.Expressions.Expression`1&lt;System.Func`2&lt;System.Type,System.Boolean&gt;&gt;)" line-rate="0.5" branch-rate="0.5" complexity="2">
              <lines>
                <line number="53" hits="3" branch="false" />
                <line number="54" hits="3" branch="true" condition-coverage="50% (1/2)" />
                <line number="55" hits="0" branch="false" />
                <line number="56" hits="0" branch="false" />
              </lines>
            </method>
            <method name="Validate" signature="()" line-rate="0.6666666666666666" branch-rate="0.625" complexity="8">
              <lines>
                <line number="63" hits="75" branch="false" />
                <line number="64" hits="135" branch="true" condition-coverage="100% (2/2)" />
                <line number="66" hits="30" branch="true" condition-coverage="50% (1/2)" />
                <line number="67" hits="0" branch="false" />
                <line number="69" hits="30" branch="true" condition-coverage="50% (1/2)" />
                <line number="70" hits="45" branch="true" condition-coverage="50% (1/2)" />
                <line number="71" hits="0" branch="false" />
                <line number="72" hits="0" branch="false" />
                <line number="73" hits="75" branch="false" />
              </lines>
            </method>
            <method name=".ctor" signature="(System.Reflection.Assembly[])" line-rate="0.8333333333333334" branch-rate="0.5" complexity="2">
              <lines>
                <line number="9" hits="115" branch="false" />
                <line number="10" hits="115" branch="false" />
                <line number="11" hits="115" branch="true" condition-coverage="50% (1/2)" />
                <line number="12" hits="0" branch="false" />
                <line number="14" hits="115" branch="false" />
                <line number="15" hits="115" branch="false" />
              </lines>
            </method>
          </methods>
          <lines>
            <line number="9" hits="115" branch="false" />
            <line number="10" hits="115" branch="false" />
            <line number="11" hits="115" branch="true" condition-coverage="50% (1/2)" />
            <line number="12" hits="0" branch="false" />
            <line number="14" hits="115" branch="false" />
            <line number="15" hits="115" branch="false" />
            <line number="17" hits="399" branch="false" />
            <line number="19" hits="538" branch="false" />
            <line number="21" hits="94" branch="false" />
            <line number="30" hits="109" branch="false" />
            <line number="31" hits="109" branch="true" condition-coverage="50% (2/4)" />
            <line number="32" hits="0" branch="false" />
            <line number="34" hits="218" branch="true" condition-coverage="50% (1/2)" />
            <line number="35" hits="0" branch="false" />
            <line number="37" hits="218" branch="true" condition-coverage="100% (2/2)" />
            <line number="38" hits="330" branch="true" condition-coverage="100% (2/2)" />
            <line number="39" hits="3" branch="false" />
            <line number="40" hits="3" branch="false" />
            <line number="42" hits="106" branch="false" />
            <line number="43" hits="106" branch="false" />
            <line number="44" hits="106" branch="false" />
            <line number="53" hits="3" branch="false" />
            <line number="54" hits="3" branch="true" condition-coverage="50% (1/2)" />
            <line number="55" hits="0" branch="false" />
            <line number="56" hits="0" branch="false" />
            <line number="63" hits="75" branch="false" />
            <line number="64" hits="135" branch="true" condition-coverage="100% (2/2)" />
            <line number="66" hits="30" branch="true" condition-coverage="50% (1/2)" />
            <line number="67" hits="0" branch="false" />
            <line number="69" hits="30" branch="true" condition-coverage="50% (1/2)" />
            <line number="70" hits="45" branch="true" condition-coverage="50% (1/2)" />
            <line number="71" hits="0" branch="false" />
            <line number="72" hits="0" branch="false" />
            <line number="73" hits="75" branch="false" />
          </lines>
        </class>
        <class name="DKNet.EfCore.Extensions.Registers.EntityAutoMappingRegister" filename="/home/runner/work/DKNet/DKNet/EfCore/DKNet.EfCore.Extensions/Registers/IEntityAutoMappingRegister.cs" line-rate="0.9666666666666667" branch-rate="0.9" complexity="12">
          <methods>
            <method name="get_Info" signature="()" line-rate="1" branch-rate="1" complexity="2">
              <lines>
                <line number="28" hits="545" branch="true" condition-coverage="100% (2/2)" />
              </lines>
            </method>
            <method name="get_Registrations" signature="()" line-rate="1" branch-rate="1" complexity="1">
              <lines>
                <line number="29" hits="747" branch="false" />
              </lines>
            </method>
            <method name="ApplyServices" signature="(Microsoft.Extensions.DependencyInjection.IServiceCollection)" line-rate="1" branch-rate="0.75" complexity="4">
              <lines>
                <line number="32" hits="100" branch="false" />
                <line number="34" hits="100" branch="true" condition-coverage="50% (1/2)" />
                <line number="37" hits="100" branch="false" />
                <line number="40" hits="4158" branch="false" />
                <line number="42" hits="100" branch="true" condition-coverage="100% (2/2)" />
                <line number="43" hits="3" branch="false" />
                <line number="45" hits="3" branch="false" />
                <line number="46" hits="3" branch="false" />
                <line number="47" hits="3" branch="false" />
                <line number="49" hits="97" branch="false" />
                <line number="51" hits="97" branch="false" />
                <line number="52" hits="97" branch="false" />
                <line number="53" hits="97" branch="false" />
                <line number="54" hits="97" branch="false" />
                <line number="55" hits="97" branch="false" />
                <line number="61" hits="100" branch="false" />
              </lines>
            </method>
            <method name="AddExtraServices" signature="(System.Action`1&lt;Microsoft.Extensions.DependencyInjection.IServiceCollection&gt;)" line-rate="0" branch-rate="1" complexity="1">
              <lines>
                <line number="67" hits="0" branch="false" />
              </lines>
            </method>
            <method name="ScanFrom" signature="(System.Reflection.Assembly[])" line-rate="1" branch-rate="1" complexity="2">
              <lines>
                <line number="79" hits="106" branch="false" />
                <line number="80" hits="106" branch="true" condition-coverage="100% (2/2)" />
                <line number="81" hits="3" branch="false" />
                <line number="83" hits="106" branch="false" />
                <line number="84" hits="106" branch="false" />
                <line number="85" hits="106" branch="false" />
                <line number="86" hits="106" branch="false" />
              </lines>
            </method>
            <method name="Validate" signature="(Microsoft.EntityFrameworkCore.Infrastructure.IDbContextOptions)" line-rate="1" branch-rate="1" complexity="2">
              <lines>
                <line number="89" hits="100" branch="false" />
                <line number="90" hits="450" branch="true" condition-coverage="100% (2/2)" />
                <line number="91" hits="75" branch="false" />
                <line number="92" hits="100" branch="false" />
              </lines>
            </method>
          </methods>
          <lines>
            <line number="28" hits="545" branch="true" condition-coverage="100% (2/2)" />
            <line number="29" hits="747" branch="false" />
            <line number="32" hits="100" branch="false" />
            <line number="34" hits="100" branch="true" condition-coverage="50% (1/2)" />
            <line number="37" hits="100" branch="false" />
            <line number="40" hits="4158" branch="false" />
            <line number="42" hits="100" branch="true" condition-coverage="100% (2/2)" />
            <line number="43" hits="3" branch="false" />
            <line number="45" hits="3" branch="false" />
            <line number="46" hits="3" branch="false" />
            <line number="47" hits="3" branch="false" />
            <line number="49" hits="97" branch="false" />
            <line number="51" hits="97" branch="false" />
            <line number="52" hits="97" branch="false" />
            <line number="53" hits="97" branch="false" />
            <line number="54" hits="97" branch="false" />
            <line number="55" hits="97" branch="false" />
            <line number="61" hits="100" branch="false" />
            <line number="67" hits="0" branch="false" />
            <line number="79" hits="106" branch="false" />
            <line number="80" hits="106" branch="true" condition-coverage="100% (2/2)" />
            <line number="81" hits="3" branch="false" />
            <line number="83" hits="106" branch="false" />
            <line number="84" hits="106" branch="false" />
            <line number="85" hits="106" branch="false" />
            <line number="86" hits="106" branch="false" />
            <line number="89" hits="100" branch="false" />
            <line number="90" hits="450" branch="true" condition-coverage="100% (2/2)" />
            <line number="91" hits="75" branch="false" />
            <line number="92" hits="100" branch="false" />
          </lines>
        </class>
        <class name="DKNet.EfCore.Extensions.Registers.SequenceRegister" filename="/home/runner/work/DKNet/DKNet/EfCore/DKNet.EfCore.Extensions/Registers/SequenceRegister.cs" line-rate="0.9333333333333333" branch-rate="0.875" complexity="18">
          <methods>
            <method name="GetAttribute" signature="(System.Type)" line-rate="1" branch-rate="1" complexity="1">
              <lines>
                <line number="12" hits="89" branch="false" />
              </lines>
            </method>
            <method name="GetFieldAttributeOrDefault" signature="(System.Type,System.Object)" line-rate="1" branch-rate="1" complexity="2">
              <lines>
                <line number="15" hits="147" branch="true" condition-coverage="100% (2/2)" />
              </lines>
            </method>
            <method name="GetSequenceName" signature="(System.Object)" line-rate="1" branch-rate="1" complexity="1">
              <lines>
                <line number="17" hits="153" branch="false" />
              </lines>
            </method>
            <method name="RegisterSequencesFrom" signature="(Microsoft.EntityFrameworkCore.ModelBuilder,System.Collections.Generic.IEnumerable`1&lt;DKNet.EfCore.Extensions.Registers.AutoEntityRegistrationInfo&gt;)" line-rate="1" branch-rate="1" complexity="2">
              <lines>
                <line number="26" hits="56" branch="false" />
                <line number="27" hits="56" branch="false" />
                <line number="28" hits="112" branch="false" />
                <line number="29" hits="184" branch="false" />
                <line number="31" hits="280" branch="true" condition-coverage="100% (2/2)" />
                <line number="32" hits="56" branch="false" />
                <line number="33" hits="56" branch="false" />
              </lines>
            </method>
            <method name="RegisterSequencesFromEnumType" signature="(Microsoft.EntityFrameworkCore.ModelBuilder,System.Type)" line-rate="0.9" branch-rate="0.8333333333333334" complexity="12">
              <lines>
                <line number="36" hits="56" branch="false" />
                <line number="37" hits="56" branch="false" />
                <line number="38" hits="56" branch="true" condition-coverage="100% (2/2)" />
                <line number="40" hits="56" branch="false" />
                <line number="42" hits="408" branch="true" condition-coverage="100% (2/2)" />
                <line number="43" hits="120" branch="false" />
                <line number="44" hits="120" branch="false" />
                <line number="45" hits="120" branch="false" />
                <line number="47" hits="120" branch="false" />
                <line number="49" hits="120" branch="true" condition-coverage="50% (1/2)" />
                <line number="50" hits="0" branch="false" />
                <line number="51" hits="120" branch="true" condition-coverage="100% (2/2)" />
                <line number="52" hits="16" branch="false" />
                <line number="53" hits="120" branch="true" condition-coverage="50% (1/2)" />
                <line number="54" hits="0" branch="false" />
                <line number="55" hits="120" branch="true" condition-coverage="100% (2/2)" />
                <line number="56" hits="64" branch="false" />
                <line number="58" hits="120" branch="false" />
                <line number="59" hits="120" branch="false" />
                <line number="60" hits="56" branch="false" />
              </lines>
            </method>
          </methods>
          <lines>
            <line number="12" hits="89" branch="false" />
            <line number="15" hits="147" branch="true" condition-coverage="100% (2/2)" />
            <line number="17" hits="153" branch="false" />
            <line number="26" hits="56" branch="false" />
            <line number="27" hits="56" branch="false" />
            <line number="28" hits="112" branch="false" />
            <line number="29" hits="184" branch="false" />
            <line number="31" hits="280" branch="true" condition-coverage="100% (2/2)" />
            <line number="32" hits="56" branch="false" />
            <line number="33" hits="56" branch="false" />
            <line number="36" hits="56" branch="false" />
            <line number="37" hits="56" branch="false" />
            <line number="38" hits="56" branch="true" condition-coverage="100% (2/2)" />
            <line number="40" hits="56" branch="false" />
            <line number="42" hits="408" branch="true" condition-coverage="100% (2/2)" />
            <line number="43" hits="120" branch="false" />
            <line number="44" hits="120" branch="false" />
            <line number="45" hits="120" branch="false" />
            <line number="47" hits="120" branch="false" />
            <line number="49" hits="120" branch="true" condition-coverage="50% (1/2)" />
            <line number="50" hits="0" branch="false" />
            <line number="51" hits="120" branch="true" condition-coverage="100% (2/2)" />
            <line number="52" hits="16" branch="false" />
            <line number="53" hits="120" branch="true" condition-coverage="50% (1/2)" />
            <line number="54" hits="0" branch="false" />
            <line number="55" hits="120" branch="true" condition-coverage="100% (2/2)" />
            <line number="56" hits="64" branch="false" />
            <line number="58" hits="120" branch="false" />
            <line number="59" hits="120" branch="false" />
            <line number="60" hits="56" branch="false" />
          </lines>
        </class>
        <class name="DKNet.EfCore.Extensions.Registers.StaticEnumDataRegister" filename="/home/runner/work/DKNet/DKNet/EfCore/DKNet.EfCore.Extensions/Registers/StaticEnumDataRegister.cs" line-rate="0.9833333333333333" branch-rate="0.8666666666666667" complexity="31">
          <methods>
            <method name="RegisterStaticDataFrom" signature="(Microsoft.EntityFrameworkCore.ModelBuilder,System.Collections.Generic.IEnumerable`1&lt;DKNet.EfCore.Extensions.Registers.AutoEntityRegistrationInfo&gt;)" line-rate="1" branch-rate="1" complexity="2">
              <lines>
                <line number="24" hits="94" branch="false" />
                <line number="25" hits="398" branch="true" condition-coverage="100% (2/2)" />
                <line number="26" hits="188" branch="false" />
                <line number="27" hits="58" branch="false" />
                <line number="28" hits="94" branch="false" />
              </lines>
            </method>
            <method name="RegisterStaticDataFromEnumType" signature="(Microsoft.EntityFrameworkCore.ModelBuilder,System.Type)" line-rate="0.8888888888888888" branch-rate="0.75" complexity="4">
              <lines>
                <line number="31" hits="58" branch="false" />
                <line number="32" hits="58" branch="false" />
                <line number="33" hits="58" branch="true" condition-coverage="100% (2/2)" />
                <line number="35" hits="58" branch="false" />
                <line number="37" hits="58" branch="true" condition-coverage="50% (1/2)" />
                <line number="38" hits="0" branch="false" />
                <line number="40" hits="58" branch="false" />
                <line number="41" hits="58" branch="false" />
                <line number="42" hits="58" branch="false" />
              </lines>
            </method>
            <method name="RegisterStaticDataType" signature="(Microsoft.EntityFrameworkCore.ModelBuilder,DKNet.EfCore.Abstractions.Attributes.StaticDataAttribute)" line-rate="1" branch-rate="0.875" complexity="24">
              <lines>
                <line number="46" hits="58" branch="false" />
                <line number="47" hits="58" branch="false" />
                <line number="48" hits="58" branch="true" condition-coverage="50% (3/6)" />
                <line number="49" hits="58" branch="false" />
                <line number="51" hits="58" branch="false" />
                <line number="52" hits="58" branch="false" />
                <line number="54" hits="522" branch="true" condition-coverage="100% (2/2)" />
                <line number="55" hits="174" branch="false" />
                <line number="56" hits="174" branch="true" condition-coverage="100% (2/2)" />
                <line number="57" hits="174" branch="false" />
                <line number="59" hits="174" branch="true" condition-coverage="100% (2/2)" />
                <line number="60" hits="58" branch="false" />
                <line number="61" hits="58" branch="false" />
                <line number="62" hits="58" branch="false" />
                <line number="63" hits="58" branch="false" />
                <line number="65" hits="58" branch="false" />
                <line number="67" hits="58" branch="false" />
                <line number="68" hits="58" branch="false" />
                <line number="69" hits="58" branch="false" />
                <line number="71" hits="58" branch="true" condition-coverage="100% (2/2)" />
                <line number="72" hits="29" branch="false" />
                <line number="73" hits="29" branch="false" />
                <line number="74" hits="29" branch="false" />
                <line number="76" hits="29" branch="false" />
                <line number="77" hits="29" branch="false" />
                <line number="79" hits="29" branch="false" />
                <line number="80" hits="29" branch="false" />
                <line number="82" hits="58" branch="false" />
                <line number="83" hits="58" branch="false" />
                <line number="85" hits="174" branch="true" condition-coverage="100% (2/2)" />
                <line number="86" hits="87" branch="true" condition-coverage="100% (8/8)" />
                <line number="87" hits="87" branch="false" />
                <line number="88" hits="87" branch="false" />
                <line number="89" hits="87" branch="false" />
                <line number="90" hits="87" branch="false" />
                <line number="91" hits="87" branch="false" />
                <line number="92" hits="87" branch="false" />
                <line number="94" hits="87" branch="false" />
                <line number="95" hits="87" branch="false" />
                <line number="96" hits="87" branch="false" />
                <line number="97" hits="87" branch="false" />
                <line number="98" hits="87" branch="false" />
                <line number="99" hits="174" branch="false" />
                <line number="100" hits="58" branch="false" />
              </lines>
            </method>
            <method name=".cctor" signature="()" line-rate="1" branch-rate="1" complexity="1">
              <lines>
                <line number="14" hits="5" branch="false" />
                <line number="15" hits="5" branch="false" />
              </lines>
            </method>
          </methods>
          <lines>
            <line number="14" hits="5" branch="false" />
            <line number="15" hits="5" branch="false" />
            <line number="24" hits="94" branch="false" />
            <line number="25" hits="398" branch="true" condition-coverage="100% (2/2)" />
            <line number="26" hits="188" branch="false" />
            <line number="27" hits="58" branch="false" />
            <line number="28" hits="94" branch="false" />
            <line number="31" hits="58" branch="false" />
            <line number="32" hits="58" branch="false" />
            <line number="33" hits="58" branch="true" condition-coverage="100% (2/2)" />
            <line number="35" hits="58" branch="false" />
            <line number="37" hits="58" branch="true" condition-coverage="50% (1/2)" />
            <line number="38" hits="0" branch="false" />
            <line number="40" hits="58" branch="false" />
            <line number="41" hits="58" branch="false" />
            <line number="42" hits="58" branch="false" />
            <line number="46" hits="58" branch="false" />
            <line number="47" hits="58" branch="false" />
            <line number="48" hits="58" branch="true" condition-coverage="50% (3/6)" />
            <line number="49" hits="58" branch="false" />
            <line number="51" hits="58" branch="false" />
            <line number="52" hits="58" branch="false" />
            <line number="54" hits="522" branch="true" condition-coverage="100% (2/2)" />
            <line number="55" hits="174" branch="false" />
            <line number="56" hits="174" branch="true" condition-coverage="100% (2/2)" />
            <line number="57" hits="174" branch="false" />
            <line number="59" hits="174" branch="true" condition-coverage="100% (2/2)" />
            <line number="60" hits="58" branch="false" />
            <line number="61" hits="58" branch="false" />
            <line number="62" hits="58" branch="false" />
            <line number="63" hits="58" branch="false" />
            <line number="65" hits="58" branch="false" />
            <line number="67" hits="58" branch="false" />
            <line number="68" hits="58" branch="false" />
            <line number="69" hits="58" branch="false" />
            <line number="71" hits="58" branch="true" condition-coverage="100% (2/2)" />
            <line number="72" hits="29" branch="false" />
            <line number="73" hits="29" branch="false" />
            <line number="74" hits="29" branch="false" />
            <line number="76" hits="29" branch="false" />
            <line number="77" hits="29" branch="false" />
            <line number="79" hits="29" branch="false" />
            <line number="80" hits="29" branch="false" />
            <line number="82" hits="58" branch="false" />
            <line number="83" hits="58" branch="false" />
            <line number="85" hits="174" branch="true" condition-coverage="100% (2/2)" />
            <line number="86" hits="87" branch="true" condition-coverage="100% (8/8)" />
            <line number="87" hits="87" branch="false" />
            <line number="88" hits="87" branch="false" />
            <line number="89" hits="87" branch="false" />
            <line number="90" hits="87" branch="false" />
            <line number="91" hits="87" branch="false" />
            <line number="92" hits="87" branch="false" />
            <line number="94" hits="87" branch="false" />
            <line number="95" hits="87" branch="false" />
            <line number="96" hits="87" branch="false" />
            <line number="97" hits="87" branch="false" />
            <line number="98" hits="87" branch="false" />
            <line number="99" hits="174" branch="false" />
            <line number="100" hits="58" branch="false" />
          </lines>
        </class>
        <class name="DKNet.EfCore.Extensions.Snapshots.SnapshotContext" filename="/home/runner/work/DKNet/DKNet/EfCore/DKNet.EfCore.Extensions/Snapshots/SnapshotContext.cs" line-rate="1" branch-rate="0.5" complexity="6">
          <methods>
            <method name="get_DbContext" signature="()" line-rate="1" branch-rate="0.5" complexity="2">
              <lines>
                <line number="20" hits="78" branch="true" condition-coverage="50% (1/2)" />
              </lines>
            </method>
            <method name="get_SnapshotEntities" signature="()" line-rate="1" branch-rate="0.5" complexity="2">
              <lines>
                <line number="28" hits="66" branch="false" />
                <line number="30" hits="66" branch="true" condition-coverage="50% (1/2)" />
                <line number="32" hits="852" branch="false" />
                <line number="34" hits="66" branch="false" />
                <line number="35" hits="66" branch="false" />
              </lines>
            </method>
            <method name="Dispose" signature="()" line-rate="1" branch-rate="1" complexity="1">
[...]
            <line number="34" hits="112390" branch="false" />
            <line number="36" hits="262135" branch="false" />
            <line number="38" hits="224445" branch="false" />
            <line number="43" hits="74875" branch="false" />
            <line number="44" hits="74890" branch="true" condition-coverage="100% (2/2)" />
            <line number="45" hits="74860" branch="false" />
            <line number="46" hits="74860" branch="false" />
            <line number="47" hits="74875" branch="false" />
            <line number="50" hits="10" branch="false" />
            <line number="52" hits="523930" branch="false" />
          </lines>
        </class>
        <class name="DKNet.Svc.Transformation.TokenResolvers.TokenResolver" filename="/home/runner/work/DKNet/DKNet/Services/DKNet.Svc.Transformation/TokenResolvers/TokenResolver.cs" line-rate="0.8125" branch-rate="0.875" complexity="33">
          <methods>
            <method name="Resolve" signature="(DKNet.Svc.Transformation.TokenExtractors.IToken,System.Object[])" line-rate="0.9354838709677419" branch-rate="0.8666666666666667" complexity="30">
              <lines>
                <line number="19" hits="74850" branch="false" />
                <line number="20" hits="74850" branch="false" />
                <line number="22" hits="74845" branch="true" condition-coverage="50% (2/4)" />
                <line number="23" hits="0" branch="false" />
                <line number="25" hits="74845" branch="false" />
                <line number="27" hits="299440" branch="true" condition-coverage="100% (2/2)" />
                <line number="28" hits="74870" branch="false" />
                <line number="29" hits="74880" branch="true" condition-coverage="100% (2/2)" />
                <line number="31" hits="74860" branch="false" />
                <line number="33" hits="74860" branch="true" condition-coverage="100% (4/4)" />
                <line number="36" hits="15" branch="false" />
                <line number="37" hits="15" branch="true" condition-coverage="100% (2/2)" />
                <line number="38" hits="5" branch="false" />
                <line number="39" hits="5" branch="false" />
                <line number="41" hits="20" branch="true" condition-coverage="100% (2/2)" />
                <line number="42" hits="10" branch="true" condition-coverage="100% (2/2)" />
                <line number="43" hits="10" branch="false" />
                <line number="46" hits="10" branch="false" />
                <line number="47" hits="35" branch="true" condition-coverage="100% (2/2)" />
                <line number="48" hits="5" branch="false" />
                <line number="49" hits="5" branch="true" condition-coverage="100% (2/2)" />
                <line number="50" hits="5" branch="true" condition-coverage="50% (1/2)" />
                <line number="51" hits="10" branch="true" condition-coverage="50% (1/2)" />
                <line number="52" hits="0" branch="false" />
                <line number="54" hits="10" branch="false" />
                <line number="57" hits="74835" branch="true" condition-coverage="100% (2/2)" />
                <line number="58" hits="74835" branch="false" />
                <line number="61" hits="149685" branch="true" condition-coverage="100% (2/2)" />
                <line number="62" hits="25" branch="false" />
                <line number="64" hits="10" branch="false" />
                <line number="65" hits="74840" branch="false" />
              </lines>
            </method>
            <method name="ResolveAsync" signature="(DKNet.Svc.Transformation.TokenExtractors.IToken,System.Object[])" line-rate="1" branch-rate="1" complexity="1">
              <lines>
                <line number="67" hits="30" branch="false" />
              </lines>
            </method>
            <method name="GetProperty" signature="(System.Object,System.String)" line-rate="0.5625" branch-rate="1" complexity="2">
              <lines>
                <line number="70" hits="74840" branch="false" />
                <line number="72" hits="74840" branch="false" />
                <line number="73" hits="74840" branch="true" condition-coverage="100% (2/2)" />
                <line number="74" hits="74840" branch="false" />
                <line number="75" hits="74840" branch="false" />
                <line number="76" hits="74840" branch="false" />
                <line number="77" hits="74840" branch="false" />
                <line number="78" hits="74840" branch="false" />
                <line number="80" hits="0" branch="false" />
                <line number="81" hits="0" branch="false" />
                <line number="82" hits="0" branch="false" />
                <line number="83" hits="0" branch="false" />
                <line number="84" hits="0" branch="false" />
                <line number="85" hits="0" branch="false" />
                <line number="86" hits="0" branch="false" />
                <line number="88" hits="74840" branch="false" />
              </lines>
            </method>
          </methods>
          <lines>
            <line number="19" hits="74850" branch="false" />
            <line number="20" hits="74850" branch="false" />
            <line number="22" hits="74845" branch="true" condition-coverage="50% (2/4)" />
            <line number="23" hits="0" branch="false" />
            <line number="25" hits="74845" branch="false" />
            <line number="27" hits="299440" branch="true" condition-coverage="100% (2/2)" />
            <line number="28" hits="74870" branch="false" />
            <line number="29" hits="74880" branch="true" condition-coverage="100% (2/2)" />
            <line number="31" hits="74860" branch="false" />
            <line number="33" hits="74860" branch="true" condition-coverage="100% (4/4)" />
            <line number="36" hits="15" branch="false" />
            <line number="37" hits="15" branch="true" condition-coverage="100% (2/2)" />
            <line number="38" hits="5" branch="false" />
            <line number="39" hits="5" branch="false" />
            <line number="41" hits="20" branch="true" condition-coverage="100% (2/2)" />
            <line number="42" hits="10" branch="true" condition-coverage="100% (2/2)" />
            <line number="43" hits="10" branch="false" />
            <line number="46" hits="10" branch="false" />
            <line number="47" hits="35" branch="true" condition-coverage="100% (2/2)" />
            <line number="48" hits="5" branch="false" />
            <line number="49" hits="5" branch="true" condition-coverage="100% (2/2)" />
            <line number="50" hits="5" branch="true" condition-coverage="50% (1/2)" />
            <line number="51" hits="10" branch="true" condition-coverage="50% (1/2)" />
            <line number="52" hits="0" branch="false" />
            <line number="54" hits="10" branch="false" />
            <line number="57" hits="74835" branch="true" condition-coverage="100% (2/2)" />
            <line number="58" hits="74835" branch="false" />
            <line number="61" hits="149685" branch="true" condition-coverage="100% (2/2)" />
            <line number="62" hits="25" branch="false" />
            <line number="64" hits="10" branch="false" />
            <line number="65" hits="74840" branch="false" />
            <line number="67" hits="30" branch="false" />
            <line number="70" hits="74840" branch="false" />
            <line number="72" hits="74840" branch="false" />
            <line number="73" hits="74840" branch="true" condition-coverage="100% (2/2)" />
            <line number="74" hits="74840" branch="false" />
            <line number="75" hits="74840" branch="false" />
            <line number="76" hits="74840" branch="false" />
            <line number="77" hits="74840" branch="false" />
            <line number="78" hits="74840" branch="false" />
            <line number="80" hits="0" branch="false" />
            <line number="81" hits="0" branch="false" />
            <line number="82" hits="0" branch="false" />
            <line number="83" hits="0" branch="false" />
            <line number="84" hits="0" branch="false" />
            <line number="85" hits="0" branch="false" />
            <line number="86" hits="0" branch="false" />
            <line number="88" hits="74840" branch="false" />
          </lines>
        </class>
        <class name="DKNet.Svc.Transformation.TransformerService" filename="/home/runner/work/DKNet/DKNet/Services/DKNet.Svc.Transformation/TransformerService.cs" line-rate="0.9791666666666666" branch-rate="0.875" complexity="22">
          <methods>
            <method name="TryGetAndCacheValue" signature="(DKNet.Svc.Transformation.TokenExtractors.IToken,System.Object[])" line-rate="1" branch-rate="0.5" complexity="2">
              <lines>
                <line number="57" hits="74820" branch="true" condition-coverage="50% (1/2)" />
                <line number="58" hits="74820" branch="false" />
                <line number="59" hits="74820" branch="false" />
                <line number="60" hits="74820" branch="false" />
              </lines>
            </method>
            <method name="TryGetValue" signature="(DKNet.Svc.Transformation.TokenExtractors.IToken,System.Object[])" line-rate="1" branch-rate="1" complexity="6">
              <lines>
                <line number="85" hits="74820" branch="false" />
                <line number="86" hits="74820" branch="false" />
                <line number="88" hits="74820" branch="true" condition-coverage="100% (2/2)" />
                <line number="89" hits="74815" branch="false" />
                <line number="91" hits="74820" branch="true" condition-coverage="100% (4/4)" />
                <line number="92" hits="10" branch="false" />
                <line number="94" hits="74820" branch="false" />
                <line number="95" hits="74820" branch="false" />
              </lines>
            </method>
            <method name="ClearCache" signature="()" line-rate="0" branch-rate="1" complexity="1">
              <lines>
                <line number="97" hits="0" branch="false" />
              </lines>
            </method>
            <method name=".ctor" signature="(DKNet.Svc.Transformation.TransformOptions)" line-rate="1" branch-rate="1" complexity="1">
              <lines>
                <line number="8" hits="35" branch="false" />
                <line number="10" hits="35" branch="false" />
              </lines>
            </method>
            <method name="InternalTransformAsync" signature="()" line-rate="1" branch-rate="1" complexity="6">
              <lines>
                <line number="31" hits="35" branch="false" />
                <line number="32" hits="35" branch="false" />
                <line number="33" hits="35" branch="false" />
                <line number="35" hits="336760" branch="false" />
                <line number="36" hits="112220" branch="false" />
                <line number="37" hits="112220" branch="true" condition-coverage="100% (4/4)" />
                <line number="38" hits="112220" branch="false" />
                <line number="39" hits="112220" branch="false" />
                <line number="41" hits="112215" branch="false" />
                <line number="43" hits="112215" branch="false" />
                <line number="44" hits="112215" branch="false" />
                <line number="45" hits="112215" branch="false" />
                <line number="47" hits="30" branch="false" />
                <line number="48" hits="30" branch="false" />
              </lines>
            </method>
            <method name="TransformAsync" signature="()" line-rate="1" branch-rate="1" complexity="1">
              <lines>
                <line number="13" hits="30" branch="false" />
                <line number="14" hits="120" branch="false" />
                <line number="15" hits="30" branch="false" />
                <line number="16" hits="120" branch="false" />
                <line number="17" hits="30" branch="false" />
                <line number="18" hits="25" branch="false" />
              </lines>
            </method>
            <method name="TransformAsync" signature="()" line-rate="1" branch-rate="1" complexity="1">
              <lines>
                <line number="21" hits="5" branch="false" />
                <line number="22" hits="20" branch="false" />
                <line number="23" hits="5" branch="false" />
                <line number="24" hits="20" branch="false" />
                <line number="25" hits="5" branch="false" />
                <line number="26" hits="5" branch="false" />
              </lines>
            </method>
            <method name="TryGetAndCacheValueAsync" signature="()" line-rate="1" branch-rate="0.75" complexity="4">
              <lines>
                <line number="70" hits="112220" branch="false" />
                <line number="71" hits="187040" branch="true" condition-coverage="100% (2/2)" />
                <line number="72" hits="37400" branch="false" />
                <line number="73" hits="37400" branch="true" condition-coverage="50% (1/2)" />
                <line number="74" hits="37400" branch="false" />
                <line number="75" hits="37400" branch="false" />
                <line number="76" hits="112220" branch="false" />
              </lines>
            </method>
          </methods>
          <lines>
            <line number="8" hits="35" branch="false" />
            <line number="10" hits="35" branch="false" />
            <line number="13" hits="30" branch="false" />
            <line number="14" hits="120" branch="false" />
            <line number="15" hits="30" branch="false" />
            <line number="16" hits="120" branch="false" />
            <line number="17" hits="30" branch="false" />
            <line number="18" hits="25" branch="false" />
            <line number="21" hits="5" branch="false" />
            <line number="22" hits="20" branch="false" />
            <line number="23" hits="5" branch="false" />
            <line number="24" hits="20" branch="false" />
            <line number="25" hits="5" branch="false" />
            <line number="26" hits="5" branch="false" />
            <line number="31" hits="35" branch="false" />
            <line number="32" hits="35" branch="false" />
            <line number="33" hits="35" branch="false" />
            <line number="35" hits="336760" branch="false" />
            <line number="36" hits="112220" branch="false" />
            <line number="37" hits="112220" branch="true" condition-coverage="100% (4/4)" />
            <line number="38" hits="112220" branch="false" />
            <line number="39" hits="112220" branch="false" />
            <line number="41" hits="112215" branch="false" />
            <line number="43" hits="112215" branch="false" />
            <line number="44" hits="112215" branch="false" />
            <line number="45" hits="112215" branch="false" />
            <line number="47" hits="30" branch="false" />
            <line number="48" hits="30" branch="false" />
            <line number="57" hits="74820" branch="true" condition-coverage="50% (1/2)" />
            <line number="58" hits="74820" branch="false" />
            <line number="59" hits="74820" branch="false" />
            <line number="60" hits="74820" branch="false" />
            <line number="70" hits="112220" branch="false" />
            <line number="71" hits="187040" branch="true" condition-coverage="100% (2/2)" />
            <line number="72" hits="37400" branch="false" />
            <line number="73" hits="37400" branch="true" condition-coverage="50% (1/2)" />
            <line number="74" hits="37400" branch="false" />
            <line number="75" hits="37400" branch="false" />
            <line number="76" hits="112220" branch="false" />
            <line number="85" hits="74820" branch="false" />
            <line number="86" hits="74820" branch="false" />
            <line number="88" hits="74820" branch="true" condition-coverage="100% (2/2)" />
            <line number="89" hits="74815" branch="false" />
            <line number="91" hits="74820" branch="true" condition-coverage="100% (4/4)" />
            <line number="92" hits="10" branch="false" />
            <line number="94" hits="74820" branch="false" />
            <line number="95" hits="74820" branch="false" />
            <line number="97" hits="0" branch="false" />
          </lines>
        </class>
        <class name="DKNet.Svc.Transformation.TransformOptions" filename="/home/runner/work/DKNet/DKNet/Services/DKNet.Svc.Transformation/TransformOptions.cs" line-rate="1" branch-rate="1" complexity="5">
          <methods>
            <method name="get_DisabledLocalCache" signature="()" line-rate="1" branch-rate="1" complexity="1">
              <lines>
                <line number="12" hits="112260" branch="false" />
              </lines>
            </method>
            <method name="get_Formatter" signature="()" line-rate="1" branch-rate="1" complexity="1">
              <lines>
                <line number="17" hits="112250" branch="false" />
              </lines>
            </method>
            <method name="get_TokenExtractors" signature="()" line-rate="1" branch-rate="1" complexity="1">
              <lines>
                <line number="22" hits="70" branch="false" />
              </lines>
            </method>
            <method name="get_TokenResolver" signature="()" line-rate="1" branch-rate="1" complexity="1">
              <lines>
                <line number="27" hits="74860" branch="false" />
              </lines>
            </method>
            <method name="get_GlobalParameters" signature="()" line-rate="1" branch-rate="1" complexity="1">
              <lines>
                <line number="33" hits="60" branch="false" />
              </lines>
            </method>
          </methods>
          <lines>
            <line number="12" hits="112260" branch="false" />
            <line number="17" hits="112250" branch="false" />
            <line number="22" hits="70" branch="false" />
            <line number="27" hits="74860" branch="false" />
            <line number="33" hits="60" branch="false" />
          </lines>
        </class>
        <class name="Microsoft.Extensions.DependencyInjection.TransformSetup" filename="/home/runner/work/DKNet/DKNet/Services/DKNet.Svc.Transformation/TransformSetup.cs" line-rate="1" branch-rate="0.5" complexity="2">
          <methods>
            <method name="AddTransformerService" signature="(Microsoft.Extensions.DependencyInjection.IServiceCollection,System.Action`1&lt;DKNet.Svc.Transformation.TransformOptions&gt;)" line-rate="1" branch-rate="0.5" complexity="2">
              <lines>
                <line number="11" hits="5" branch="false" />
                <line number="12" hits="5" branch="false" />
                <line number="13" hits="5" branch="false" />
                <line number="14" hits="5" branch="true" condition-coverage="50% (1/2)" />
                <line number="15" hits="5" branch="false" />
                <line number="16" hits="5" branch="false" />
                <line number="17" hits="10" branch="false" />
              </lines>
            </method>
          </methods>
          <lines>
            <line number="11" hits="5" branch="false" />
            <line number="12" hits="5" branch="false" />
            <line number="13" hits="5" branch="false" />
            <line number="14" hits="5" branch="true" condition-coverage="50% (1/2)" />
            <line number="15" hits="5" branch="false" />
            <line number="16" hits="5" branch="false" />
            <line number="17" hits="10" branch="false" />
          </lines>
        </class>
      </classes>
    </package>
  </packages>
</coverage>