<?xml version="1.0" encoding="utf-8"?>
<coverage line-rate="0.7333" branch-rate="0.5" version="1.9" timestamp="1750667357" lines-covered="22" lines-valid="30" branches-covered="6" branches-valid="12">
  <sources>
    <source>/</source>
  </sources>
  <packages>
    <package name="DKNet.EfCore.Relational.Helpers" line-rate="0.7333" branch-rate="0.5" complexity="13">
      <classes>
        <class name="DKNet.EfCore.Relational.Helpers.DbContextHelpers" filename="home/runner/work/DKNet/DKNet/EfCore/DKNet.EfCore.Relational.Helpers/DbContextHelpers.cs" line-rate="1" branch-rate="0.8332999999999999" complexity="6">
          <methods>
            <method name="GetTableName" signature="(Microsoft.EntityFrameworkCore.DbContext)" line-rate="1" branch-rate="0.8332999999999999" complexity="6">
              <lines>
                <line number="20" hits="2" branch="False" />
                <line number="21" hits="2" branch="False" />
                <line number="22" hits="3" branch="True" condition-coverage="100% (2/2)">
                  <conditions>
                    <condition number="29" type="jump" coverage="100%" />
                  </conditions>
                </line>
                <line number="24" hits="1" branch="True" condition-coverage="100% (2/2)">
                  <conditions>
                    <condition number="49" type="jump" coverage="100%" />
                  </conditions>
                </line>
                <line number="25" hits="1" branch="True" condition-coverage="50% (1/2)">
                  <conditions>
                    <condition number="66" type="jump" coverage="50%" />
                  </conditions>
                </line>
                <line number="26" hits="1" branch="False" />
                <line number="27" hits="2" branch="False" />
              </lines>
            </method>
          </methods>
          <lines>
            <line number="20" hits="2" branch="False" />
            <line number="21" hits="2" branch="False" />
            <line number="22" hits="3" branch="True" condition-coverage="100% (2/2)">
              <conditions>
                <condition number="29" type="jump" coverage="100%" />
              </conditions>
            </line>
            <line number="24" hits="1" branch="True" condition-coverage="100% (2/2)">
              <conditions>
                <condition number="49" type="jump" coverage="100%" />
              </conditions>
            </line>
            <line number="25" hits="1" branch="True" condition-coverage="50% (1/2)">
              <conditions>
                <condition number="66" type="jump" coverage="50%" />
              </conditions>
            </line>
            <line number="26" hits="1" branch="False" />
            <line number="27" hits="2" branch="False" />
          </lines>
        </class>
        <class name="DKNet.EfCore.Relational.Helpers.DbContextHelpers/&lt;CreateTableAsync&gt;d__3`1" filename="home/runner/work/DKNet/DKNet/EfCore/DKNet.EfCore.Relational.Helpers/DbContextHelpers.cs" line-rate="0.7777" branch-rate="0.25" complexity="4">
          <methods>
            <method name="MoveNext" signature="()" line-rate="0.7777" branch-rate="0.25" complexity="4">
              <lines>
                <line number="56" hits="1" branch="False" />
                <line number="57" hits="1" branch="False" />
                <line number="58" hits="1" branch="True" condition-coverage="50% (1/2)">
                  <conditions>
                    <condition number="209" type="jump" coverage="50%" />
                  </conditions>
                </line>
                <line number="59" hits="1" branch="False" />
                <line number="60" hits="1" branch="False" />
                <line number="61" hits="1" branch="False" />
                <line number="64" hits="0" branch="True" condition-coverage="0% (0/2)">
                  <conditions>
                    <condition number="472" type="jump" coverage="0%" />
                  </conditions>
                </line>
                <line number="65" hits="0" branch="False" />
                <line number="66" hits="1" branch="False" />
              </lines>
            </method>
          </methods>
          <lines>
            <line number="56" hits="1" branch="False" />
            <line number="57" hits="1" branch="False" />
            <line number="58" hits="1" branch="True" condition-coverage="50% (1/2)">
              <conditions>
                <condition number="209" type="jump" coverage="50%" />
              </conditions>
            </line>
            <line number="59" hits="1" branch="False" />
            <line number="60" hits="1" branch="False" />
            <line number="61" hits="1" branch="False" />
            <line number="64" hits="0" branch="True" condition-coverage="0% (0/2)">
              <conditions>
                <condition number="472" type="jump" coverage="0%" />
              </conditions>
            </line>
            <line number="65" hits="0" branch="False" />
            <line number="66" hits="1" branch="False" />
          </lines>
        </class>
        <class name="DKNet.EfCore.Relational.Helpers.DbContextHelpers/&lt;GetDbConnection&gt;d__0" filename="home/runner/work/DKNet/DKNet/EfCore/DKNet.EfCore.Relational.Helpers/DbContextHelpers.cs" line-rate="0" branch-rate="0" complexity="2">
          <methods>
            <method name="MoveNext" signature="()" line-rate="0" branch-rate="0" complexity="2">
              <lines>
                <line number="12" hits="0" branch="False" />
                <line number="13" hits="0" branch="False" />
                <line number="14" hits="0" branch="True" condition-coverage="0% (0/2)">
                  <conditions>
                    <condition number="53" type="jump" coverage="0%" />
                  </conditions>
                </line>
                <line number="15" hits="0" branch="False" />
                <line number="16" hits="0" branch="False" />
                <line number="17" hits="0" branch="False" />
              </lines>
            </method>
          </methods>
          <lines>
            <line number="12" hits="0" branch="False" />
            <line number="13" hits="0" branch="False" />
            <line number="14" hits="0" branch="True" condition-coverage="0% (0/2)">
              <conditions>
                <condition number="53" type="jump" coverage="0%" />
              </conditions>
            </line>
            <line number="15" hits="0" branch="False" />
            <line number="16" hits="0" branch="False" />
            <line number="17" hits="0" branch="False" />
          </lines>
        </class>
        <class name="DKNet.EfCore.Relational.Helpers.DbContextHelpers/&lt;TableExistsAsync&gt;d__2`1" filename="home/runner/work/DKNet/DKNet/EfCore/DKNet.EfCore.Relational.Helpers/DbContextHelpers.cs" line-rate="1" branch-rate="1" complexity="1">
          <methods>
            <method name="MoveNext" signature="()" line-rate="1" branch-rate="1" complexity="1">
              <lines>
                <line number="37" hits="3" branch="False" />
                <line number="39" hits="3" branch="False" />
                <line number="40" hits="3" branch="False" />
                <line number="41" hits="2" branch="False" />
                <line number="43" hits="1" branch="False" />
                <line number="44" hits="1" branch="False" />
                <line number="45" hits="1" branch="False" />
                <line number="47" hits="3" branch="False" />
              </lines>
            </method>
          </methods>
          <lines>
            <line number="37" hits="3" branch="False" />
            <line number="39" hits="3" branch="False" />
            <line number="40" hits="3" branch="False" />
            <line number="41" hits="2" branch="False" />
            <line number="43" hits="1" branch="False" />
            <line number="44" hits="1" branch="False" />
            <line number="45" hits="1" branch="False" />
            <line number="47" hits="3" branch="False" />
          </lines>
        </class>
      </classes>
    </package>
  </packages>
</coverage>