<?xml version="1.0" encoding="utf-8"?>
<!DOCTYPE coverage SYSTEM "http://cobertura.sourceforge.net/xml/coverage-04.dtd">
<coverage line-rate="0.8721311475409836" branch-rate="0.8089887640449438" lines-covered="266" lines-valid="305" branches-covered="144" branches-valid="178" complexity="214" version="0" timestamp="1750667718">
  <sources>
    <source>/home/runner/work/DKNet/DKNet/Core/DKNet.Fw.Extensions/</source>
  </sources>
  <packages>
    <package name="DKNet.Fw.Extensions" line-rate="0.8721311475409836" branch-rate="0.8089887640449438" complexity="214">
      <classes>
        <class name="DKNet.Fw.Extensions.AttributeExtensions" filename="/home/runner/work/DKNet/DKNet/Core/DKNet.Fw.Extensions/AttributeExtensions.cs" line-rate="1" branch-rate="0.6666666666666666" complexity="6">
          <methods>
            <method name="HasAttribute" signature="(System.Reflection.PropertyInfo,System.Boolean)" line-rate="1" branch-rate="1" complexity="2">
              <lines>
                <line number="20" hits="4" branch="true" condition-coverage="100% (2/2)" />
              </lines>
            </method>
            <method name="HasAttribute" signature="(System.Type,System.Boolean)" line-rate="1" branch-rate="0.5" complexity="2">
              <lines>
                <line number="31" hits="3" branch="true" condition-coverage="50% (1/2)" />
              </lines>
            </method>
            <method name="HasAttributeOnProperty" signature="(System.Object,System.String,System.Boolean)" line-rate="1" branch-rate="0.5" complexity="2">
              <lines>
                <line number="43" hits="3" branch="false" />
                <line number="44" hits="3" branch="false" />
                <line number="45" hits="3" branch="true" condition-coverage="50% (1/2)" />
                <line number="46" hits="3" branch="false" />
              </lines>
            </method>
          </methods>
          <lines>
            <line number="20" hits="4" branch="true" condition-coverage="100% (2/2)" />
            <line number="31" hits="3" branch="true" condition-coverage="50% (1/2)" />
            <line number="43" hits="3" branch="false" />
            <line number="44" hits="3" branch="false" />
            <line number="45" hits="3" branch="true" condition-coverage="50% (1/2)" />
            <line number="46" hits="3" branch="false" />
          </lines>
        </class>
        <class name="DKNet.Fw.Extensions.DateTimeExtensions" filename="/home/runner/work/DKNet/DKNet/Core/DKNet.Fw.Extensions/DateTimeExtensions.cs" line-rate="1" branch-rate="0.5" complexity="4">
          <methods>
            <method name="LastDayOfMonth" signature="(System.Nullable`1&lt;System.DateTime&gt;)" line-rate="1" branch-rate="0.5" complexity="2">
              <lines>
                <line number="13" hits="1" branch="true" condition-coverage="50% (1/2)" />
              </lines>
            </method>
            <method name="LastDayOfMonth" signature="(System.DateTime)" line-rate="1" branch-rate="1" complexity="1">
              <lines>
                <line number="21" hits="6" branch="false" />
                <line number="22" hits="6" branch="false" />
                <line number="23" hits="6" branch="false" />
                <line number="24" hits="6" branch="false" />
              </lines>
            </method>
            <method name="Quarter" signature="(System.DateTime)" line-rate="1" branch-rate="1" complexity="1">
              <lines>
                <line number="31" hits="9" branch="false" />
              </lines>
            </method>
          </methods>
          <lines>
            <line number="13" hits="1" branch="true" condition-coverage="50% (1/2)" />
            <line number="21" hits="6" branch="false" />
            <line number="22" hits="6" branch="false" />
            <line number="23" hits="6" branch="false" />
            <line number="24" hits="6" branch="false" />
            <line number="31" hits="9" branch="false" />
          </lines>
        </class>
        <class name="DKNet.Fw.Extensions.Encryption.Base65StringEncryption" filename="/home/runner/work/DKNet/DKNet/Core/DKNet.Fw.Extensions/Encryption/Base65StringEncryption.cs" line-rate="0.9473684210526315" branch-rate="0.8333333333333334" complexity="15">
          <methods>
            <method name="IsBase64String" signature="(System.String)" line-rate="0.9" branch-rate="0.75" complexity="8">
              <lines>
                <line number="38" hits="10" branch="false" />
                <line number="40" hits="10" branch="true" condition-coverage="100% (4/4)" />
                <line number="41" hits="5" branch="false" />
                <line number="43" hits="5" branch="false" />
                <line number="44" hits="5" branch="false" />
                <line number="46" hits="5" branch="true" condition-coverage="50% (1/2)" />
                <line number="47" hits="0" branch="false" />
                <line number="49" hits="5" branch="false" />
                <line number="50" hits="27" branch="true" condition-coverage="50% (1/2)" />
                <line number="51" hits="10" branch="false" />
              </lines>
            </method>
            <method name="ToBase64String" signature="(System.String)" line-rate="1" branch-rate="1" complexity="1">
              <lines>
                <line number="60" hits="5" branch="false" />
              </lines>
            </method>
            <method name="FromBase64String" signature="(System.String)" line-rate="1" branch-rate="1" complexity="2">
              <lines>
                <line number="68" hits="6" branch="false" />
                <line number="69" hits="7" branch="true" condition-coverage="100% (2/2)" />
                <line number="71" hits="5" branch="false" />
                <line number="72" hits="5" branch="false" />
                <line number="73" hits="6" branch="false" />
              </lines>
            </method>
            <method name="IsBase64StringLengthValid" signature="(System.String)" line-rate="1" branch-rate="1" complexity="2">
              <lines>
                <line number="81" hits="10" branch="true" condition-coverage="100% (2/2)" />
              </lines>
            </method>
            <method name="ContainsOnlyAllowedChars" signature="(System.String)" line-rate="1" branch-rate="1" complexity="1">
              <lines>
                <line number="89" hits="45" branch="false" />
              </lines>
            </method>
            <method name=".cctor" signature="()" line-rate="1" branch-rate="1" complexity="1">
              <lines>
                <line number="30" hits="1" branch="false" />
              </lines>
            </method>
          </methods>
          <lines>
            <line number="30" hits="1" branch="false" />
            <line number="38" hits="10" branch="false" />
            <line number="40" hits="10" branch="true" condition-coverage="100% (4/4)" />
            <line number="41" hits="5" branch="false" />
            <line number="43" hits="5" branch="false" />
            <line number="44" hits="5" branch="false" />
            <line number="46" hits="5" branch="true" condition-coverage="50% (1/2)" />
            <line number="47" hits="0" branch="false" />
            <line number="49" hits="5" branch="false" />
            <line number="50" hits="27" branch="true" condition-coverage="50% (1/2)" />
            <line number="51" hits="10" branch="false" />
            <line number="60" hits="5" branch="false" />
            <line number="68" hits="6" branch="false" />
            <line number="69" hits="7" branch="true" condition-coverage="100% (2/2)" />
            <line number="71" hits="5" branch="false" />
            <line number="72" hits="5" branch="false" />
            <line number="73" hits="6" branch="false" />
            <line number="81" hits="10" branch="true" condition-coverage="100% (2/2)" />
            <line number="89" hits="45" branch="false" />
          </lines>
        </class>
        <class name="DKNet.Fw.Extensions.Encryption.StringEncryption" filename="/home/runner/work/DKNet/DKNet/Core/DKNet.Fw.Extensions/Encryption/StringEncryption.cs" line-rate="1" branch-rate="1" complexity="5">
          <methods>
            <method name="GenerateAesKey" signature="()" line-rate="1" branch-rate="1" complexity="1">
              <lines>
                <line number="45" hits="2" branch="false" />
                <line number="46" hits="2" branch="false" />
                <line number="47" hits="2" branch="false" />
                <line number="48" hits="2" branch="false" />
                <line number="50" hits="2" branch="false" />
                <line number="51" hits="2" branch="false" />
              </lines>
            </method>
            <method name="CreateAes" signature="(System.String)" line-rate="1" branch-rate="1" complexity="2">
              <lines>
                <line number="62" hits="5" branch="false" />
                <line number="63" hits="5" branch="false" />
                <line number="65" hits="3" branch="false" />
                <line number="66" hits="4" branch="true" condition-coverage="100% (2/2)" />
                <line number="68" hits="2" branch="false" />
                <line number="69" hits="2" branch="false" />
                <line number="71" hits="2" branch="false" />
                <line number="72" hits="2" branch="false" />
                <line number="73" hits="2" branch="false" />
                <line number="75" hits="2" branch="false" />
                <line number="76" hits="2" branch="false" />
              </lines>
            </method>
            <method name="ToAesString" signature="(System.String,System.String)" line-rate="1" branch-rate="1" complexity="1">
              <lines>
                <line number="88" hits="3" branch="false" />
                <line number="89" hits="3" branch="false" />
                <line number="91" hits="2" branch="false" />
                <line number="92" hits="1" branch="false" />
                <line number="94" hits="1" branch="false" />
                <line number="95" hits="1" branch="false" />
                <line number="96" hits="1" branch="false" />
                <line number="97" hits="1" branch="false" />
                <line number="98" hits="1" branch="false" />
                <line number="99" hits="1" branch="false" />
                <line number="101" hits="1" branch="false" />
                <line number="102" hits="1" branch="false" />
                <line number="103" hits="1" branch="false" />
              </lines>
            </method>
            <method name="FromAesString" signature="(System.String,System.String)" line-rate="1" branch-rate="1" complexity="1">
              <lines>
                <line number="115" hits="4" branch="false" />
                <line number="116" hits="4" branch="false" />
                <line number="118" hits="3" branch="false" />
                <line number="119" hits="1" branch="false" />
                <line number="121" hits="1" branch="false" />
                <line number="122" hits="1" branch="false" />
                <line number="123" hits="1" branch="false" />
                <line number="125" hits="1" branch="false" />
                <line number="126" hits="1" branch="false" />
              </lines>
            </method>
          </methods>
          <lines>
            <line number="45" hits="2" branch="false" />
            <line number="46" hits="2" branch="false" />
            <line number="47" hits="2" branch="false" />
            <line number="48" hits="2" branch="false" />
            <line number="50" hits="2" branch="false" />
            <line number="51" hits="2" branch="false" />
            <line number="62" hits="5" branch="false" />
            <line number="63" hits="5" branch="false" />
            <line number="65" hits="3" branch="false" />
            <line number="66" hits="4" branch="true" condition-coverage="100% (2/2)" />
            <line number="68" hits="2" branch="false" />
            <line number="69" hits="2" branch="false" />
            <line number="71" hits="2" branch="false" />
            <line number="72" hits="2" branch="false" />
            <line number="73" hits="2" branch="false" />
            <line number="75" hits="2" branch="false" />
            <line number="76" hits="2" branch="false" />
            <line number="88" hits="3" branch="false" />
            <line number="89" hits="3" branch="false" />
            <line number="91" hits="2" branch="false" />
            <line number="92" hits="1" branch="false" />
            <line number="94" hits="1" branch="false" />
            <line number="95" hits="1" branch="false" />
            <line number="96" hits="1" branch="false" />
            <line number="97" hits="1" branch="false" />
            <line number="98" hits="1" branch="false" />
            <line number="99" hits="1" branch="false" />
            <line number="101" hits="1" branch="false" />
            <line number="102" hits="1" branch="false" />
            <line number="103" hits="1" branch="false" />
            <line number="115" hits="4" branch="false" />
            <line number="116" hits="4" branch="false" />
            <line number="118" hits="3" branch="false" />
            <line number="119" hits="1" branch="false" />
            <line number="121" hits="1" branch="false" />
            <line number="122" hits="1" branch="false" />
            <line number="123" hits="1" branch="false" />
            <line number="125" hits="1" branch="false" />
            <line number="126" hits="1" branch="false" />
          </lines>
        </class>
        <class name="DKNet.Fw.Extensions.Encryption.StringHashing" filename="/home/runner/work/DKNet/DKNet/Core/DKNet.Fw.Extensions/Encryption/StringHashing.cs" line-rate="1" branch-rate="1" complexity="3">
          <methods>
            <method name="ToCmd5" signature="(System.String,System.String)" line-rate="1" branch-rate="1" complexity="1">
              <lines>
                <line number="38" hits="6" branch="false" />
                <line number="39" hits="6" branch="false" />
                <line number="41" hits="4" branch="false" />
                <line number="42" hits="3" branch="false" />
                <line number="43" hits="3" branch="false" />
                <line number="44" hits="3" branch="false" />
              </lines>
            </method>
            <method name="ToSha256" signature="(System.String)" line-rate="1" branch-rate="1" complexity="2">
              <lines>
                <line number="53" hits="4" branch="false" />
                <line number="54" hits="4" branch="false" />
                <line number="57" hits="3" branch="false" />
                <line number="58" hits="3" branch="false" />
                <line number="61" hits="3" branch="false" />
                <line number="62" hits="201" branch="true" condition-coverage="100% (2/2)" />
                <line number="63" hits="96" branch="false" />
                <line number="64" hits="3" branch="false" />
                <line number="65" hits="3" branch="false" />
              </lines>
            </method>
          </methods>
          <lines>
            <line number="38" hits="6" branch="false" />
            <line number="39" hits="6" branch="false" />
            <line number="41" hits="4" branch="false" />
            <line number="42" hits="3" branch="false" />
            <line number="43" hits="3" branch="false" />
            <line number="44" hits="3" branch="false" />
            <line number="53" hits="4" branch="false" />
            <line number="54" hits="4" branch="false" />
            <line number="57" hits="3" branch="false" />
            <line number="58" hits="3" branch="false" />
            <line number="61" hits="3" branch="false" />
            <line number="62" hits="201" branch="true" condition-coverage="100% (2/2)" />
            <line number="63" hits="96" branch="false" />
            <line number="64" hits="3" branch="false" />
            <line number="65" hits="3" branch="false" />
          </lines>
        </class>
        <class name="DKNet.Fw.Extensions.EnumExtensions" filename="/home/runner/work/DKNet/DKNet/Core/DKNet.Fw.Extensions/EnumExtensions.cs" line-rate="1" branch-rate="0.75" complexity="24">
          <methods>
            <method name="GetAttribute" signature="(System.Enum)" line-rate="1" branch-rate="0.5" complexity="4">
              <lines>
                <line number="21" hits="2" branch="false" />
                <line number="22" hits="2" branch="true" condition-coverage="50% (1/2)" />
                <line number="24" hits="2" branch="false" />
                <line number="25" hits="2" branch="false" />
                <line number="26" hits="2" branch="true" condition-coverage="50% (1/2)" />
                <line number="27" hits="2" branch="false" />
              </lines>
            </method>
            <method name="GetEumInfo" signature="(System.Enum)" line-rate="1" branch-rate="0.5" complexity="8">
              <lines>
                <line number="35" hits="1" branch="false" />
                <line number="36" hits="1" branch="true" condition-coverage="50% (1/2)" />
                <line number="38" hits="1" branch="false" />
                <line number="40" hits="1" branch="true" condition-coverage="50% (3/6)" />
                <line number="41" hits="1" branch="false" />
                <line number="42" hits="1" branch="false" />
                <line number="43" hits="1" branch="false" />
                <line number="44" hits="1" branch="false" />
                <line number="45" hits="1" branch="false" />
                <line number="46" hits="1" branch="false" />
                <line number="47" hits="1" branch="false" />
              </lines>
            </method>
            <method name="GetEumInfos" signature="()" line-rate="1" branch-rate="1" complexity="12">
              <lines>
                <line number="55" hits="1" branch="false" />
                <line number="56" hits="1" branch="false" />
                <line number="57" hits="1" branch="false" />
                <line number="59" hits="11" branch="true" condition-coverage="100% (2/2)" />
                <line number="60" hits="4" branch="false" />
                <line number="61" hits="5" branch="true" condition-coverage="100% (2/2)" />
                <line number="63" hits="3" branch="false" />
                <line number="65" hits="3" branch="true" condition-coverage="100% (8/8)" />
                <line number="66" hits="3" branch="false" />
                <line number="67" hits="3" branch="false" />
                <line number="68" hits="3" branch="false" />
                <line number="69" hits="3" branch="false" />
                <line number="70" hits="3" branch="false" />
                <line number="71" hits="3" branch="false" />
                <line number="72" hits="3" branch="false" />
                <line number="73" hits="1" branch="false" />
              </lines>
            </method>
          </methods>
          <lines>
            <line number="21" hits="2" branch="false" />
            <line number="22" hits="2" branch="true" condition-coverage="50% (1/2)" />
            <line number="24" hits="2" branch="false" />
            <line number="25" hits="2" branch="false" />
            <line number="26" hits="2" branch="true" condition-coverage="50% (1/2)" />
            <line number="27" hits="2" branch="false" />
            <line number="35" hits="1" branch="false" />
            <line number="36" hits="1" branch="true" condition-coverage="50% (1/2)" />
            <line number="38" hits="1" branch="false" />
            <line number="40" hits="1" branch="true" condition-coverage="50% (3/6)" />
            <line number="41" hits="1" branch="false" />
            <line number="42" hits="1" branch="false" />
            <line number="43" hits="1" branch="false" />
            <line number="44" hits="1" branch="false" />
            <line number="45" hits="1" branch="false" />
            <line number="46" hits="1" branch="false" />
            <line number="47" hits="1" branch="false" />
            <line number="55" hits="1" branch="false" />
            <line number="56" hits="1" branch="false" />
            <line number="57" hits="1" branch="false" />
            <line number="59" hits="11" branch="true" condition-coverage="100% (2/2)" />
            <line number="60" hits="4" branch="false" />
            <line number="61" hits="5" branch="true" condition-coverage="100% (2/2)" />
            <line number="63" hits="3" branch="false" />
            <line number="65" hits="3" branch="true" condition-coverage="100% (8/8)" />
            <line number="66" hits="3" branch="false" />
            <line number="67" hits="3" branch="false" />
            <line number="68" hits="3" branch="false" />
            <line number="69" hits="3" branch="false" />
            <line number="70" hits="3" branch="false" />
            <line number="71" hits="3" branch="false" />
            <line number="72" hits="3" branch="false" />
            <line number="73" hits="1" branch="false" />
          </lines>
        </class>
        <class name="DKNet.Fw.Extensions.PropertyExtensions" filename="/home/runner/work/DKNet/DKNet/Core/DKNet.Fw.Extensions/PropertyExtensions.cs" line-rate="0.6933333333333334" branch-rate="0.78125" complexity="32">
          <methods>
            <method name="GetProperty" signature="(T,System.String)" line-rate="1" branch-rate="0.8333333333333334" complexity="6">
              <lines>
                <line number="23" hits="25" branch="false" />
                <line number="24" hits="28" branch="true" condition-coverage="100% (4/4)" />
                <line number="26" hits="22" branch="true" condition-coverage="50% (1/2)" />
                <line number="27" hits="22" branch="false" />
                <line number="28" hits="22" branch="false" />
                <line number="29" hits="25" branch="false" />
              </lines>
            </method>
            <method name="GetPropertyValue" signature="(T,System.String)" line-rate="1" branch-rate="1" complexity="10">
              <lines>
                <line number="40" hits="11" branch="false" />
                <line number="41" hits="14" branch="true" condition-coverage="100% (4/4)" />
                <line number="43" hits="8" branch="false" />
                <line number="44" hits="8" branch="false" />
                <line number="46" hits="39" branch="true" condition-coverage="100% (2/2)" />
                <line number="47" hits="8" branch="false" />
                <line number="48" hits="8" branch="true" condition-coverage="100% (2/2)" />
                <line number="50" hits="8" branch="false" />
                <line number="51" hits="9" branch="true" condition-coverage="100% (2/2)" />
                <line number="53" hits="7" branch="false" />
                <line number="54" hits="7" branch="false" />
                <line number="56" hits="7" branch="false" />
                <line number="57" hits="11" branch="false" />
              </lines>
            </method>
            <method name="SetPropertyValue" signature="(System.Object,System.Reflection.PropertyInfo,System.Object)" line-rate="1" branch-rate="1" complexity="4">
              <lines>
                <line number="67" hits="6" branch="false" />
                <line number="68" hits="6" branch="false" />
                <line number="69" hits="6" branch="false" />
                <line number="71" hits="6" branch="true" condition-coverage="100% (2/2)" />
                <line number="72" hits="1" branch="false" />
                <line number="73" hits="1" branch="false" />
                <line number="74" hits="1" branch="false" />
                <line number="76" hits="5" branch="false" />
                <line number="77" hits="5" branch="true" condition-coverage="100% (2/2)" />
                <line number="78" hits="5" branch="false" />
                <line number="79" hits="5" branch="false" />
                <line number="81" hits="5" branch="false" />
                <line number="82" hits="5" branch="false" />
                <line number="83" hits="6" branch="false" />
              </lines>
            </method>
            <method name="TrySetPropertyValue" signature="(System.Object,System.Reflection.PropertyInfo,System.Object)" line-rate="0" branch-rate="0" complexity="4">
              <lines>
                <line number="93" hits="0" branch="false" />
                <line number="94" hits="0" branch="true" condition-coverage="0% (0/2)" />
                <line number="95" hits="0" branch="false" />
                <line number="96" hits="0" branch="false" />
                <line number="99" hits="0" branch="true" condition-coverage="0% (0/2)" />
                <line number="100" hits="0" branch="false" />
                <line number="101" hits="0" branch="false" />
                <line number="105" hits="0" branch="false" />
                <line number="107" hits="0" branch="false" />
                <line number="108" hits="0" branch="false" />
                <line number="109" hits="0" branch="false" />
                <line number="110" hits="0" branch="false" />
                <line number="113" hits="0" branch="false" />
                <line number="114" hits="0" branch="false" />
                <line number="115" hits="0" branch="false" />
              </lines>
            </method>
            <method name="SetPropertyValue" signature="(System.Object,System.String,System.Object)" line-rate="1" branch-rate="1" complexity="4">
              <lines>
                <line number="126" hits="11" branch="false" />
                <line number="127" hits="11" branch="false" />
                <line number="128" hits="12" branch="true" condition-coverage="100% (2/2)" />
                <line number="130" hits="8" branch="true" condition-coverage="100% (2/2)" />
                <line number="131" hits="8" branch="false" />
                <line number="132" hits="8" branch="false" />
                <line number="133" hits="8" branch="false" />
                <line number="134" hits="6" branch="false" />
                <line number="135" hits="6" branch="false" />
              </lines>
            </method>
            <method name="TrySetPropertyValue" signature="(System.Object,System.String,System.Object)" line-rate="0.5555555555555556" branch-rate="0.5" complexity="4">
              <lines>
                <line number="145" hits="1" branch="false" />
                <line number="146" hits="1" branch="true" condition-coverage="50% (1/2)" />
                <line number="147" hits="0" branch="false" />
                <line number="148" hits="0" branch="false" />
                <line number="151" hits="1" branch="true" condition-coverage="50% (1/2)" />
                <line number="152" hits="0" branch="false" />
                <line number="153" hits="0" branch="false" />
                <line number="157" hits="1" branch="false" />
                <line number="159" hits="1" branch="false" />
                <line number="160" hits="0" branch="false" />
                <line number="161" hits="0" branch="false" />
                <line number="162" hits="0" branch="false" />
                <line number="163" hits="0" branch="false" />
                <line number="164" hits="1" branch="false" />
                <line number="165" hits="1" branch="false" />
                <line number="166" hits="1" branch="false" />
                <line number="167" hits="1" branch="false" />
                <line number="168" hits="1" branch="false" />
              </lines>
            </method>
          </methods>
          <lines>
            <line number="23" hits="25" branch="false" />
            <line number="24" hits="28" branch="true" condition-coverage="100% (4/4)" />
            <line number="26" hits="22" branch="true" condition-coverage="50% (1/2)" />
            <line number="27" hits="22" branch="false" />
            <line number="28" hits="22" branch="false" />
            <line number="29" hits="25" branch="false" />
            <line number="40" hits="11" branch="false" />
            <line number="41" hits="14" branch="true" condition-coverage="100% (4/4)" />
            <line number="43" hits="8" branch="false" />
            <line number="44" hits="8" branch="false" />
            <line number="46" hits="39" branch="true" condition-coverage="100% (2/2)" />
            <line number="47" hits="8" branch="false" />
            <line number="48" hits="8" branch="true" condition-coverage="100% (2/2)" />
            <line number="50" hits="8" branch="false" />
            <line number="51" hits="9" branch="true" condition-coverage="100% (2/2)" />
            <line number="53" hits="7" branch="false" />
            <line number="54" hits="7" branch="false" />
            <line number="56" hits="7" branch="false" />
            <line number="57" hits="11" branch="false" />
            <line number="67" hits="6" branch="false" />
            <line number="68" hits="6" branch="false" />
            <line number="69" hits="6" branch="false" />
            <line number="71" hits="6" branch="true" condition-coverage="100% (2/2)" />
            <line number="72" hits="1" branch="false" />
            <line number="73" hits="1" branch="false" />
            <line number="74" hits="1" branch="false" />
            <line number="76" hits="5" branch="false" />
            <line number="77" hits="5" branch="true" condition-coverage="100% (2/2)" />
            <line number="78" hits="5" branch="false" />
            <line number="79" hits="5" branch="false" />
            <line number="81" hits="5" branch="false" />
            <line number="82" hits="5" branch="false" />
            <line number="83" hits="6" branch="false" />
            <line number="93" hits="0" branch="false" />
            <line number="94" hits="0" branch="true" condition-coverage="0% (0/2)" />
            <line number="95" hits="0" branch="false" />
            <line number="96" hits="0" branch="false" />
            <line number="99" hits="0" branch="true" condition-coverage="0% (0/2)" />
            <line number="100" hits="0" branch="false" />
            <line number="101" hits="0" branch="false" />
            <line number="105" hits="0" branch="false" />
            <line number="107" hits="0" branch="false" />
            <line number="108" hits="0" branch="false" />
            <line number="109" hits="0" branch="false" />
            <line number="110" hits="0" branch="false" />
            <line number="113" hits="0" branch="false" />
            <line number="114" hits="0" branch="false" />
            <line number="115" hits="0" branch="false" />
            <line number="126" hits="11" branch="false" />
            <line number="127" hits="11" branch="false" />
            <line number="128" hits="12" branch="true" condition-coverage="100% (2/2)" />
            <line number="130" hits="8" branch="true" condition-coverage="100% (2/2)" />
            <line number="131" hits="8" branch="false" />
            <line number="132" hits="8" branch="false" />
            <line number="133" hits="8" branch="false" />
            <line number="134" hits="6" branch="false" />
            <line number="135" hits="6" branch="false" />
            <line number="145" hits="1" branch="false" />
            <line number="146" hits="1" branch="true" condition-coverage="50% (1/2)" />
            <line number="147" hits="0" branch="false" />
            <line number="148" hits="0" branch="false" />
            <line number="151" hits="1" branch="true" condition-coverage="50% (1/2)" />
            <line number="152" hits="0" branch="false" />
            <line number="153" hits="0" branch="false" />
            <line number="157" hits="1" branch="false" />
            <line number="159" hits="1" branch="false" />
            <line number="160" hits="0" branch="false" />
            <line number="161" hits="0" branch="false" />
            <line number="162" hits="0" branch="false" />
            <line number="163" hits="0" branch="false" />
            <line number="164" hits="1" branch="false" />
            <line number="165" hits="1" branch="false" />
            <line number="166" hits="1" branch="false" />
            <line number="167" hits="1" branch="false" />
            <line number="168" hits="1" branch="false" />
          </lines>
        </class>
        <class name="DKNet.Fw.Extensions.StringExtensions" filename="/home/runner/work/DKNet/DKNet/Core/DKNet.Fw.Extensions/StringExtensions.cs" line-rate="1" branch-rate="0.9666666666666667" complexity="30">
          <methods>
            <method name="ExtractDigits" signature="(System.String)" line-rate="1" branch-rate="1" complexity="6">
              <lines>
                <line number="16" hits="214" branch="true" condition-coverage="100% (6/6)" />
              </lines>
            </method>
            <method name="IsNumber" signature="(System.String)" line-rate="1" branch-rate="1" complexity="14">
              <lines>
                <line number="24" hits="27" branch="true" condition-coverage="100% (8/8)" />
                <line number="25" hits="243" branch="false" />
                <line number="26" hits="178" branch="true" condition-coverage="100% (6/6)" />
              </lines>
            </method>
            <method name="IsStringOrValueType" signature="(System.Reflection.PropertyInfo)" line-rate="1" branch-rate="0.5" complexity="2">
              <lines>
                <line number="34" hits="1" branch="true" condition-coverage="50% (1/2)" />
              </lines>
            </method>
            <method name="IsStringOrValueType" signature="(System.Type)" line-rate="1" branch-rate="1" complexity="8">
              <lines>
                <line number="42" hits="24" branch="false" />
                <line number="43" hits="25" branch="true" condition-coverage="100% (2/2)" />
                <line number="45" hits="23" branch="true" condition-coverage="100% (4/4)" />
                <line number="46" hits="10" branch="false" />
                <line number="47" hits="10" branch="false" />
                <line number="48" hits="10" branch="false" />
                <line number="50" hits="23" branch="true" condition-coverage="100% (2/2)" />
                <line number="51" hits="24" branch="false" />
              </lines>
            </method>
          </methods>
          <lines>
            <line number="16" hits="214" branch="true" condition-coverage="100% (6/6)" />
            <line number="24" hits="27" branch="true" condition-coverage="100% (8/8)" />
            <line number="25" hits="243" branch="false" />
            <line number="26" hits="178" branch="true" condition-coverage="100% (6/6)" />
            <line number="34" hits="1" branch="true" condition-coverage="50% (1/2)" />
            <line number="42" hits="24" branch="false" />
            <line number="43" hits="25" branch="true" condition-coverage="100% (2/2)" />
            <line number="45" hits="23" branch="true" condition-coverage="100% (4/4)" />
            <line number="46" hits="10" branch="false" />
            <line number="47" hits="10" branch="false" />
            <line number="48" hits="10" branch="false" />
            <line number="50" hits="23" branch="true" condition-coverage="100% (2/2)" />
            <line number="51" hits="24" branch="false" />
          </lines>
        </class>
        <class name="DKNet.Fw.Extensions.TypeExtensions" filename="/home/runner/work/DKNet/DKNet/Core/DKNet.Fw.Extensions/TypeExtensions.cs" line-rate="0.7096774193548387" branch-rate="0.7727272727272727" complexity="46">
          <methods>
            <method name="IsImplementOf" signature="(System.Type,System.Type)" line-rate="0.9333333333333333" branch-rate="0.9" complexity="20">
              <lines>
                <line number="18" hits="268" branch="false" />
                <line number="19" hits="270" branch="true" condition-coverage="100% (4/4)" />
                <line number="21" hits="270" branch="true" condition-coverage="100% (2/2)" />
                <line number="23" hits="277" branch="true" condition-coverage="100% (2/2)" />
                <line number="25" hits="247" branch="true" condition-coverage="100% (2/2)" />
                <line number="26" hits="246" branch="false" />
                <line number="27" hits="347" branch="true" condition-coverage="100% (4/4)" />
                <line number="29" hits="3" branch="true" condition-coverage="100% (2/2)" />
                <line number="30" hits="2" branch="false" />
                <line number="31" hits="2" branch="true" condition-coverage="50% (2/4)" />
                <line number="32" hits="0" branch="false" />
                <line number="33" hits="2" branch="false" />
                <line number="34" hits="2" branch="false" />
                <line number="36" hits="1" branch="false" />
                <line number="37" hits="268" branch="false" />
              </lines>
            </method>
            <method name="IsImplementOf" signature="(System.Type)" line-rate="0" branch-rate="1" complexity="1">
              <lines>
                <line number="48" hits="0" branch="false" />
              </lines>
            </method>
            <method name="IsNotNumericType" signature="(System.Object)" line-rate="1" branch-rate="1" complexity="1">
              <lines>
                <line number="55" hits="2" branch="false" />
              </lines>
            </method>
            <method name="IsNumericType" signature="(System.Type)" line-rate="0.46153846153846156" branch-rate="0.6363636363636364" complexity="22">
              <lines>
                <line number="70" hits="7" branch="true" condition-coverage="64% (14/22)" />
                <line number="71" hits="7" branch="false" />
                <line number="72" hits="7" branch="false" />
                <line number="73" hits="3" branch="false" />
                <line number="74" hits="0" branch="false" />
                <line number="75" hits="0" branch="false" />
                <line number="76" hits="0" branch="false" />
                <line number="77" hits="0" branch="false" />
                <line number="78" hits="0" branch="false" />
                <line number="79" hits="0" branch="false" />
                <line number="80" hits="3" branch="false" />
                <line number="81" hits="0" branch="false" />
                <line number="82" hits="7" branch="false" />
              </lines>
            </method>
            <method name="IsNumericType" signature="(System.Object)" line-rate="1" branch-rate="1" complexity="2">
              <lines>
                <line number="91" hits="5" branch="true" condition-coverage="100% (2/2)" />
              </lines>
            </method>
          </methods>
          <lines>
            <line number="18" hits="268" branch="false" />
            <line number="19" hits="270" branch="true" condition-coverage="100% (4/4)" />
            <line number="21" hits="270" branch="true" condition-coverage="100% (2/2)" />
            <line number="23" hits="277" branch="true" condition-coverage="100% (2/2)" />
            <line number="25" hits="247" branch="true" condition-coverage="100% (2/2)" />
            <line number="26" hits="246" branch="false" />
            <line number="27" hits="347" branch="true" condition-coverage="100% (4/4)" />
            <line number="29" hits="3" branch="true" condition-coverage="100% (2/2)" />
            <line number="30" hits="2" branch="false" />
            <line number="31" hits="2" branch="true" condition-coverage="50% (2/4)" />
            <line number="32" hits="0" branch="false" />
            <line number="33" hits="2" branch="false" />
            <line number="34" hits="2" branch="false" />
            <line number="36" hits="1" branch="false" />
            <line number="37" hits="268" branch="false" />
            <line number="48" hits="0" branch="false" />
            <line number="55" hits="2" branch="false" />
            <line number="70" hits="7" branch="true" condition-coverage="64% (14/22)" />
            <line number="71" hits="7" branch="false" />
            <line number="72" hits="7" branch="false" />
            <line number="73" hits="3" branch="false" />
            <line number="74" hits="0" branch="false" />
            <line number="75" hits="0" branch="false" />
            <line number="76" hits="0" branch="false" />
            <line number="77" hits="0" branch="false" />
            <line number="78" hits="0" branch="false" />
            <line number="79" hits="0" branch="false" />
            <line number="80" hits="3" branch="false" />
            <line number="81" hits="0" branch="false" />
            <line number="82" hits="7" branch="false" />
            <line number="91" hits="5" branch="true" condition-coverage="100% (2/2)" />
          </lines>
        </class>
        <class name="DKNet.Fw.Extensions.TypeExtractors.TypeArrayExtractorExtensions" filename="/home/runner/work/DKNet/DKNet/Core/DKNet.Fw.Extensions/TypeExtractors/TypeExtractorExtensions.cs" line-rate="0.6666666666666666" branch-rate="1" complexity="3">
          <methods>
            <method name="Extract" signature="(System.Reflection.Assembly)" line-rate="1" branch-rate="1" complexity="1">
              <lines>
                <line number="34" hits="17" branch="false" />
              </lines>
            </method>
            <method name="Extract" signature="(System.Reflection.Assembly[])" line-rate="1" branch-rate="1" complexity="1">
              <lines>
                <line number="42" hits="18" branch="false" />
              </lines>
            </method>
            <method name="Extract" signature="(System.Collections.Generic.ICollection`1&lt;System.Reflection.Assembly&gt;)" line-rate="0" branch-rate="1" complexity="1">
              <lines>
                <line number="50" hits="0" branch="false" />
              </lines>
            </method>
          </methods>
          <lines>
            <line number="34" hits="17" branch="false" />
            <line number="42" hits="18" branch="false" />
            <line number="50" hits="0" branch="false" />
          </lines>
        </class>
        <class name="DKNet.Fw.Extensions.TypeExtractors.TypeExtractor" filename="/home/runner/work/DKNet/DKNet/Core/DKNet.Fw.Extensions/TypeExtractors/TypeExtractor.cs" line-rate="0.8809523809523809" branch-rate="0.6666666666666666" complexity="34">
          <methods>
            <method name="Abstract" signature="()" line-rate="1" branch-rate="1" complexity="1">
              <lines>
                <line number="49" hits="1" branch="false" />
              </lines>
            </method>
            <method name="Classes" signature="()" line-rate="1" branch-rate="1" complexity="1">
              <lines>
                <line number="52" hits="4" branch="false" />
              </lines>
            </method>
            <method name="Enums" signature="()" line-rate="0" branch-rate="1" complexity="1">
              <lines>
                <line number="55" hits="0" branch="false" />
              </lines>
            </method>
            <method name="Generic" signature="()" line-rate="1" branch-rate="1" complexity="1">
              <lines>
                <line number="58" hits="1" branch="false" />
              </lines>
            </method>
            <method name="HasAttribute" signature="()" line-rate="1" branch-rate="1" complexity="1">
              <lines>
                <line number="64" hits="1" branch="false" />
              </lines>
            </method>
            <method name="HasAttribute" signature="(System.Type)" line-rate="0" branch-rate="1" complexity="1">
              <lines>
                <line number="68" hits="0" branch="false" />
              </lines>
            </method>
            <method name="Interfaces" signature="()" line-rate="0" branch-rate="1" complexity="1">
              <lines>
                <line number="71" hits="0" branch="false" />
              </lines>
            </method>
            <method name="IsInstanceOf" signature="(System.Type)" line-rate="1" branch-rate="0.5" complexity="2">
              <lines>
                <line number="75" hits="2" branch="true" condition-coverage="50% (1/2)" />
              </lines>
            </method>
            <method name="IsInstanceOf" signature="()" line-rate="1" branch-rate="1" complexity="1">
              <lines>
                <line number="78" hits="2" branch="false" />
              </lines>
            </method>
            <method name="IsInstanceOfAny" signature="(System.Type[])" line-rate="1" branch-rate="1" complexity="1">
              <lines>
                <line number="82" hits="1" branch="false" />
              </lines>
            </method>
            <method name="Nested" signature="()" line-rate="1" branch-rate="1" complexity="1">
              <lines>
                <line number="85" hits="1" branch="false" />
              </lines>
            </method>
            <method name="NotAbstract" signature="()" line-rate="1" branch-rate="1" complexity="1">
              <lines>
                <line number="88" hits="1" branch="false" />
              </lines>
            </method>
            <method name="NotClass" signature="()" line-rate="1" branch-rate="1" complexity="1">
              <lines>
                <line number="91" hits="1" branch="false" />
              </lines>
            </method>
            <method name="NotEnum" signature="()" line-rate="1" branch-rate="1" complexity="1">
              <lines>
                <line number="94" hits="1" branch="false" />
              </lines>
            </method>
            <method name="NotGeneric" signature="()" line-rate="1" branch-rate="1" complexity="1">
              <lines>
                <line number="97" hits="1" branch="false" />
              </lines>
            </method>
            <method name="NotInstanceOf" signature="(System.Type)" line-rate="1" branch-rate="0.5" complexity="2">
              <lines>
                <line number="101" hits="1" branch="true" condition-coverage="50% (1/2)" />
              </lines>
            </method>
            <method name="NotInstanceOf" signature="()" line-rate="1" branch-rate="1" complexity="1">
              <lines>
                <line number="104" hits="1" branch="false" />
              </lines>
            </method>
            <method name="NotInterface" signature="()" line-rate="1" branch-rate="1" complexity="1">
              <lines>
                <line number="107" hits="1" branch="false" />
              </lines>
            </method>
            <method name="NotNested" signature="()" line-rate="1" branch-rate="1" complexity="1">
              <lines>
                <line number="110" hits="1" branch="false" />
              </lines>
            </method>
            <method name="NotPublic" signature="()" line-rate="1" branch-rate="1" complexity="1">
              <lines>
                <line number="113" hits="1" branch="false" />
              </lines>
            </method>
            <method name="Publics" signature="()" line-rate="1" branch-rate="1" complexity="1">
              <lines>
                <line number="116" hits="2" branch="false" />
              </lines>
            </method>
            <method name="Where" signature="(System.Linq.Expressions.Expression`1&lt;System.Func`2&lt;System.Type,System.Boolean&gt;&gt;)" line-rate="1" branch-rate="1" complexity="1">
              <lines>
                <line number="120" hits="1" branch="false" />
              </lines>
            </method>
            <method name="GetEnumerator" signature="()" line-rate="1" branch-rate="1" complexity="2">
              <lines>
                <line number="124" hits="18" branch="false" />
                <line number="125" hits="37" branch="false" />
                <line number="126" hits="98" branch="true" condition-coverage="100% (2/2)" />
                <line number="127" hits="22" branch="false" />
                <line number="128" hits="18" branch="false" />
                <line number="129" hits="18" branch="false" />
              </lines>
            </method>
            <method name="System.Collections.IEnumerable.GetEnumerator" signature="()" line-rate="0" branch-rate="1" complexity="1">
              <lines>
                <line number="132" hits="0" branch="false" />
              </lines>
            </method>
            <method name="FilterBy" signature="(System.Linq.Expressions.Expression`1&lt;System.Func`2&lt;System.Type,System.Boolean&gt;&gt;)" line-rate="1" branch-rate="1" complexity="2">
              <lines>
                <line number="135" hits="22" branch="false" />
                <line number="136" hits="22" branch="true" condition-coverage="100% (2/2)" />
                <line number="137" hits="22" branch="false" />
                <line number="138" hits="22" branch="false" />
                <line number="139" hits="22" branch="false" />
              </lines>
            </method>
            <method name=".ctor" signature="(System.Reflection.Assembly[])" line-rate="0.8571428571428571" branch-rate="0.5" complexity="4">
              <lines>
                <line number="33" hits="18" branch="false" />
                <line number="40" hits="18" branch="false" />
                <line number="41" hits="18" branch="false" />
                <line number="42" hits="18" branch="true" condition-coverage="50% (2/4)" />
                <line number="43" hits="0" branch="false" />
                <line number="45" hits="18" branch="false" />
                <line number="46" hits="18" branch="false" />
              </lines>
            </method>
            <method name=".cctor" signature="()" line-rate="1" branch-rate="1" complexity="1">
              <lines>
                <line number="60" hits="1" branch="false" />
              </lines>
            </method>
          </methods>
          <lines>
            <line number="33" hits="18" branch="false" />
            <line number="40" hits="18" branch="false" />
            <line number="41" hits="18" branch="false" />
            <line number="42" hits="18" branch="true" condition-coverage="50% (2/4)" />
            <line number="43" hits="0" branch="false" />
            <line number="45" hits="18" branch="false" />
            <line number="46" hits="18" branch="false" />
            <line number="49" hits="1" branch="false" />
            <line number="52" hits="4" branch="false" />
            <line number="55" hits="0" branch="false" />
            <line number="58" hits="1" branch="false" />
            <line number="60" hits="1" branch="false" />
            <line number="64" hits="1" branch="false" />
            <line number="68" hits="0" branch="false" />
            <line number="71" hits="0" branch="false" />
            <line number="75" hits="2" branch="true" condition-coverage="50% (1/2)" />
            <line number="78" hits="2" branch="false" />
            <line number="82" hits="1" branch="false" />
            <line number="85" hits="1" branch="false" />
            <line number="88" hits="1" branch="false" />
            <line number="91" hits="1" branch="false" />
            <line number="94" hits="1" branch="false" />
            <line number="97" hits="1" branch="false" />
            <line number="101" hits="1" branch="true" condition-coverage="50% (1/2)" />
            <line number="104" hits="1" branch="false" />
            <line number="107" hits="1" branch="false" />
            <line number="110" hits="1" branch="false" />
            <line number="113" hits="1" branch="false" />
            <line number="116" hits="2" branch="false" />
            <line number="120" hits="1" branch="false" />
            <line number="124" hits="18" branch="false" />
            <line number="125" hits="37" branch="false" />
            <line number="126" hits="98" branch="true" condition-coverage="100% (2/2)" />
            <line number="127" hits="22" branch="false" />
            <line number="128" hits="18" branch="false" />
            <line number="129" hits="18" branch="false" />
            <line number="132" hits="0" branch="false" />
            <line number="135" hits="22" branch="false" />
            <line number="136" hits="22" branch="true" condition-coverage="100% (2/2)" />
            <line number="137" hits="22" branch="false" />
            <line number="138" hits="22" branch="false" />
            <line number="139" hits="22" branch="false" />
          </lines>
        </class>
        <class name="Microsoft.Extensions.DependencyInjection.ServiceCollectionExtensions" filename="/home/runner/work/DKNet/DKNet/Core/DKNet.Fw.Extensions/ServiceCollectionExtensions.cs" line-rate="1" branch-rate="0.9" complexity="10">
          <methods>
            <method name="AsKeyedImplementedInterfaces" signature="(Microsoft.Extensions.DependencyInjection.IServiceCollection,System.String,System.Collections.Generic.IEnumerable`1&lt;System.Type&gt;,Microsoft.Extensions.DependencyInjection.ServiceLifetime)" line-rate="1" branch-rate="0.9" complexity="10">
              <lines>
                <line number="25" hits="15" branch="false" />
                <line number="26" hits="15" branch="false" />
                <line number="27" hits="14" branch="false" />
                <line number="29" hits="13" branch="true" condition-coverage="100% (2/2)" />
                <line number="30" hits="3" branch="false" />
                <line number="32" hits="50" branch="true" condition-coverage="100% (2/2)" />
                <line number="33" hits="10" branch="false" />
                <line number="34" hits="10" branch="true" condition-coverage="100% (2/2)" />
                <line number="35" hits="1" branch="false" />
                <line number="37" hits="9" branch="false" />
                <line number="38" hits="26" branch="true" condition-coverage="50% (1/2)" />
                <line number="41" hits="61" branch="true" condition-coverage="100% (2/2)" />
                <line number="42" hits="17" branch="false" />
                <line number="45" hits="9" branch="false" />
                <line number="46" hits="9" branch="false" />
                <line number="48" hits="10" branch="false" />
                <line number="49" hits="10" branch="false" />
              </lines>
            </method>
          </methods>
          <lines>
            <line number="25" hits="15" branch="false" />
            <line number="26" hits="15" branch="false" />
            <line number="27" hits="14" branch="false" />
            <line number="29" hits="13" branch="true" condition-coverage="100% (2/2)" />
            <line number="30" hits="3" branch="false" />
            <line number="32" hits="50" branch="true" condition-coverage="100% (2/2)" />
            <line number="33" hits="10" branch="false" />
            <line number="34" hits="10" branch="true" condition-coverage="100% (2/2)" />
            <line number="35" hits="1" branch="false" />
            <line number="37" hits="9" branch="false" />
            <line number="38" hits="26" branch="true" condition-coverage="50% (1/2)" />
            <line number="41" hits="61" branch="true" condition-coverage="100% (2/2)" />
            <line number="42" hits="17" branch="false" />
            <line number="45" hits="9" branch="false" />
            <line number="46" hits="9" branch="false" />
            <line number="48" hits="10" branch="false" />
            <line number="49" hits="10" branch="false" />
          </lines>
        </class>
        <class name="System.Collections.Generic.AsyncEnumerableExtensions" filename="/home/runner/work/DKNet/DKNet/Core/DKNet.Fw.Extensions/AsyncEnumerableExtensions.cs" line-rate="1" branch-rate="1" complexity="2">
          <methods>
            <method name="ToListAsync" signature="()" line-rate="1" branch-rate="1" complexity="2">
              <lines>
                <line number="17" hits="5" branch="false" />
                <line number="18" hits="5" branch="false" />
                <line number="19" hits="39" branch="true" condition-coverage="100% (2/2)" />
                <line number="20" hits="12" branch="false" />
                <line number="21" hits="5" branch="false" />
                <line number="22" hits="5" branch="false" />
              </lines>
            </method>
          </methods>
          <lines>
            <line number="17" hits="5" branch="false" />
            <line number="18" hits="5" branch="false" />
            <line number="19" hits="39" branch="true" condition-coverage="100% (2/2)" />
            <line number="20" hits="12" branch="false" />
            <line number="21" hits="5" branch="false" />
            <line number="22" hits="5" branch="false" />
          </lines>
        </class>
      </classes>
    </package>
  </packages>
</coverage>