<?xml version="1.0" encoding="utf-8"?>
<!DOCTYPE coverage SYSTEM "http://cobertura.sourceforge.net/xml/coverage-04.dtd">
<coverage line-rate="0.8459051724137931" branch-rate="0.6625615763546798" lines-covered="1570" lines-valid="1856" branches-covered="538" branches-valid="812" complexity="1046" version="0" timestamp="1750667530">
  <sources>
    <source>/home/runner/work/DKNet/DKNet/Services/DKNet.Svc.Transformation/</source>
    <source>/home/runner/work/DKNet/DKNet/</source>
    <source>/</source>
    <source>/home/runner/work/DKNet/DKNet/Core/DKNet.Fw.Extensions/</source>
  </sources>
  <packages>
    <package name="DKNet.EfCore.Abstractions" line-rate="0.7631578947368421" branch-rate="0.5" complexity="47">
      <classes>
        <class name="DKNet.EfCore.Abstractions.Attributes.SequenceAttribute" filename="/home/runner/work/DKNet/DKNet/EfCore/DKNet.EfCore.Abstractions/Attributes/SequenceAttribute.cs" line-rate="0.95" branch-rate="0.75" complexity="12">
          <methods>
            <method name="get_Cyclic" signature="()" line-rate="1" branch-rate="1" complexity="1">
              <lines>
                <line number="40" hits="11" branch="false" />
              </lines>
            </method>
            <method name="get_FormatString" signature="()" line-rate="1" branch-rate="1" complexity="1">
              <lines>
                <line number="46" hits="5" branch="false" />
              </lines>
            </method>
            <method name="get_IncrementsBy" signature="()" line-rate="1" branch-rate="1" complexity="1">
              <lines>
                <line number="53" hits="16" branch="false" />
              </lines>
            </method>
            <method name="get_Max" signature="()" line-rate="1" branch-rate="1" complexity="1">
              <lines>
                <line number="60" hits="18" branch="false" />
              </lines>
            </method>
            <method name="get_Min" signature="()" line-rate="1" branch-rate="1" complexity="1">
              <lines>
                <line number="68" hits="11" branch="false" />
              </lines>
            </method>
            <method name="get_StartAt" signature="()" line-rate="1" branch-rate="1" complexity="1">
              <lines>
                <line number="76" hits="11" branch="false" />
              </lines>
            </method>
            <method name="get_Type" signature="()" line-rate="1" branch-rate="1" complexity="1">
              <lines>
                <line number="83" hits="11" branch="false" />
              </lines>
            </method>
            <method name=".ctor" signature="(System.Type)" line-rate="0.8333333333333334" branch-rate="0.75" complexity="4">
              <lines>
                <line number="29" hits="6" branch="false" />
                <line number="30" hits="6" branch="false" />
                <line number="31" hits="6" branch="true" condition-coverage="100% (2/2)" />
                <line number="32" hits="6" branch="true" condition-coverage="50% (1/2)" />
                <line number="33" hits="0" branch="false" />
                <line number="34" hits="6" branch="false" />
              </lines>
            </method>
            <method name=".cctor" signature="()" line-rate="1" branch-rate="1" complexity="1">
              <lines>
                <line number="16" hits="2" branch="false" />
                <line number="17" hits="2" branch="false" />
                <line number="18" hits="2" branch="false" />
                <line number="19" hits="2" branch="false" />
                <line number="20" hits="2" branch="false" />
                <line number="21" hits="2" branch="false" />
                <line number="22" hits="2" branch="false" />
              </lines>
            </method>
          </methods>
          <lines>
            <line number="16" hits="2" branch="false" />
            <line number="17" hits="2" branch="false" />
            <line number="18" hits="2" branch="false" />
            <line number="19" hits="2" branch="false" />
            <line number="20" hits="2" branch="false" />
            <line number="21" hits="2" branch="false" />
            <line number="22" hits="2" branch="false" />
            <line number="29" hits="6" branch="false" />
            <line number="30" hits="6" branch="false" />
            <line number="31" hits="6" branch="true" condition-coverage="100% (2/2)" />
            <line number="32" hits="6" branch="true" condition-coverage="50% (1/2)" />
            <line number="33" hits="0" branch="false" />
            <line number="34" hits="6" branch="false" />
            <line number="40" hits="11" branch="false" />
            <line number="46" hits="5" branch="false" />
            <line number="53" hits="16" branch="false" />
            <line number="60" hits="18" branch="false" />
            <line number="68" hits="11" branch="false" />
            <line number="76" hits="11" branch="false" />
            <line number="83" hits="11" branch="false" />
          </lines>
        </class>
        <class name="DKNet.EfCore.Abstractions.Attributes.SqlSequenceAttribute" filename="/home/runner/work/DKNet/DKNet/EfCore/DKNet.EfCore.Abstractions/Attributes/SqlSequenceAttribute.cs" line-rate="1" branch-rate="1" complexity="2">
          <methods>
            <method name="get_Schema" signature="()" line-rate="1" branch-rate="1" complexity="1">
              <lines>
                <line number="15" hits="15" branch="false" />
              </lines>
            </method>
            <method name=".ctor" signature="(System.String)" line-rate="1" branch-rate="1" complexity="1">
              <lines>
                <line number="9" hits="7" branch="false" />
              </lines>
            </method>
          </methods>
          <lines>
            <line number="9" hits="7" branch="false" />
            <line number="15" hits="15" branch="false" />
          </lines>
        </class>
        <class name="DKNet.EfCore.Abstractions.Attributes.StaticDataAttribute" filename="/home/runner/work/DKNet/DKNet/EfCore/DKNet.EfCore.Abstractions/Attributes/StaticDataAttribute.cs" line-rate="1" branch-rate="1" complexity="1">
          <methods>
            <method name=".ctor" signature="(System.String)" line-rate="1" branch-rate="1" complexity="1">
              <lines>
                <line number="12" hits="18" branch="false" />
              </lines>
            </method>
          </methods>
          <lines>
            <line number="12" hits="18" branch="false" />
          </lines>
        </class>
        <class name="DKNet.EfCore.Abstractions.Entities.AuditedEntity" filename="/home/runner/work/DKNet/DKNet/EfCore/DKNet.EfCore.Abstractions/Entities/AuditEntity.cs" line-rate="0.3333333333333333" branch-rate="1" complexity="3">
          <methods>
            <method name=".ctor" signature="()" line-rate="0" branch-rate="1" complexity="1">
              <lines>
                <line number="102" hits="0" branch="false" />
                <line number="103" hits="0" branch="false" />
                <line number="104" hits="0" branch="false" />
              </lines>
            </method>
            <method name=".ctor" signature="(System.Guid)" line-rate="0" branch-rate="1" complexity="1">
              <lines>
                <line number="106" hits="0" branch="false" />
                <line number="107" hits="0" branch="false" />
                <line number="108" hits="0" branch="false" />
              </lines>
            </method>
            <method name=".ctor" signature="(System.Guid,System.String,System.Nullable`1&lt;System.DateTimeOffset&gt;)" line-rate="1" branch-rate="1" complexity="1">
              <lines>
                <line number="111" hits="2" branch="false" />
                <line number="112" hits="2" branch="false" />
                <line number="113" hits="2" branch="false" />
              </lines>
            </method>
          </methods>
          <lines>
            <line number="102" hits="0" branch="false" />
            <line number="103" hits="0" branch="false" />
            <line number="104" hits="0" branch="false" />
            <line number="106" hits="0" branch="false" />
            <line number="107" hits="0" branch="false" />
            <line number="108" hits="0" branch="false" />
            <line number="111" hits="2" branch="false" />
            <line number="112" hits="2" branch="false" />
            <line number="113" hits="2" branch="false" />
          </lines>
        </class>
        <class name="DKNet.EfCore.Abstractions.Entities.AuditedEntity`1" filename="/home/runner/work/DKNet/DKNet/EfCore/DKNet.EfCore.Abstractions/Entities/AuditEntity.cs" line-rate="0.7777777777777778" branch-rate="0.42857142857142855" complexity="21">
          <methods>
            <method name="get_CreatedBy" signature="()" line-rate="1" branch-rate="1" complexity="1">
              <lines>
                <line number="40" hits="1101" branch="false" />
              </lines>
            </method>
            <method name="get_CreatedOn" signature="()" line-rate="1" branch-rate="1" complexity="1">
              <lines>
                <line number="47" hits="432" branch="false" />
              </lines>
            </method>
            <method name="get_UpdatedBy" signature="()" line-rate="1" branch-rate="1" complexity="1">
              <lines>
                <line number="54" hits="303" branch="false" />
              </lines>
            </method>
            <method name="get_UpdatedOn" signature="()" line-rate="1" branch-rate="1" complexity="1">
              <lines>
                <line number="60" hits="303" branch="false" />
              </lines>
            </method>
            <method name="get_LastModifiedBy" signature="()" line-rate="0" branch-rate="0" complexity="2">
              <lines>
                <line number="62" hits="0" branch="true" condition-coverage="0% (0/2)" />
              </lines>
            </method>
            <method name="get_LastModifiedOn" signature="()" line-rate="0" branch-rate="0" complexity="2">
              <lines>
                <line number="64" hits="0" branch="true" condition-coverage="0% (0/2)" />
              </lines>
            </method>
            <method name="SetCreatedBy" signature="(System.String,System.Nullable`1&lt;System.DateTimeOffset&gt;)" line-rate="1" branch-rate="0.6666666666666666" complexity="6">
              <lines>
                <line number="73" hits="332" branch="false" />
                <line number="74" hits="532" branch="true" condition-coverage="100% (2/2)" />
                <line number="76" hits="132" branch="true" condition-coverage="50% (1/2)" />
                <line number="77" hits="132" branch="true" condition-coverage="50% (1/2)" />
                <line number="78" hits="332" branch="false" />
              </lines>
            </method>
            <method name="SetUpdatedBy" signature="(System.String,System.Nullable`1&lt;System.DateTimeOffset&gt;)" line-rate="0.8333333333333334" branch-rate="0.5" complexity="4">
              <lines>
                <line number="87" hits="2" branch="false" />
                <line number="88" hits="2" branch="true" condition-coverage="50% (1/2)" />
                <line number="89" hits="0" branch="false" />
                <line number="91" hits="2" branch="false" />
                <line number="92" hits="2" branch="true" condition-coverage="50% (1/2)" />
                <line number="93" hits="2" branch="false" />
              </lines>
            </method>
            <method name=".ctor" signature="()" line-rate="1" branch-rate="1" complexity="1">
              <lines>
                <line number="20" hits="205" branch="false" />
                <line number="21" hits="205" branch="false" />
                <line number="22" hits="205" branch="false" />
              </lines>
            </method>
            <method name=".ctor" signature="(TKey)" line-rate="0" branch-rate="1" complexity="1">
              <lines>
                <line number="24" hits="0" branch="false" />
                <line number="25" hits="0" branch="false" />
                <line number="26" hits="0" branch="false" />
              </lines>
            </method>
            <method name=".ctor" signature="(TKey,System.String,System.Nullable`1&lt;System.DateTimeOffset&gt;)" line-rate="1" branch-rate="1" complexity="1">
              <lines>
                <line number="29" hits="132" branch="false" />
                <line number="30" hits="132" branch="false" />
                <line number="31" hits="132" branch="false" />
                <line number="32" hits="132" branch="false" />
              </lines>
            </method>
          </methods>
          <lines>
            <line number="20" hits="205" branch="false" />
            <line number="21" hits="205" branch="false" />
            <line number="22" hits="205" branch="false" />
            <line number="24" hits="0" branch="false" />
            <line number="25" hits="0" branch="false" />
            <line number="26" hits="0" branch="false" />
            <line number="29" hits="132" branch="false" />
            <line number="30" hits="132" branch="false" />
            <line number="31" hits="132" branch="false" />
            <line number="32" hits="132" branch="false" />
            <line number="40" hits="1101" branch="false" />
            <line number="47" hits="432" branch="false" />
            <line number="54" hits="303" branch="false" />
            <line number="60" hits="303" branch="false" />
            <line number="62" hits="0" branch="true" condition-coverage="0% (0/2)" />
            <line number="64" hits="0" branch="true" condition-coverage="0% (0/2)" />
            <line number="73" hits="332" branch="false" />
            <line number="74" hits="532" branch="true" condition-coverage="100% (2/2)" />
            <line number="76" hits="132" branch="true" condition-coverage="50% (1/2)" />
            <line number="77" hits="132" branch="true" condition-coverage="50% (1/2)" />
            <line number="78" hits="332" branch="false" />
            <line number="87" hits="2" branch="false" />
            <line number="88" hits="2" branch="true" condition-coverage="50% (1/2)" />
            <line number="89" hits="0" branch="false" />
            <line number="91" hits="2" branch="false" />
            <line number="92" hits="2" branch="true" condition-coverage="50% (1/2)" />
            <line number="93" hits="2" branch="false" />
          </lines>
        </class>
        <class name="DKNet.EfCore.Abstractions.Entities.Entity" filename="/home/runner/work/DKNet/DKNet/EfCore/DKNet.EfCore.Abstractions/Entities/Entity.cs" line-rate="0.5" branch-rate="1" complexity="2">
          <methods>
            <method name=".ctor" signature="()" line-rate="1" branch-rate="1" complexity="1">
              <lines>
                <line number="101" hits="2" branch="false" />
                <line number="102" hits="2" branch="false" />
                <line number="103" hits="2" branch="false" />
              </lines>
            </method>
            <method name=".ctor" signature="(System.Guid)" line-rate="0" branch-rate="1" complexity="1">
              <lines>
                <line number="112" hits="0" branch="false" />
                <line number="113" hits="0" branch="false" />
                <line number="114" hits="0" branch="false" />
              </lines>
            </method>
          </methods>
          <lines>
            <line number="101" hits="2" branch="false" />
            <line number="102" hits="2" branch="false" />
            <line number="103" hits="2" branch="false" />
            <line number="112" hits="0" branch="false" />
            <line number="113" hits="0" branch="false" />
            <line number="114" hits="0" branch="false" />
          </lines>
        </class>
        <class name="DKNet.EfCore.Abstractions.Entities.Entity`1" filename="/home/runner/work/DKNet/DKNet/EfCore/DKNet.EfCore.Abstractions/Entities/Entity.cs" line-rate="0.8181818181818182" branch-rate="1" complexity="6">
          <methods>
            <method name="get_Id" signature="()" line-rate="1" branch-rate="1" complexity="1">
              <lines>
                <line number="55" hits="1227" branch="false" />
              </lines>
            </method>
            <method name="get_RowVersion" signature="()" line-rate="1" branch-rate="1" complexity="1">
              <lines>
                <line number="65" hits="105" branch="false" />
              </lines>
            </method>
            <method name="SetRowVersion" signature="(System.Byte[])" line-rate="0" branch-rate="1" complexity="1">
              <lines>
                <line number="75" hits="0" branch="false" />
              </lines>
            </method>
            <method name="ToString" signature="()" line-rate="0" branch-rate="1" complexity="1">
              <lines>
                <line number="81" hits="0" branch="false" />
              </lines>
            </method>
            <method name=".ctor" signature="()" line-rate="1" branch-rate="1" complexity="1">
              <lines>
                <line number="26" hits="207" branch="false" />
                <line number="27" hits="207" branch="false" />
                <line number="28" hits="207" branch="false" />
              </lines>
            </method>
            <method name=".ctor" signature="(TKey)" line-rate="1" branch-rate="1" complexity="1">
              <lines>
                <line number="37" hits="449" branch="false" />
                <line number="38" hits="449" branch="false" />
                <line number="39" hits="449" branch="false" />
                <line number="40" hits="449" branch="false" />
              </lines>
            </method>
          </methods>
          <lines>
            <line number="26" hits="207" branch="false" />
            <line number="27" hits="207" branch="false" />
            <line number="28" hits="207" branch="false" />
            <line number="37" hits="449" branch="false" />
            <line number="38" hits="449" branch="false" />
            <line number="39" hits="449" branch="false" />
            <line number="40" hits="449" branch="false" />
            <line number="55" hits="1227" branch="false" />
            <line number="65" hits="105" branch="false" />
            <line number="75" hits="0" branch="false" />
            <line number="81" hits="0" branch="false" />
          </lines>
        </class>
      </classes>
    </package>
    <package name="DKNet.EfCore.DataAuthorization" line-rate="0.8444444444444444" branch-rate="0.75" complexity="14">
      <classes>
        <class name="DKNet.EfCore.DataAuthorization.Internals.DataOwnerAuthQueryRegister" filename="/home/runner/work/DKNet/DKNet/EfCore/DKNet.EfCore.DataAuthorization/Internals/DataOwnerAuthQueryRegister.cs" line-rate="0.72" branch-rate="0.6666666666666666" complexity="8">
          <methods>
            <method name="Apply" signature="(Microsoft.EntityFrameworkCore.ModelBuilder,Microsoft.EntityFrameworkCore.DbContext)" line-rate="0.631578947368421" branch-rate="0.6666666666666666" complexity="6">
              <lines>
                <line number="35" hits="1" branch="false" />
                <line number="36" hits="1" branch="true" condition-coverage="50% (1/2)" />
                <line number="37" hits="0" branch="false" />
                <line number="38" hits="0" branch="false" />
                <line number="39" hits="0" branch="false" />
                <line number="42" hits="1" branch="true" condition-coverage="50% (1/2)" />
                <line number="43" hits="0" branch="false" />
                <line number="44" hits="0" branch="false" />
                <line number="45" hits="0" branch="false" />
                <line number="46" hits="0" branch="false" />
                <line number="49" hits="1" branch="false" />
                <line number="50" hits="5" branch="false" />
                <line number="51" hits="5" branch="false" />
                <line number="53" hits="11" branch="true" condition-coverage="100% (2/2)" />
                <line number="54" hits="4" branch="false" />
                <line number="55" hits="4" branch="false" />
                <line number="56" hits="4" branch="false" />
                <line number="57" hits="4" branch="false" />
                <line number="58" hits="1" branch="false" />
              </lines>
            </method>
            <method name="ApplyQueryFilter" signature="(Microsoft.EntityFrameworkCore.ModelBuilder,DKNet.EfCore.DataAuthorization.IDataOwnerDbContext)" line-rate="1" branch-rate="1" complexity="1">
              <lines>
                <line number="72" hits="4" branch="false" />
                <line number="73" hits="4" branch="false" />
                <line number="74" hits="4" branch="false" />
                <line number="75" hits="4" branch="false" />
              </lines>
            </method>
            <method name=".cctor" signature="()" line-rate="1" branch-rate="1" complexity="1">
              <lines>
                <line number="22" hits="1" branch="false" />
                <line number="23" hits="1" branch="false" />
              </lines>
            </method>
          </methods>
          <lines>
            <line number="22" hits="1" branch="false" />
            <line number="23" hits="1" branch="false" />
            <line number="35" hits="1" branch="false" />
            <line number="36" hits="1" branch="true" condition-coverage="50% (1/2)" />
            <line number="37" hits="0" branch="false" />
            <line number="38" hits="0" branch="false" />
            <line number="39" hits="0" branch="false" />
            <line number="42" hits="1" branch="true" condition-coverage="50% (1/2)" />
            <line number="43" hits="0" branch="false" />
            <line number="44" hits="0" branch="false" />
            <line number="45" hits="0" branch="false" />
            <line number="46" hits="0" branch="false" />
            <line number="49" hits="1" branch="false" />
            <line number="50" hits="5" branch="false" />
            <line number="51" hits="5" branch="false" />
            <line number="53" hits="11" branch="true" condition-coverage="100% (2/2)" />
            <line number="54" hits="4" branch="false" />
            <line number="55" hits="4" branch="false" />
            <line number="56" hits="4" branch="false" />
            <line number="57" hits="4" branch="false" />
            <line number="58" hits="1" branch="false" />
            <line number="72" hits="4" branch="false" />
            <line number="73" hits="4" branch="false" />
            <line number="74" hits="4" branch="false" />
            <line number="75" hits="4" branch="false" />
          </lines>
        </class>
        <class name="DKNet.EfCore.DataAuthorization.Internals.DataOwnerHook" filename="/home/runner/work/DKNet/DKNet/EfCore/DKNet.EfCore.DataAuthorization/Internals/DataOwnerHook.cs" line-rate="1" branch-rate="1" complexity="4">
          <methods>
            <method name="RunBeforeSaveAsync" signature="(DKNet.EfCore.Extensions.Snapshots.SnapshotContext,System.Threading.CancellationToken)" line-rate="1" branch-rate="1" complexity="1">
              <lines>
                <line number="29" hits="2" branch="false" />
                <line number="30" hits="2" branch="false" />
                <line number="31" hits="2" branch="false" />
                <line number="32" hits="2" branch="false" />
              </lines>
            </method>
            <method name="UpdatingOwner" signature="(DKNet.EfCore.Extensions.Snapshots.SnapshotContext)" line-rate="1" branch-rate="1" complexity="2">
              <lines>
                <line number="39" hits="2" branch="false" />
                <line number="40" hits="2" branch="false" />
                <line number="42" hits="2" branch="false" />
                <line number="43" hits="108" branch="false" />
                <line number="44" hits="104" branch="false" />
                <line number="45" hits="2" branch="false" />
                <line number="47" hits="214" branch="true" condition-coverage="100% (2/2)" />
                <line number="48" hits="104" branch="false" />
                <line number="49" hits="2" branch="false" />
              </lines>
            </method>
            <method name=".ctor" signature="(DKNet.EfCore.DataAuthorization.IDataOwnerProvider)" line-rate="1" branch-rate="1" complexity="1">
              <lines>
                <line number="20" hits="1" branch="false" />
              </lines>
            </method>
          </methods>
          <lines>
            <line number="20" hits="1" branch="false" />
            <line number="29" hits="2" branch="false" />
            <line number="30" hits="2" branch="false" />
            <line number="31" hits="2" branch="false" />
            <line number="32" hits="2" branch="false" />
            <line number="39" hits="2" branch="false" />
            <line number="40" hits="2" branch="false" />
            <line number="42" hits="2" branch="false" />
            <line number="43" hits="108" branch="false" />
            <line number="44" hits="104" branch="false" />
            <line number="45" hits="2" branch="false" />
            <line number="47" hits="214" branch="true" condition-coverage="100% (2/2)" />
            <line number="48" hits="104" branch="false" />
            <line number="49" hits="2" branch="false" />
          </lines>
        </class>
        <class name="Microsoft.Extensions.DependencyInjection.EfCoreDataAuthSetup" filename="/home/runner/work/DKNet/DKNet/EfCore/DKNet.EfCore.DataAuthorization/EfCoreDataAuthSetup.cs" line-rate="1" branch-rate="1" complexity="2">
          <methods>
            <method name="AddDataKeyProvider" signature="(Microsoft.Extensions.DependencyInjection.IServiceCollection)" line-rate="1" branch-rate="1" complexity="1">
              <lines>
                <line number="33" hits="1" branch="false" />
                <line number="34" hits="1" branch="false" />
                <line number="35" hits="1" branch="false" />
              </lines>
            </method>
            <method name="AddAutoDataKeyProvider" signature="(Microsoft.Extensions.DependencyInjection.IServiceCollection)" line-rate="1" branch-rate="1" complexity="1">
              <lines>
                <line number="53" hits="1" branch="false" />
                <line number="54" hits="1" branch="false" />
                <line number="55" hits="1" branch="false" />
              </lines>
            </method>
          </methods>
          <lines>
            <line number="33" hits="1" branch="false" />
            <line number="34" hits="1" branch="false" />
            <line number="35" hits="1" branch="false" />
            <line number="53" hits="1" branch="false" />
            <line number="54" hits="1" branch="false" />
            <line number="55" hits="1" branch="false" />
          </lines>
        </class>
      </classes>
    </package>
    <package name="DKNet.EfCore.Events" line-rate="0.9821428571428571" branch-rate="0.5" complexity="14">
      <classes>
        <class name="DKNet.EfCore.Events.EntityEventItem" filename="/home/runner/work/DKNet/DKNet/EfCore/DKNet.EfCore.Events/EntityEventItem.cs" line-rate="1" branch-rate="1" complexity="3">
          <methods>
            <method name="get_Entity" signature="()" line-rate="1" branch-rate="1" complexity="1">
              <lines>
                <line number="11" hits="17" branch="false" />
              </lines>
            </method>
            <method name="get_Events" signature="()" line-rate="1" branch-rate="1" complexity="1">
              <lines>
                <line number="16" hits="36" branch="false" />
              </lines>
            </method>
            <method name=".ctor" signature="(DKNet.EfCore.Abstractions.Entities.IEventEntity,System.Object[])" line-rate="1" branch-rate="1" complexity="1">
              <lines>
                <line number="6" hits="17" branch="false" />
              </lines>
            </method>
          </methods>
          <lines>
            <line number="6" hits="17" branch="false" />
            <line number="11" hits="17" branch="false" />
            <line number="16" hits="36" branch="false" />
          </lines>
        </class>
        <class name="DKNet.EfCore.Events.EventException" filename="/home/runner/work/DKNet/DKNet/EfCore/DKNet.EfCore.Events/EventException.cs" line-rate="1" branch-rate="0.5" complexity="5">
          <methods>
            <method name="get_Status" signature="()" line-rate="1" branch-rate="1" complexity="1">
              <lines>
                <line number="12" hits="6" branch="false" />
              </lines>
            </method>
            <method name=".ctor" signature="(FluentResults.IResultBase)" line-rate="1" branch-rate="0.5" complexity="4">
              <lines>
                <line number="10" hits="5" branch="true" condition-coverage="50% (2/4)" />
              </lines>
            </method>
          </methods>
          <lines>
            <line number="10" hits="5" branch="true" condition-coverage="50% (2/4)" />
            <line number="12" hits="6" branch="false" />
          </lines>
        </class>
        <class name="DKNet.EfCore.Events.Handlers.IEventPublisher" filename="/home/runner/work/DKNet/DKNet/EfCore/DKNet.EfCore.Events/Handlers/IEventPublisher.cs" line-rate="1" branch-rate="1" complexity="1">
          <methods>
            <method name="PublishAllAsync" signature="(System.Collections.Generic.IEnumerable`1&lt;System.Object&gt;,System.Threading.CancellationToken)" line-rate="1" branch-rate="1" complexity="1">
              <lines>
                <line number="12" hits="4" branch="false" />
              </lines>
            </method>
          </methods>
          <lines>
            <line number="12" hits="4" branch="false" />
          </lines>
        </class>
        <class name="DKNet.EfCore.Events.Internals.EventHook" filename="/home/runner/work/DKNet/DKNet/EfCore/DKNet.EfCore.Events/Internals/EventHook.cs" line-rate="0.9787234042553191" branch-rate="1" complexity="4">
          <methods>
            <method name="RunBeforeSaveAsync" signature="(DKNet.EfCore.Extensions.Snapshots.SnapshotContext,System.Threading.CancellationToken)" line-rate="1" branch-rate="1" complexity="1">
              <lines>
                <line number="21" hits="3" branch="false" />
                <line number="22" hits="3" branch="false" />
                <line number="23" hits="3" branch="false" />
                <line number="24" hits="3" branch="false" />
              </lines>
            </method>
            <method name="ProcessAndFilterDomainEvents" signature="(DKNet.EfCore.Extensions.Snapshots.SnapshotContext)" line-rate="0.9696969696969697" branch-rate="1" complexity="1">
              <lines>
                <line number="49" hits="3" branch="false" />
                <line number="50" hits="20" branch="false" />
                <line number="51" hits="3" branch="false" />
                <line number="52" hits="17" branch="false" />
                <line number="53" hits="17" branch="false" />
                <line number="54" hits="17" branch="false" />
                <line number="55" hits="17" branch="false" />
                <line number="56" hits="17" branch="false" />
                <line number="57" hits="3" branch="false" />
                <line number="58" hits="17" branch="false" />
                <line number="59" hits="17" branch="false" />
                <line number="60" hits="3" branch="false" />
                <line number="61" hits="17" branch="false" />
                <line number="62" hits="17" branch="false" />
                <line number="63" hits="3" branch="false" />
                <line number="64" hits="17" branch="false" />
                <line number="65" hits="17" branch="false" />
                <line number="66" hits="3" branch="false" />
                <line number="67" hits="17" branch="false" />
                <line number="68" hits="1" branch="false" />
                <line number="69" hits="1" branch="false" />
                <line number="70" hits="0" branch="false" />
                <line number="71" hits="3" branch="false" />
                <line number="72" hits="1" branch="false" />
                <line number="73" hits="2" branch="false" />
                <line number="74" hits="1" branch="false" />
                <line number="75" hits="3" branch="false" />
                <line number="76" hits="19" branch="false" />
                <line number="77" hits="17" branch="false" />
                <line number="78" hits="17" branch="false" />
                <line number="79" hits="3" branch="false" />
                <line number="81" hits="3" branch="false" />
                <line number="82" hits="3" branch="false" />
              </lines>
            </method>
            <method name=".ctor" signature="(System.Collections.Generic.IEnumerable`1&lt;DKNet.EfCore.Events.Handlers.IEventPublisher&gt;,System.Collections.Generic.IEnumerable`1&lt;MapsterMapper.IMapper&gt;)" line-rate="1" branch-rate="1" complexity="1">
              <lines>
                <line number="8" hits="1" branch="false" />
                <line number="11" hits="1" branch="false" />
                <line number="12" hits="1" branch="false" />
              </lines>
            </method>
            <method name="RunAfterSaveAsync" signature="()" line-rate="1" branch-rate="1" complexity="1">
              <lines>
                <line number="32" hits="3" branch="false" />
                <line number="33" hits="3" branch="false" />
                <line number="34" hits="2" branch="false" />
                <line number="35" hits="5" branch="false" />
                <line number="37" hits="3" branch="false" />
                <line number="39" hits="3" branch="false" />
                <line number="40" hits="3" branch="false" />
              </lines>
            </method>
          </methods>
          <lines>
            <line number="8" hits="1" branch="false" />
            <line number="11" hits="1" branch="false" />
            <line number="12" hits="1" branch="false" />
            <line number="21" hits="3" branch="false" />
            <line number="22" hits="3" branch="false" />
            <line number="23" hits="3" branch="false" />
            <line number="24" hits="3" branch="false" />
            <line number="32" hits="3" branch="false" />
            <line number="33" hits="3" branch="false" />
            <line number="34" hits="2" branch="false" />
            <line number="35" hits="5" branch="false" />
            <line number="37" hits="3" branch="false" />
            <line number="39" hits="3" branch="false" />
            <line number="40" hits="3" branch="false" />
            <line number="49" hits="3" branch="false" />
            <line number="50" hits="20" branch="false" />
            <line number="51" hits="3" branch="false" />
            <line number="52" hits="17" branch="false" />
            <line number="53" hits="17" branch="false" />
            <line number="54" hits="17" branch="false" />
            <line number="55" hits="17" branch="false" />
            <line number="56" hits="17" branch="false" />
            <line number="57" hits="3" branch="false" />
            <line number="58" hits="17" branch="false" />
            <line number="59" hits="17" branch="false" />
            <line number="60" hits="3" branch="false" />
            <line number="61" hits="17" branch="false" />
            <line number="62" hits="17" branch="false" />
            <line number="63" hits="3" branch="false" />
            <line number="64" hits="17" branch="false" />
            <line number="65" hits="17" branch="false" />
            <line number="66" hits="3" branch="false" />
            <line number="67" hits="17" branch="false" />
            <line number="68" hits="1" branch="false" />
            <line number="69" hits="1" branch="false" />
            <line number="70" hits="0" branch="false" />
            <line number="71" hits="3" branch="false" />
            <line number="72" hits="1" branch="false" />
            <line number="73" hits="2" branch="false" />
            <line number="74" hits="1" branch="false" />
            <line number="75" hits="3" branch="false" />
            <line number="76" hits="19" branch="false" />
            <line number="77" hits="17" branch="false" />
            <line number="78" hits="17" branch="false" />
            <line number="79" hits="3" branch="false" />
            <line number="81" hits="3" branch="false" />
            <line number="82" hits="3" branch="false" />
          </lines>
        </class>
        <class name="Microsoft.Extensions.DependencyInjection.EventSetup" filename="/home/runner/work/DKNet/DKNet/EfCore/DKNet.EfCore.Events/EventSetup.cs" line-rate="1" branch-rate="1" complexity="1">
          <methods>
            <method name="AddEventPublisher" signature="(Microsoft.Extensions.DependencyInjection.IServiceCollection)" line-rate="1" branch-rate="1" complexity="1">
              <lines>
                <line number="20" hits="2" branch="false" />
                <line number="21" hits="2" branch="false" />
                <line number="22" hits="2" branch="false" />
              </lines>
            </method>
          </methods>
          <lines>
            <line number="20" hits="2" branch="false" />
            <line number="21" hits="2" branch="false" />
            <line number="22" hits="2" branch="false" />
          </lines>
        </class>
      </classes>
    </package>
    <package name="DKNet.EfCore.Extensions" line-rate="0.8463203463203464" branch-rate="0.7397959183673469" complexity="241">
      <classes>
        <class name="DKNet.EfCore.Extensions.Configurations.DefaultEntityTypeConfiguration`1" filename="/home/runner/work/DKNet/DKNet/EfCore/DKNet.EfCore.Extensions/Configurations/DefaultEntityTypeConfiguration.cs" line-rate="1" branch-rate="1" complexity="2">
          <methods>
            <method name="Configure" signature="(Microsoft.EntityFrameworkCore.Metadata.Builders.EntityTypeBuilder`1&lt;TEntity&gt;)" line-rate="1" branch-rate="1" complexity="2">
              <lines>
                <line number="10" hits="101" branch="false" />
                <line number="11" hits="101" branch="true" condition-coverage="100% (2/2)" />
                <line number="12" hits="92" branch="false" />
                <line number="13" hits="101" branch="false" />
              </lines>
            </method>
          </methods>
          <lines>
            <line number="10" hits="101" branch="false" />
            <line number="11" hits="101" branch="true" condition-coverage="100% (2/2)" />
            <line number="12" hits="92" branch="false" />
            <line number="13" hits="101" branch="false" />
          </lines>
        </class>
        <class name="DKNet.EfCore.Extensions.Extensions.EfCorePageAsyncEnumerator`1" filename="/home/runner/work/DKNet/DKNet/EfCore/DKNet.EfCore.Extensions/Extensions/PageAsyncEnumerator.cs" line-rate="0" branch-rate="0" complexity="9">
          <methods>
            <method name=".ctor" signature="(System.Linq.IQueryable`1&lt;T&gt;,System.Int32)" line-rate="0" branch-rate="1" complexity="1">
              <lines>
                <line number="5" hits="0" branch="false" />
                <line number="8" hits="0" branch="false" />
              </lines>
            </method>
            <method name="GetAsyncEnumerator" signature="()" line-rate="0" branch-rate="0" complexity="6">
              <lines>
                <line number="26" hits="0" branch="false" />
                <line number="28" hits="0" branch="false" />
                <line number="29" hits="0" branch="false" />
                <line number="30" hits="0" branch="true" condition-coverage="0% (0/2)" />
                <line number="31" hits="0" branch="false" />
                <line number="32" hits="0" branch="false" />
                <line number="33" hits="0" branch="false" />
                <line number="36" hits="0" branch="true" condition-coverage="0% (0/2)" />
                <line number="37" hits="0" branch="false" />
                <line number="38" hits="0" branch="true" condition-coverage="0% (0/2)" />
                <line number="39" hits="0" branch="false" />
              </lines>
            </method>
            <method name="GetNextPageAsync" signature="()" line-rate="0" branch-rate="0" complexity="2">
              <lines>
                <line number="11" hits="0" branch="false" />
                <line number="12" hits="0" branch="true" condition-coverage="0% (0/2)" />
                <line number="14" hits="0" branch="false" />
                <line number="15" hits="0" branch="false" />
                <line number="16" hits="0" branch="false" />
                <line number="17" hits="0" branch="false" />
                <line number="19" hits="0" branch="false" />
                <line number="20" hits="0" branch="false" />
                <line number="22" hits="0" branch="false" />
                <line number="23" hits="0" branch="false" />
              </lines>
            </method>
          </methods>
          <lines>
            <line number="5" hits="0" branch="false" />
            <line number="8" hits="0" branch="false" />
            <line number="11" hits="0" branch="false" />
            <line number="12" hits="0" branch="true" condition-coverage="0% (0/2)" />
            <line number="14" hits="0" branch="false" />
            <line number="15" hits="0" branch="false" />
            <line number="16" hits="0" branch="false" />
            <line number="17" hits="0" branch="false" />
            <line number="19" hits="0" branch="false" />
            <line number="20" hits="0" branch="false" />
            <line number="22" hits="0" branch="false" />
            <line number="23" hits="0" branch="false" />
            <line number="26" hits="0" branch="false" />
            <line number="28" hits="0" branch="false" />
            <line number="29" hits="0" branch="false" />
            <line number="30" hits="0" branch="true" condition-coverage="0% (0/2)" />
            <line number="31" hits="0" branch="false" />
            <line number="32" hits="0" branch="false" />
            <line number="33" hits="0" branch="false" />
            <line number="36" hits="0" branch="true" condition-coverage="0% (0/2)" />
            <line number="37" hits="0" branch="false" />
            <line number="38" hits="0" branch="true" condition-coverage="0% (0/2)" />
            <line number="39" hits="0" branch="false" />
          </lines>
        </class>
        <class name="DKNet.EfCore.Extensions.Extensions.PageAsyncEnumeratorExtensions" filename="/home/runner/work/DKNet/DKNet/EfCore/DKNet.EfCore.Extensions/Extensions/PageAsyncEnumerator.cs" line-rate="0" branch-rate="1" complexity="1">
          <methods>
            <method name="ToPageEnumerable" signature="(System.Linq.IQueryable`1&lt;T&gt;,System.Int32)" line-rate="0" branch-rate="1" complexity="1">
              <lines>
                <line number="45" hits="0" branch="false" />
              </lines>
            </method>
          </methods>
          <lines>
            <line number="45" hits="0" branch="false" />
          </lines>
        </class>
        <class name="DKNet.EfCore.Extensions.Internal.AutoMapModelCustomizer" filename="/home/runner/work/DKNet/DKNet/EfCore/DKNet.EfCore.Extensions/Internal/AutoMapModelCustomizer.cs" line-rate="1" branch-rate="0.875" complexity="10">
          <methods>
            <method name="Customize" signature="(Microsoft.EntityFrameworkCore.ModelBuilder,Microsoft.EntityFrameworkCore.DbContext)" line-rate="1" branch-rate="1" complexity="1">
              <lines>
                <line number="10" hits="12" branch="false" />
                <line number="11" hits="12" branch="false" />
                <line number="12" hits="12" branch="false" />
                <line number="13" hits="12" branch="false" />
              </lines>
            </method>
            <method name="ConfigModelCreating" signature="(Microsoft.EntityFrameworkCore.DbContext,Microsoft.EntityFrameworkCore.ModelBuilder)" line-rate="1" branch-rate="0.875" complexity="8">
              <lines>
                <line number="16" hits="12" branch="false" />
                <line number="17" hits="12" branch="false" />
                <line number="18" hits="12" branch="false" />
                <line number="20" hits="12" branch="true" condition-coverage="50% (1/2)" />
                <line number="21" hits="12" branch="true" condition-coverage="100% (2/2)" />
                <line number="23" hits="12" branch="true" condition-coverage="100% (2/2)" />
                <line number="24" hits="5" branch="false" />
                <line number="27" hits="12" branch="false" />
                <line number="30" hits="12" branch="false" />
                <line number="36" hits="12" branch="false" />
                <line number="39" hits="12" branch="true" condition-coverage="100% (2/2)" />
                <line number="40" hits="2" branch="false" />
                <line number="45" hits="12" branch="false" />
              </lines>
            </method>
            <method name=".ctor" signature="(Microsoft.EntityFrameworkCore.Infrastructure.ModelCustomizer)" line-rate="1" branch-rate="1" complexity="1">
              <lines>
                <line number="7" hits="12" branch="false" />
              </lines>
            </method>
          </methods>
          <lines>
            <line number="7" hits="12" branch="false" />
            <line number="10" hits="12" branch="false" />
            <line number="11" hits="12" branch="false" />
            <line number="12" hits="12" branch="false" />
            <line number="13" hits="12" branch="false" />
            <line number="16" hits="12" branch="false" />
            <line number="17" hits="12" branch="false" />
            <line number="18" hits="12" branch="false" />
            <line number="20" hits="12" branch="true" condition-coverage="50% (1/2)" />
            <line number="21" hits="12" branch="true" condition-coverage="100% (2/2)" />
            <line number="23" hits="12" branch="true" condition-coverage="100% (2/2)" />
            <line number="24" hits="5" branch="false" />
            <line number="27" hits="12" branch="false" />
            <line number="30" hits="12" branch="false" />
            <line number="36" hits="12" branch="false" />
            <line number="39" hits="12" branch="true" condition-coverage="100% (2/2)" />
            <line number="40" hits="2" branch="false" />
            <line number="45" hits="12" branch="false" />
          </lines>
        </class>
        <class name="DKNet.EfCore.Extensions.Internal.EntityMappingExtensionInfo" filename="/home/runner/work/DKNet/DKNet/EfCore/DKNet.EfCore.Extensions/Internal/EntityMappingExtensionInfo.cs" line-rate="0.9" branch-rate="1" complexity="7">
          <methods>
            <method name="get_IsDatabaseProvider" signature="()" line-rate="1" branch-rate="1" complexity="1">
              <lines>
                <line number="9" hits="14" branch="false" />
              </lines>
            </method>
            <method name="get_LogFragment" signature="()" line-rate="0" branch-rate="1" complexity="1">
              <lines>
                <line number="11" hits="0" branch="false" />
              </lines>
            </method>
            <method name="GetServiceProviderHashCode" signature="()" line-rate="1" branch-rate="1" complexity="1">
              <lines>
                <line number="13" hits="44" branch="false" />
              </lines>
            </method>
            <method name="ShouldUseSameServiceProvider" signature="(Microsoft.EntityFrameworkCore.Infrastructure.DbContextOptionsExtensionInfo)" line-rate="1" branch-rate="1" complexity="1">
              <lines>
                <line number="14" hits="5" branch="false" />
              </lines>
            </method>
            <method name="PopulateDebugInfo" signature="(System.Collections.Generic.IDictionary`2&lt;System.String,System.String&gt;)" line-rate="1" branch-rate="1" complexity="2">
              <lines>
                <line number="17" hits="14" branch="false" />
                <line number="18" hits="14" branch="true" condition-coverage="100% (2/2)" />
                <line number="19" hits="14" branch="false" />
                <line number="20" hits="14" branch="false" />
                <line number="21" hits="14" branch="false" />
              </lines>
            </method>
            <method name=".ctor" signature="(DKNet.EfCore.Extensions.Registers.EntityAutoMappingRegister)" line-rate="1" branch-rate="1" complexity="1">
              <lines>
                <line number="7" hits="14" branch="false" />
              </lines>
            </method>
          </methods>
          <lines>
            <line number="7" hits="14" branch="false" />
            <line number="9" hits="14" branch="false" />
            <line number="11" hits="0" branch="false" />
            <line number="13" hits="44" branch="false" />
            <line number="14" hits="5" branch="false" />
            <line number="17" hits="14" branch="false" />
            <line number="18" hits="14" branch="true" condition-coverage="100% (2/2)" />
            <line number="19" hits="14" branch="false" />
            <line number="20" hits="14" branch="false" />
            <line number="21" hits="14" branch="false" />
          </lines>
        </class>
        <class name="DKNet.EfCore.Extensions.Internal.EntityMappingRegisterService" filename="/home/runner/work/DKNet/DKNet/EfCore/DKNet.EfCore.Extensions/Internal/EntityMappingRegisterService.cs" line-rate="1" branch-rate="1" complexity="3">
          <methods>
            <method name="get_EntityMapping" signature="()" line-rate="1" branch-rate="1" complexity="1">
              <lines>
                <line number="7" hits="26" branch="false" />
              </lines>
            </method>
            <method name=".ctor" signature="(DKNet.EfCore.Extensions.Registers.EntityAutoMappingRegister)" line-rate="1" branch-rate="1" complexity="2">
              <lines>
                <line number="5" hits="14" branch="false" />
              </lines>
            </method>
          </methods>
          <lines>
            <line number="5" hits="14" branch="false" />
            <line number="7" hits="26" branch="false" />
          </lines>
        </class>
        <class name="DKNet.EfCore.Extensions.Internal.EnumTables`1" filename="/home/runner/work/DKNet/DKNet/EfCore/DKNet.EfCore.Extensions/Internal/EnumTables.cs" line-rate="1" branch-rate="1" complexity="1">
          <methods>
            <method name="get_Id" signature="()" line-rate="1" branch-rate="1" complexity="1">
              <lines>
                <line number="7" hits="1" branch="false" />
              </lines>
            </method>
          </methods>
          <lines>
            <line number="7" hits="1" branch="false" />
          </lines>
        </class>
        <class name="DKNet.EfCore.Extensions.Registers.AutoEntityRegistrationInfo" filename="/home/runner/work/DKNet/DKNet/EfCore/DKNet.EfCore.Extensions/Registers/AutoEntityRegistrationInfo.cs" line-rate="0.7647058823529411" branch-rate="0.6363636363636364" complexity="25">
          <methods>
            <method name="get_DefaultEntityMapperTypes" signature="()" line-rate="1" branch-rate="1" complexity="1">
              <lines>
                <line number="17" hits="59" branch="false" />
              </lines>
            </method>
            <method name="get_EntityAssemblies" signature="()" line-rate="1" branch-rate="1" complexity="1">
              <lines>
                <line number="19" hits="66" branch="false" />
              </lines>
            </method>
            <method name="get_Predicate" signature="()" line-rate="1" branch-rate="1" complexity="1">
              <lines>
                <line number="21" hits="12" branch="false" />
              </lines>
            </method>
            <method name="WithDefaultMappersType" signature="(System.Type[])" line-rate="0.8333333333333334" branch-rate="0.7" complexity="10">
              <lines>
                <line number="30" hits="17" branch="false" />
                <line number="31" hits="17" branch="true" condition-coverage="50% (2/4)" />
                <line number="32" hits="0" branch="false" />
                <line number="34" hits="34" branch="true" condition-coverage="50% (1/2)" />
                <line number="35" hits="0" branch="false" />
                <line number="37" hits="34" branch="true" condition-coverage="100% (2/2)" />
                <line number="38" hits="52" branch="true" condition-coverage="100% (2/2)" />
                <line number="39" hits="1" branch="false" />
                <line number="40" hits="1" branch="false" />
                <line number="42" hits="16" branch="false" />
                <line number="43" hits="16" branch="false" />
                <line number="44" hits="16" branch="false" />
              </lines>
            </method>
            <method name="WithFilter" signature="(System.Linq.Expressions.Expression`1&lt;System.Func`2&lt;System.Type,System.Boolean&gt;&gt;)" line-rate="0.5" branch-rate="0.5" complexity="2">
              <lines>
                <line number="53" hits="1" branch="false" />
                <line number="54" hits="1" branch="true" condition-coverage="50% (1/2)" />
                <line number="55" hits="0" branch="false" />
                <line number="56" hits="0" branch="false" />
              </lines>
            </method>
            <method name="Validate" signature="()" line-rate="0.6666666666666666" branch-rate="0.625" complexity="8">
              <lines>
                <line number="63" hits="9" branch="false" />
                <line number="64" hits="13" branch="true" condition-coverage="100% (2/2)" />
                <line number="66" hits="10" branch="true" condition-coverage="50% (1/2)" />
                <line number="67" hits="0" branch="false" />
                <line number="69" hits="10" branch="true" condition-coverage="50% (1/2)" />
                <line number="70" hits="15" branch="true" condition-coverage="50% (1/2)" />
                <line number="71" hits="0" branch="false" />
                <line number="72" hits="0" branch="false" />
                <line number="73" hits="9" branch="false" />
              </lines>
            </method>
            <method name=".ctor" signature="(System.Reflection.Assembly[])" line-rate="0.8333333333333334" branch-rate="0.5" complexity="2">
              <lines>
                <line number="9" hits="19" branch="false" />
                <line number="10" hits="19" branch="false" />
                <line number="11" hits="19" branch="true" condition-coverage="50% (1/2)" />
                <line number="12" hits="0" branch="false" />
                <line number="14" hits="19" branch="false" />
                <line number="15" hits="19" branch="false" />
              </lines>
            </method>
          </methods>
          <lines>
            <line number="9" hits="19" branch="false" />
            <line number="10" hits="19" branch="false" />
            <line number="11" hits="19" branch="true" condition-coverage="50% (1/2)" />
            <line number="12" hits="0" branch="false" />
            <line number="14" hits="19" branch="false" />
            <line number="15" hits="19" branch="false" />
            <line number="17" hits="59" branch="false" />
            <line number="19" hits="66" branch="false" />
            <line number="21" hits="12" branch="false" />
            <line number="30" hits="17" branch="false" />
            <line number="31" hits="17" branch="true" condition-coverage="50% (2/4)" />
            <line number="32" hits="0" branch="false" />
            <line number="34" hits="34" branch="true" condition-coverage="50% (1/2)" />
            <line number="35" hits="0" branch="false" />
            <line number="37" hits="34" branch="true" condition-coverage="100% (2/2)" />
            <line number="38" hits="52" branch="true" condition-coverage="100% (2/2)" />
            <line number="39" hits="1" branch="false" />
            <line number="40" hits="1" branch="false" />
            <line number="42" hits="16" branch="false" />
            <line number="43" hits="16" branch="false" />
            <line number="44" hits="16" branch="false" />
            <line number="53" hits="1" branch="false" />
            <line number="54" hits="1" branch="true" condition-coverage="50% (1/2)" />
            <line number="55" hits="0" branch="false" />
            <line number="56" hits="0" branch="false" />
            <line number="63" hits="9" branch="false" />
            <line number="64" hits="13" branch="true" condition-coverage="100% (2/2)" />
            <line number="66" hits="10" branch="true" condition-coverage="50% (1/2)" />
            <line number="67" hits="0" branch="false" />
            <line number="69" hits="10" branch="true" condition-coverage="50% (1/2)" />
            <line number="70" hits="15" branch="true" condition-coverage="50% (1/2)" />
            <line number="71" hits="0" branch="false" />
            <line number="72" hits="0" branch="false" />
            <line number="73" hits="9" branch="false" />
          </lines>
        </class>
        <class name="DKNet.EfCore.Extensions.Registers.EntityAutoMappingRegister" filename="/home/runner/work/DKNet/DKNet/EfCore/DKNet.EfCore.Extensions/Registers/IEntityAutoMappingRegister.cs" line-rate="0.9666666666666667" branch-rate="0.9" complexity="12">
          <methods>
            <method name="get_Info" signature="()" line-rate="1" branch-rate="1" complexity="2">
              <lines>
                <line number="28" hits="68" branch="true" condition-coverage="100% (2/2)" />
              </lines>
            </method>
            <method name="get_Registrations" signature="()" line-rate="1" branch-rate="1" complexity="1">
              <lines>
                <line number="29" hits="97" branch="false" />
              </lines>
            </method>
            <method name="ApplyServices" signature="(Microsoft.Extensions.DependencyInjection.IServiceCollection)" line-rate="1" branch-rate="0.75" complexity="4">
              <lines>
                <line number="32" hits="14" branch="false" />
                <line number="34" hits="14" branch="true" condition-coverage="50% (1/2)" />
                <line number="37" hits="14" branch="false" />
                <line number="40" hits="476" branch="false" />
                <line number="42" hits="14" branch="true" condition-coverage="100% (2/2)" />
                <line number="43" hits="1" branch="false" />
                <line number="45" hits="1" branch="false" />
                <line number="46" hits="1" branch="false" />
                <line number="47" hits="1" branch="false" />
                <line number="49" hits="13" branch="false" />
                <line number="51" hits="13" branch="false" />
                <line number="52" hits="13" branch="false" />
                <line number="53" hits="13" branch="false" />
                <line number="54" hits="13" branch="false" />
                <line number="55" hits="13" branch="false" />
                <line number="61" hits="14" branch="false" />
              </lines>
            </method>
            <method name="AddExtraServices" signature="(System.Action`1&lt;Microsoft.Extensions.DependencyInjection.IServiceCollection&gt;)" line-rate="0" branch-rate="1" complexity="1">
              <lines>
                <line number="67" hits="0" branch="false" />
              </lines>
            </method>
            <method name="ScanFrom" signature="(System.Reflection.Assembly[])" line-rate="1" branch-rate="1" complexity="2">
              <lines>
                <line number="79" hits="16" branch="false" />
                <line number="80" hits="16" branch="true" condition-coverage="100% (2/2)" />
                <line number="81" hits="1" branch="false" />
                <line number="83" hits="16" branch="false" />
                <line number="84" hits="16" branch="false" />
                <line number="85" hits="16" branch="false" />
                <line number="86" hits="16" branch="false" />
              </lines>
            </method>
            <method name="Validate" signature="(Microsoft.EntityFrameworkCore.Infrastructure.IDbContextOptions)" line-rate="1" branch-rate="1" complexity="2">
              <lines>
                <line number="89" hits="14" branch="false" />
                <line number="90" hits="60" branch="true" condition-coverage="100% (2/2)" />
                <line number="91" hits="9" branch="false" />
                <line number="92" hits="14" branch="false" />
              </lines>
            </method>
          </methods>
          <lines>
            <line number="28" hits="68" branch="true" condition-coverage="100% (2/2)" />
            <line number="29" hits="97" branch="false" />
            <line number="32" hits="14" branch="false" />
            <line number="34" hits="14" branch="true" condition-coverage="50% (1/2)" />
            <line number="37" hits="14" branch="false" />
            <line number="40" hits="476" branch="false" />
            <line number="42" hits="14" branch="true" condition-coverage="100% (2/2)" />
            <line number="43" hits="1" branch="false" />
            <line number="45" hits="1" branch="false" />
            <line number="46" hits="1" branch="false" />
            <line number="47" hits="1" branch="false" />
            <line number="49" hits="13" branch="false" />
            <line number="51" hits="13" branch="false" />
            <line number="52" hits="13" branch="false" />
            <line number="53" hits="13" branch="false" />
            <line number="54" hits="13" branch="false" />
            <line number="55" hits="13" branch="false" />
            <line number="61" hits="14" branch="false" />
            <line number="67" hits="0" branch="false" />
            <line number="79" hits="16" branch="false" />
            <line number="80" hits="16" branch="true" condition-coverage="100% (2/2)" />
            <line number="81" hits="1" branch="false" />
            <line number="83" hits="16" branch="false" />
            <line number="84" hits="16" branch="false" />
            <line number="85" hits="16" branch="false" />
            <line number="86" hits="16" branch="false" />
            <line number="89" hits="14" branch="false" />
            <line number="90" hits="60" branch="true" condition-coverage="100% (2/2)" />
            <line number="91" hits="9" branch="false" />
            <line number="92" hits="14" branch="false" />
          </lines>
        </class>
        <class name="DKNet.EfCore.Extensions.Registers.SequenceRegister" filename="/home/runner/work/DKNet/DKNet/EfCore/DKNet.EfCore.Extensions/Registers/SequenceRegister.cs" line-rate="0.9333333333333333" branch-rate="0.875" complexity="18">
          <methods>
            <method name="GetAttribute" signature="(System.Type)" line-rate="1" branch-rate="1" complexity="1">
              <lines>
                <line number="12" hits="5" branch="false" />
              </lines>
            </method>
            <method name="GetFieldAttributeOrDefault" signature="(System.Type,System.Object)" line-rate="1" branch-rate="1" complexity="2">
              <lines>
                <line number="15" hits="6" branch="true" condition-coverage="100% (2/2)" />
              </lines>
            </method>
            <method name="GetSequenceName" signature="(System.Object)" line-rate="1" branch-rate="1" complexity="1">
              <lines>
                <line number="17" hits="8" branch="false" />
              </lines>
            </method>
            <method name="RegisterSequencesFrom" signature="(Microsoft.EntityFrameworkCore.ModelBuilder,System.Collections.Generic.IEnumerable`1&lt;DKNet.EfCore.Extensions.Registers.AutoEntityRegistrationInfo&gt;)" line-rate="1" branch-rate="1" complexity="2">
              <lines>
                <line number="26" hits="2" branch="false" />
                <line number="27" hits="2" branch="false" />
                <line number="28" hits="4" branch="false" />
                <line number="29" hits="8" branch="false" />
                <line number="31" hits="10" branch="true" condition-coverage="100% (2/2)" />
                <line number="32" hits="2" branch="false" />
                <line number="33" hits="2" branch="false" />
              </lines>
            </method>
            <method name="RegisterSequencesFromEnumType" signature="(Microsoft.EntityFrameworkCore.ModelBuilder,System.Type)" line-rate="0.9" branch-rate="0.8333333333333334" complexity="12">
              <lines>
                <line number="36" hits="2" branch="false" />
                <line number="37" hits="2" branch="false" />
                <line number="38" hits="2" branch="true" condition-coverage="100% (2/2)" />
                <line number="40" hits="2" branch="false" />
                <line number="42" hits="16" branch="true" condition-coverage="100% (2/2)" />
                <line number="43" hits="5" branch="false" />
                <line number="44" hits="5" branch="false" />
                <line number="45" hits="5" branch="false" />
                <line number="47" hits="5" branch="false" />
                <line number="49" hits="5" branch="true" condition-coverage="50% (1/2)" />
                <line number="50" hits="0" branch="false" />
                <line number="51" hits="5" branch="true" condition-coverage="100% (2/2)" />
                <line number="52" hits="2" branch="false" />
                <line number="53" hits="5" branch="true" condition-coverage="50% (1/2)" />
                <line number="54" hits="0" branch="false" />
                <line number="55" hits="5" branch="true" condition-coverage="100% (2/2)" />
                <line number="56" hits="3" branch="false" />
                <line number="58" hits="5" branch="false" />
                <line number="59" hits="5" branch="false" />
                <line number="60" hits="2" branch="false" />
              </lines>
            </method>
          </methods>
          <lines>
            <line number="12" hits="5" branch="false" />
            <line number="15" hits="6" branch="true" condition-coverage="100% (2/2)" />
            <line number="17" hits="8" branch="false" />
            <line number="26" hits="2" branch="false" />
            <line number="27" hits="2" branch="false" />
            <line number="28" hits="4" branch="false" />
            <line number="29" hits="8" branch="false" />
            <line number="31" hits="10" branch="true" condition-coverage="100% (2/2)" />
            <line number="32" hits="2" branch="false" />
            <line number="33" hits="2" branch="false" />
            <line number="36" hits="2" branch="false" />
            <line number="37" hits="2" branch="false" />
            <line number="38" hits="2" branch="true" condition-coverage="100% (2/2)" />
            <line number="40" hits="2" branch="false" />
            <line number="42" hits="16" branch="true" condition-coverage="100% (2/2)" />
            <line number="43" hits="5" branch="false" />
            <line number="44" hits="5" branch="false" />
            <line number="45" hits="5" branch="false" />
            <line number="47" hits="5" branch="false" />
            <line number="49" hits="5" branch="true" condition-coverage="50% (1/2)" />
            <line number="50" hits="0" branch="false" />
            <line number="51" hits="5" branch="true" condition-coverage="100% (2/2)" />
            <line number="52" hits="2" branch="false" />
            <line number="53" hits="5" branch="true" condition-coverage="50% (1/2)" />
            <line number="54" hits="0" branch="false" />
            <line number="55" hits="5" branch="true" condition-coverage="100% (2/2)" />
            <line number="56" hits="3" branch="false" />
            <line number="58" hits="5" branch="false" />
            <line number="59" hits="5" branch="false" />
            <line number="60" hits="2" branch="false" />
          </lines>
        </class>
        <class name="DKNet.EfCore.Extensions.Registers.StaticEnumDataRegister" filename="/home/runner/work/DKNet/DKNet/EfCore/DKNet.EfCore.Extensions/Registers/StaticEnumDataRegister.cs" line-rate="0.9833333333333333" branch-rate="0.8666666666666667" complexity="31">
          <methods>
            <method name="RegisterStaticDataFrom" signature="(Microsoft.EntityFrameworkCore.ModelBuilder,System.Collections.Generic.IEnumerable`1&lt;DKNet.EfCore.Extensions.Registers.AutoEntityRegistrationInfo&gt;)" line-rate="1" branch-rate="1" complexity="2">
              <lines>
                <line number="24" hits="12" branch="false" />
                <line number="25" hits="68" branch="true" condition-coverage="100% (2/2)" />
                <line number="26" hits="24" branch="false" />
                <line number="27" hits="16" branch="false" />
                <line number="28" hits="12" branch="false" />
              </lines>
            </method>
            <method name="RegisterStaticDataFromEnumType" signature="(Microsoft.EntityFrameworkCore.ModelBuilder,System.Type)" line-rate="0.8888888888888888" branch-rate="0.75" complexity="4">
              <lines>
                <line number="31" hits="16" branch="false" />
                <line number="32" hits="16" branch="false" />
                <line number="33" hits="16" branch="true" condition-coverage="100% (2/2)" />
                <line number="35" hits="16" branch="false" />
                <line number="37" hits="16" branch="true" condition-coverage="50% (1/2)" />
                <line number="38" hits="0" branch="false" />
                <line number="40" hits="16" branch="false" />
                <line number="41" hits="16" branch="false" />
                <line number="42" hits="16" branch="false" />
              </lines>
            </method>
            <method name="RegisterStaticDataType" signature="(Microsoft.EntityFrameworkCore.ModelBuilder,DKNet.EfCore.Abstractions.Attributes.StaticDataAttribute)" line-rate="1" branch-rate="0.875" complexity="24">
              <lines>
                <line number="46" hits="16" branch="false" />
                <line number="47" hits="16" branch="false" />
                <line number="48" hits="16" branch="true" condition-coverage="50% (3/6)" />
                <line number="49" hits="16" branch="false" />
                <line number="51" hits="16" branch="false" />
                <line number="52" hits="16" branch="false" />
                <line number="54" hits="144" branch="true" condition-coverage="100% (2/2)" />
                <line number="55" hits="48" branch="false" />
                <line number="56" hits="48" branch="true" condition-coverage="100% (2/2)" />
                <line number="57" hits="48" branch="false" />
                <line number="59" hits="48" branch="true" condition-coverage="100% (2/2)" />
                <line number="60" hits="16" branch="false" />
                <line number="61" hits="16" branch="false" />
                <line number="62" hits="16" branch="false" />
                <line number="63" hits="16" branch="false" />
                <line number="65" hits="16" branch="false" />
                <line number="67" hits="16" branch="false" />
                <line number="68" hits="16" branch="false" />
                <line number="69" hits="16" branch="false" />
                <line number="71" hits="16" branch="true" condition-coverage="100% (2/2)" />
                <line number="72" hits="8" branch="false" />
                <line number="73" hits="8" branch="false" />
                <line number="74" hits="8" branch="false" />
                <line number="76" hits="8" branch="false" />
                <line number="77" hits="8" branch="false" />
                <line number="79" hits="8" branch="false" />
                <line number="80" hits="8" branch="false" />
                <line number="82" hits="16" branch="false" />
                <line number="83" hits="16" branch="false" />
                <line number="85" hits="48" branch="true" condition-coverage="100% (2/2)" />
                <line number="86" hits="24" branch="true" condition-coverage="100% (8/8)" />
                <line number="87" hits="24" branch="false" />
                <line number="88" hits="24" branch="false" />
                <line number="89" hits="24" branch="false" />
                <line number="90" hits="24" branch="false" />
                <line number="91" hits="24" branch="false" />
                <line number="92" hits="24" branch="false" />
                <line number="94" hits="24" branch="false" />
                <line number="95" hits="24" branch="false" />
                <line number="96" hits="24" branch="false" />
                <line number="97" hits="24" branch="false" />
                <line number="98" hits="24" branch="false" />
                <line number="99" hits="48" branch="false" />
                <line number="100" hits="16" branch="false" />
              </lines>
            </method>
            <method name=".cctor" signature="()" line-rate="1" branch-rate="1" complexity="1">
              <lines>
                <line number="14" hits="1" branch="false" />
                <line number="15" hits="1" branch="false" />
              </lines>
            </method>
          </methods>
          <lines>
            <line number="14" hits="1" branch="false" />
            <line number="15" hits="1" branch="false" />
            <line number="24" hits="12" branch="false" />
            <line number="25" hits="68" branch="true" condition-coverage="100% (2/2)" />
            <line number="26" hits="24" branch="false" />
            <line number="27" hits="16" branch="false" />
            <line number="28" hits="12" branch="false" />
            <line number="31" hits="16" branch="false" />
            <line number="32" hits="16" branch="false" />
            <line number="33" hits="16" branch="true" condition-coverage="100% (2/2)" />
            <line number="35" hits="16" branch="false" />
            <line number="37" hits="16" branch="true" condition-coverage="50% (1/2)" />
            <line number="38" hits="0" branch="false" />
            <line number="40" hits="16" branch="false" />
            <line number="41" hits="16" branch="false" />
            <line number="42" hits="16" branch="false" />
            <line number="46" hits="16" branch="false" />
            <line number="47" hits="16" branch="false" />
            <line number="48" hits="16" branch="true" condition-coverage="50% (3/6)" />
            <line number="49" hits="16" branch="false" />
            <line number="51" hits="16" branch="false" />
            <line number="52" hits="16" branch="false" />
            <line number="54" hits="144" branch="true" condition-coverage="100% (2/2)" />
            <line number="55" hits="48" branch="false" />
            <line number="56" hits="48" branch="true" condition-coverage="100% (2/2)" />
            <line number="57" hits="48" branch="false" />
            <line number="59" hits="48" branch="true" condition-coverage="100% (2/2)" />
            <line number="60" hits="16" branch="false" />
            <line number="61" hits="16" branch="false" />
            <line number="62" hits="16" branch="false" />
            <line number="63" hits="16" branch="false" />
            <line number="65" hits="16" branch="false" />
            <line number="67" hits="16" branch="false" />
            <line number="68" hits="16" branch="false" />
            <line number="69" hits="16" branch="false" />
            <line number="71" hits="16" branch="true" condition-coverage="100% (2/2)" />
            <line number="72" hits="8" branch="false" />
            <line number="73" hits="8" branch="false" />
            <line number="74" hits="8" branch="false" />
            <line number="76" hits="8" branch="false" />
            <line number="77" hits="8" branch="false" />
            <line number="79" hits="8" branch="false" />
            <line number="80" hits="8" branch="false" />
            <line number="82" hits="16" branch="false" />
            <line number="83" hits="16" branch="false" />
            <line number="85" hits="48" branch="true" condition-coverage="100% (2/2)" />
            <line number="86" hits="24" branch="true" condition-coverage="100% (8/8)" />
            <line number="87" hits="24" branch="false" />
            <line number="88" hits="24" branch="false" />
            <line number="89" hits="24" branch="false" />
            <line number="90" hits="24" branch="false" />
            <line number="91" hits="24" branch="false" />
            <line number="92" hits="24" branch="false" />
            <line number="94" hits="24" branch="false" />
            <line number="95" hits="24" branch="false" />
            <line number="96" hits="24" branch="false" />
            <line number="97" hits="24" branch="false" />
            <line number="98" hits="24" branch="false" />
            <line number="99" hits="48" branch="false" />
            <line number="100" hits="16" branch="false" />
          </lines>
        </class>
        <class name="DKNet.EfCore.Extensions.Snapshots.SnapshotContext" filename="/home/runner/work/DKNet/DKNet/EfCore/DKNet.EfCore.Extensions/Snapshots/SnapshotContext.cs" line-rate="1" branch-rate="0.5" complexity="6">
          <methods>
            <method name="get_DbContext" signature="()" line-rate="1" branch-rate="0.5" complexity="2">
              <lines>
                <line number="20" hits="7" branch="true" condition-coverage="50% (1/2)" />
              </lines>
            </method>
            <method name="get_SnapshotEntities" signature="()" line-rate="1" branch-rate="0.5" complexity="2">
              <lines>
                <line number="28" hits="5" branch="false" />
                <line number="30" hits="5" branch="true" condition-coverage="50% (1/2)" />
                <line number="32" hits="130" branch="false" />
                <line number="34" hits="5" branch="false" />
                <line number="35" hits="5" branch="false" />
              </lines>
            </method>
            <method name="Dispose" signature="()" line-rate="1" branch-rate="1" complexity="1">
              <lines>
                <line number="39" hits="8" branch="false" />
                <line number="40" hits="8" branch="false" />
                <line number="41" hits="8" branch="false" />
                <line number="42" hits="8" branch="false" />
              </lines>
            </method>
            <method name=".ctor" signature="(Microsoft.EntityFrameworkCore.DbContext)" line-rate="1" branch-rate="1" complexity="1">
              <lines>
[...]
            <line number="33" hits="2" branch="false" />
            <line number="34" hits="22478" branch="false" />
            <line number="36" hits="52427" branch="false" />
            <line number="38" hits="44889" branch="false" />
            <line number="43" hits="14975" branch="false" />
            <line number="44" hits="14978" branch="true" condition-coverage="100% (2/2)" />
            <line number="45" hits="14972" branch="false" />
            <line number="46" hits="14972" branch="false" />
            <line number="47" hits="14975" branch="false" />
            <line number="50" hits="2" branch="false" />
            <line number="52" hits="104786" branch="false" />
          </lines>
        </class>
        <class name="DKNet.Svc.Transformation.TokenResolvers.TokenResolver" filename="/home/runner/work/DKNet/DKNet/Services/DKNet.Svc.Transformation/TokenResolvers/TokenResolver.cs" line-rate="0.8125" branch-rate="0.875" complexity="33">
          <methods>
            <method name="Resolve" signature="(DKNet.Svc.Transformation.TokenExtractors.IToken,System.Object[])" line-rate="0.9354838709677419" branch-rate="0.8666666666666667" complexity="30">
              <lines>
                <line number="19" hits="14970" branch="false" />
                <line number="20" hits="14970" branch="false" />
                <line number="22" hits="14969" branch="true" condition-coverage="50% (2/4)" />
                <line number="23" hits="0" branch="false" />
                <line number="25" hits="14969" branch="false" />
                <line number="27" hits="59888" branch="true" condition-coverage="100% (2/2)" />
                <line number="28" hits="14974" branch="false" />
                <line number="29" hits="14976" branch="true" condition-coverage="100% (2/2)" />
                <line number="31" hits="14972" branch="false" />
                <line number="33" hits="14972" branch="true" condition-coverage="100% (4/4)" />
                <line number="36" hits="3" branch="false" />
                <line number="37" hits="3" branch="true" condition-coverage="100% (2/2)" />
                <line number="38" hits="1" branch="false" />
                <line number="39" hits="1" branch="false" />
                <line number="41" hits="4" branch="true" condition-coverage="100% (2/2)" />
                <line number="42" hits="2" branch="true" condition-coverage="100% (2/2)" />
                <line number="43" hits="2" branch="false" />
                <line number="46" hits="2" branch="false" />
                <line number="47" hits="7" branch="true" condition-coverage="100% (2/2)" />
                <line number="48" hits="1" branch="false" />
                <line number="49" hits="1" branch="true" condition-coverage="100% (2/2)" />
                <line number="50" hits="1" branch="true" condition-coverage="50% (1/2)" />
                <line number="51" hits="2" branch="true" condition-coverage="50% (1/2)" />
                <line number="52" hits="0" branch="false" />
                <line number="54" hits="2" branch="false" />
                <line number="57" hits="14967" branch="true" condition-coverage="100% (2/2)" />
                <line number="58" hits="14967" branch="false" />
                <line number="61" hits="29937" branch="true" condition-coverage="100% (2/2)" />
                <line number="62" hits="5" branch="false" />
                <line number="64" hits="2" branch="false" />
                <line number="65" hits="14968" branch="false" />
              </lines>
            </method>
            <method name="ResolveAsync" signature="(DKNet.Svc.Transformation.TokenExtractors.IToken,System.Object[])" line-rate="1" branch-rate="1" complexity="1">
              <lines>
                <line number="67" hits="6" branch="false" />
              </lines>
            </method>
            <method name="GetProperty" signature="(System.Object,System.String)" line-rate="0.5625" branch-rate="1" complexity="2">
              <lines>
                <line number="70" hits="14968" branch="false" />
                <line number="72" hits="14968" branch="false" />
                <line number="73" hits="14968" branch="true" condition-coverage="100% (2/2)" />
                <line number="74" hits="14968" branch="false" />
                <line number="75" hits="14968" branch="false" />
                <line number="76" hits="14968" branch="false" />
                <line number="77" hits="14968" branch="false" />
                <line number="78" hits="14968" branch="false" />
                <line number="80" hits="0" branch="false" />
                <line number="81" hits="0" branch="false" />
                <line number="82" hits="0" branch="false" />
                <line number="83" hits="0" branch="false" />
                <line number="84" hits="0" branch="false" />
                <line number="85" hits="0" branch="false" />
                <line number="86" hits="0" branch="false" />
                <line number="88" hits="14968" branch="false" />
              </lines>
            </method>
          </methods>
          <lines>
            <line number="19" hits="14970" branch="false" />
            <line number="20" hits="14970" branch="false" />
            <line number="22" hits="14969" branch="true" condition-coverage="50% (2/4)" />
            <line number="23" hits="0" branch="false" />
            <line number="25" hits="14969" branch="false" />
            <line number="27" hits="59888" branch="true" condition-coverage="100% (2/2)" />
            <line number="28" hits="14974" branch="false" />
            <line number="29" hits="14976" branch="true" condition-coverage="100% (2/2)" />
            <line number="31" hits="14972" branch="false" />
            <line number="33" hits="14972" branch="true" condition-coverage="100% (4/4)" />
            <line number="36" hits="3" branch="false" />
            <line number="37" hits="3" branch="true" condition-coverage="100% (2/2)" />
            <line number="38" hits="1" branch="false" />
            <line number="39" hits="1" branch="false" />
            <line number="41" hits="4" branch="true" condition-coverage="100% (2/2)" />
            <line number="42" hits="2" branch="true" condition-coverage="100% (2/2)" />
            <line number="43" hits="2" branch="false" />
            <line number="46" hits="2" branch="false" />
            <line number="47" hits="7" branch="true" condition-coverage="100% (2/2)" />
            <line number="48" hits="1" branch="false" />
            <line number="49" hits="1" branch="true" condition-coverage="100% (2/2)" />
            <line number="50" hits="1" branch="true" condition-coverage="50% (1/2)" />
            <line number="51" hits="2" branch="true" condition-coverage="50% (1/2)" />
            <line number="52" hits="0" branch="false" />
            <line number="54" hits="2" branch="false" />
            <line number="57" hits="14967" branch="true" condition-coverage="100% (2/2)" />
            <line number="58" hits="14967" branch="false" />
            <line number="61" hits="29937" branch="true" condition-coverage="100% (2/2)" />
            <line number="62" hits="5" branch="false" />
            <line number="64" hits="2" branch="false" />
            <line number="65" hits="14968" branch="false" />
            <line number="67" hits="6" branch="false" />
            <line number="70" hits="14968" branch="false" />
            <line number="72" hits="14968" branch="false" />
            <line number="73" hits="14968" branch="true" condition-coverage="100% (2/2)" />
            <line number="74" hits="14968" branch="false" />
            <line number="75" hits="14968" branch="false" />
            <line number="76" hits="14968" branch="false" />
            <line number="77" hits="14968" branch="false" />
            <line number="78" hits="14968" branch="false" />
            <line number="80" hits="0" branch="false" />
            <line number="81" hits="0" branch="false" />
            <line number="82" hits="0" branch="false" />
            <line number="83" hits="0" branch="false" />
            <line number="84" hits="0" branch="false" />
            <line number="85" hits="0" branch="false" />
            <line number="86" hits="0" branch="false" />
            <line number="88" hits="14968" branch="false" />
          </lines>
        </class>
        <class name="DKNet.Svc.Transformation.TransformerService" filename="/home/runner/work/DKNet/DKNet/Services/DKNet.Svc.Transformation/TransformerService.cs" line-rate="0.9791666666666666" branch-rate="0.875" complexity="22">
          <methods>
            <method name="TryGetAndCacheValue" signature="(DKNet.Svc.Transformation.TokenExtractors.IToken,System.Object[])" line-rate="1" branch-rate="0.5" complexity="2">
              <lines>
                <line number="57" hits="14964" branch="true" condition-coverage="50% (1/2)" />
                <line number="58" hits="14964" branch="false" />
                <line number="59" hits="14964" branch="false" />
                <line number="60" hits="14964" branch="false" />
              </lines>
            </method>
            <method name="TryGetValue" signature="(DKNet.Svc.Transformation.TokenExtractors.IToken,System.Object[])" line-rate="1" branch-rate="1" complexity="6">
              <lines>
                <line number="85" hits="14964" branch="false" />
                <line number="86" hits="14964" branch="false" />
                <line number="88" hits="14964" branch="true" condition-coverage="100% (2/2)" />
                <line number="89" hits="14963" branch="false" />
                <line number="91" hits="14964" branch="true" condition-coverage="100% (4/4)" />
                <line number="92" hits="2" branch="false" />
                <line number="94" hits="14964" branch="false" />
                <line number="95" hits="14964" branch="false" />
              </lines>
            </method>
            <method name="ClearCache" signature="()" line-rate="0" branch-rate="1" complexity="1">
              <lines>
                <line number="97" hits="0" branch="false" />
              </lines>
            </method>
            <method name=".ctor" signature="(DKNet.Svc.Transformation.TransformOptions)" line-rate="1" branch-rate="1" complexity="1">
              <lines>
                <line number="8" hits="7" branch="false" />
                <line number="10" hits="7" branch="false" />
              </lines>
            </method>
            <method name="InternalTransformAsync" signature="()" line-rate="1" branch-rate="1" complexity="6">
              <lines>
                <line number="31" hits="7" branch="false" />
                <line number="32" hits="7" branch="false" />
                <line number="33" hits="7" branch="false" />
                <line number="35" hits="67352" branch="false" />
                <line number="36" hits="22444" branch="false" />
                <line number="37" hits="22444" branch="true" condition-coverage="100% (4/4)" />
                <line number="38" hits="22444" branch="false" />
                <line number="39" hits="22444" branch="false" />
                <line number="41" hits="22443" branch="false" />
                <line number="43" hits="22443" branch="false" />
                <line number="44" hits="22443" branch="false" />
                <line number="45" hits="22443" branch="false" />
                <line number="47" hits="6" branch="false" />
                <line number="48" hits="6" branch="false" />
              </lines>
            </method>
            <method name="TransformAsync" signature="()" line-rate="1" branch-rate="1" complexity="1">
              <lines>
                <line number="13" hits="6" branch="false" />
                <line number="14" hits="24" branch="false" />
                <line number="15" hits="6" branch="false" />
                <line number="16" hits="24" branch="false" />
                <line number="17" hits="6" branch="false" />
                <line number="18" hits="5" branch="false" />
              </lines>
            </method>
            <method name="TransformAsync" signature="()" line-rate="1" branch-rate="1" complexity="1">
              <lines>
                <line number="21" hits="1" branch="false" />
                <line number="22" hits="4" branch="false" />
                <line number="23" hits="1" branch="false" />
                <line number="24" hits="4" branch="false" />
                <line number="25" hits="1" branch="false" />
                <line number="26" hits="1" branch="false" />
              </lines>
            </method>
            <method name="TryGetAndCacheValueAsync" signature="()" line-rate="1" branch-rate="0.75" complexity="4">
              <lines>
                <line number="70" hits="22444" branch="false" />
                <line number="71" hits="37408" branch="true" condition-coverage="100% (2/2)" />
                <line number="72" hits="7480" branch="false" />
                <line number="73" hits="7480" branch="true" condition-coverage="50% (1/2)" />
                <line number="74" hits="7480" branch="false" />
                <line number="75" hits="7480" branch="false" />
                <line number="76" hits="22444" branch="false" />
              </lines>
            </method>
          </methods>
          <lines>
            <line number="8" hits="7" branch="false" />
            <line number="10" hits="7" branch="false" />
            <line number="13" hits="6" branch="false" />
            <line number="14" hits="24" branch="false" />
            <line number="15" hits="6" branch="false" />
            <line number="16" hits="24" branch="false" />
            <line number="17" hits="6" branch="false" />
            <line number="18" hits="5" branch="false" />
            <line number="21" hits="1" branch="false" />
            <line number="22" hits="4" branch="false" />
            <line number="23" hits="1" branch="false" />
            <line number="24" hits="4" branch="false" />
            <line number="25" hits="1" branch="false" />
            <line number="26" hits="1" branch="false" />
            <line number="31" hits="7" branch="false" />
            <line number="32" hits="7" branch="false" />
            <line number="33" hits="7" branch="false" />
            <line number="35" hits="67352" branch="false" />
            <line number="36" hits="22444" branch="false" />
            <line number="37" hits="22444" branch="true" condition-coverage="100% (4/4)" />
            <line number="38" hits="22444" branch="false" />
            <line number="39" hits="22444" branch="false" />
            <line number="41" hits="22443" branch="false" />
            <line number="43" hits="22443" branch="false" />
            <line number="44" hits="22443" branch="false" />
            <line number="45" hits="22443" branch="false" />
            <line number="47" hits="6" branch="false" />
            <line number="48" hits="6" branch="false" />
            <line number="57" hits="14964" branch="true" condition-coverage="50% (1/2)" />
            <line number="58" hits="14964" branch="false" />
            <line number="59" hits="14964" branch="false" />
            <line number="60" hits="14964" branch="false" />
            <line number="70" hits="22444" branch="false" />
            <line number="71" hits="37408" branch="true" condition-coverage="100% (2/2)" />
            <line number="72" hits="7480" branch="false" />
            <line number="73" hits="7480" branch="true" condition-coverage="50% (1/2)" />
            <line number="74" hits="7480" branch="false" />
            <line number="75" hits="7480" branch="false" />
            <line number="76" hits="22444" branch="false" />
            <line number="85" hits="14964" branch="false" />
            <line number="86" hits="14964" branch="false" />
            <line number="88" hits="14964" branch="true" condition-coverage="100% (2/2)" />
            <line number="89" hits="14963" branch="false" />
            <line number="91" hits="14964" branch="true" condition-coverage="100% (4/4)" />
            <line number="92" hits="2" branch="false" />
            <line number="94" hits="14964" branch="false" />
            <line number="95" hits="14964" branch="false" />
            <line number="97" hits="0" branch="false" />
          </lines>
        </class>
        <class name="DKNet.Svc.Transformation.TransformOptions" filename="/home/runner/work/DKNet/DKNet/Services/DKNet.Svc.Transformation/TransformOptions.cs" line-rate="1" branch-rate="1" complexity="5">
          <methods>
            <method name="get_DisabledLocalCache" signature="()" line-rate="1" branch-rate="1" complexity="1">
              <lines>
                <line number="12" hits="22452" branch="false" />
              </lines>
            </method>
            <method name="get_Formatter" signature="()" line-rate="1" branch-rate="1" complexity="1">
              <lines>
                <line number="17" hits="22450" branch="false" />
              </lines>
            </method>
            <method name="get_TokenExtractors" signature="()" line-rate="1" branch-rate="1" complexity="1">
              <lines>
                <line number="22" hits="14" branch="false" />
              </lines>
            </method>
            <method name="get_TokenResolver" signature="()" line-rate="1" branch-rate="1" complexity="1">
              <lines>
                <line number="27" hits="14972" branch="false" />
              </lines>
            </method>
            <method name="get_GlobalParameters" signature="()" line-rate="1" branch-rate="1" complexity="1">
              <lines>
                <line number="33" hits="12" branch="false" />
              </lines>
            </method>
          </methods>
          <lines>
            <line number="12" hits="22452" branch="false" />
            <line number="17" hits="22450" branch="false" />
            <line number="22" hits="14" branch="false" />
            <line number="27" hits="14972" branch="false" />
            <line number="33" hits="12" branch="false" />
          </lines>
        </class>
        <class name="Microsoft.Extensions.DependencyInjection.TransformSetup" filename="/home/runner/work/DKNet/DKNet/Services/DKNet.Svc.Transformation/TransformSetup.cs" line-rate="1" branch-rate="0.5" complexity="2">
          <methods>
            <method name="AddTransformerService" signature="(Microsoft.Extensions.DependencyInjection.IServiceCollection,System.Action`1&lt;DKNet.Svc.Transformation.TransformOptions&gt;)" line-rate="1" branch-rate="0.5" complexity="2">
              <lines>
                <line number="11" hits="1" branch="false" />
                <line number="12" hits="1" branch="false" />
                <line number="13" hits="1" branch="false" />
                <line number="14" hits="1" branch="true" condition-coverage="50% (1/2)" />
                <line number="15" hits="1" branch="false" />
                <line number="16" hits="1" branch="false" />
                <line number="17" hits="2" branch="false" />
              </lines>
            </method>
          </methods>
          <lines>
            <line number="11" hits="1" branch="false" />
            <line number="12" hits="1" branch="false" />
            <line number="13" hits="1" branch="false" />
            <line number="14" hits="1" branch="true" condition-coverage="50% (1/2)" />
            <line number="15" hits="1" branch="false" />
            <line number="16" hits="1" branch="false" />
            <line number="17" hits="2" branch="false" />
          </lines>
        </class>
      </classes>
    </package>
  </packages>
</coverage>